[INFO] Scanning for projects...
[INFO] 
[INFO] ----------------------------< com.wecp:cpm >----------------------------
[INFO] Building cpm 0.0.1-SNAPSHOT
[INFO] --------------------------------[ jar ]---------------------------------
[INFO] 
[INFO] --- maven-resources-plugin:3.2.0:resources (default-resources) @ cpm ---
[INFO] Using 'UTF-8' encoding to copy filtered resources.
[INFO] Using 'UTF-8' encoding to copy filtered properties files.
[INFO] Copying 1 resource
[INFO] Copying 0 resource
[INFO] 
[INFO] --- maven-compiler-plugin:3.8.1:compile (default-compile) @ cpm ---
[INFO] Nothing to compile - all classes are up to date
[INFO] 
[INFO] --- maven-resources-plugin:3.2.0:testResources (default-testResources) @ cpm ---
[INFO] Using 'UTF-8' encoding to copy filtered resources.
[INFO] Using 'UTF-8' encoding to copy filtered properties files.
[INFO] skip non existing resourceDirectory /home/ubuntu/root/src/test/resources
[INFO] 
[INFO] --- maven-compiler-plugin:3.8.1:testCompile (default-testCompile) @ cpm ---
[INFO] Changes detected - recompiling the module!
[INFO] Compiling 2 source files to /home/ubuntu/root/target/test-classes
[INFO] 
[INFO] --- maven-surefire-plugin:2.22.2:test (default-test) @ cpm ---
Downloading from central: https://repo.maven.apache.org/maven2/org/apache/maven/surefire/maven-surefire-common/2.22.2/maven-surefire-common-2.22.2.pom
Progress (1): 2.7/11 kBProgress (1): 5.5/11 kBProgress (1): 8.2/11 kBProgress (1): 11/11 kB Progress (1): 11 kB                      Downloaded from central: https://repo.maven.apache.org/maven2/org/apache/maven/surefire/maven-surefire-common/2.22.2/maven-surefire-common-2.22.2.pom (11 kB at 21 kB/s)
Downloading from central: https://repo.maven.apache.org/maven2/org/apache/maven/plugin-tools/maven-plugin-annotations/3.5.2/maven-plugin-annotations-3.5.2.pom
Progress (1): 1.6 kB                    Downloaded from central: https://repo.maven.apache.org/maven2/org/apache/maven/plugin-tools/maven-plugin-annotations/3.5.2/maven-plugin-annotations-3.5.2.pom (1.6 kB at 74 kB/s)
Downloading from central: https://repo.maven.apache.org/maven2/org/apache/maven/surefire/surefire-api/2.22.2/surefire-api-2.22.2.pom
Progress (1): 2.7/3.5 kBProgress (1): 3.5 kB                        Downloaded from central: https://repo.maven.apache.org/maven2/org/apache/maven/surefire/surefire-api/2.22.2/surefire-api-2.22.2.pom (3.5 kB at 107 kB/s)
Downloading from central: https://repo.maven.apache.org/maven2/org/apache/maven/surefire/surefire-logger-api/2.22.2/surefire-logger-api-2.22.2.pom
Progress (1): 2.0 kB                    Downloaded from central: https://repo.maven.apache.org/maven2/org/apache/maven/surefire/surefire-logger-api/2.22.2/surefire-logger-api-2.22.2.pom (2.0 kB at 73 kB/s)
Downloading from central: https://repo.maven.apache.org/maven2/org/apache/maven/surefire/surefire-booter/2.22.2/surefire-booter-2.22.2.pom
Progress (1): 2.7/7.5 kBProgress (1): 5.5/7.5 kBProgress (1): 7.5 kB                        Downloaded from central: https://repo.maven.apache.org/maven2/org/apache/maven/surefire/surefire-booter/2.22.2/surefire-booter-2.22.2.pom (7.5 kB at 219 kB/s)
Downloading from central: https://repo.maven.apache.org/maven2/junit/junit/4.12/junit-4.12.pom
Progress (1): 2.7/24 kBProgress (1): 5.5/24 kBProgress (1): 8.2/24 kBProgress (1): 11/24 kB Progress (1): 14/24 kBProgress (1): 16/24 kBProgress (1): 19/24 kBProgress (1): 22/24 kBProgress (1): 24 kB                      Downloaded from central: https://repo.maven.apache.org/maven2/junit/junit/4.12/junit-4.12.pom (24 kB at 592 kB/s)
Downloading from central: https://repo.maven.apache.org/maven2/org/hamcrest/hamcrest-core/1.3/hamcrest-core-1.3.pom
Progress (1): 766 B                   Downloaded from central: https://repo.maven.apache.org/maven2/org/hamcrest/hamcrest-core/1.3/hamcrest-core-1.3.pom (766 B at 27 kB/s)
Downloading from central: https://repo.maven.apache.org/maven2/org/hamcrest/hamcrest-parent/1.3/hamcrest-parent-1.3.pom
Progress (1): 2.0 kB                    Downloaded from central: https://repo.maven.apache.org/maven2/org/hamcrest/hamcrest-parent/1.3/hamcrest-parent-1.3.pom (2.0 kB at 73 kB/s)
Downloading from central: https://repo.maven.apache.org/maven2/classworlds/classworlds/1.1/classworlds-1.1.pom
Progress (1): 2.7/3.3 kBProgress (1): 3.3 kB                        Downloaded from central: https://repo.maven.apache.org/maven2/classworlds/classworlds/1.1/classworlds-1.1.pom (3.3 kB at 123 kB/s)
Downloading from central: https://repo.maven.apache.org/maven2/org/apache/maven/maven-toolchain/2.2.1/maven-toolchain-2.2.1.pom
Progress (1): 2.7/3.3 kBProgress (1): 3.3 kB                        Downloaded from central: https://repo.maven.apache.org/maven2/org/apache/maven/maven-toolchain/2.2.1/maven-toolchain-2.2.1.pom (3.3 kB at 134 kB/s)
Downloading from central: https://repo.maven.apache.org/maven2/com/thoughtworks/qdox/qdox/2.0-M8/qdox-2.0-M8.pom
Progress (1): 2.7/16 kBProgress (1): 5.5/16 kBProgress (1): 8.2/16 kBProgress (1): 11/16 kB Progress (1): 14/16 kBProgress (1): 16 kB                      Downloaded from central: https://repo.maven.apache.org/maven2/com/thoughtworks/qdox/qdox/2.0-M8/qdox-2.0-M8.pom (16 kB at 428 kB/s)
Downloading from central: https://repo.maven.apache.org/maven2/org/apache/maven/surefire/maven-surefire-common/2.22.2/maven-surefire-common-2.22.2.jar
Downloading from central: https://repo.maven.apache.org/maven2/org/apache/maven/maven-plugin-api/2.2.1/maven-plugin-api-2.2.1.jar
Downloading from central: https://repo.maven.apache.org/maven2/org/apache/maven/surefire/surefire-api/2.22.2/surefire-api-2.22.2.jar
Downloading from central: https://repo.maven.apache.org/maven2/org/apache/maven/plugin-tools/maven-plugin-annotations/3.5.2/maven-plugin-annotations-3.5.2.jar
Downloading from central: https://repo.maven.apache.org/maven2/org/apache/maven/surefire/surefire-logger-api/2.22.2/surefire-logger-api-2.22.2.jar
Progress (1): 2.7/528 kBProgress (1): 5.5/528 kBProgress (1): 8.2/528 kBProgress (1): 11/528 kB Progress (1): 14/528 kBProgress (1): 16/528 kBProgress (1): 19/528 kBProgress (1): 22/528 kBProgress (1): 25/528 kBProgress (1): 27/528 kBProgress (1): 30/528 kBProgress (1): 33/528 kBProgress (1): 36/528 kBProgress (1): 38/528 kBProgress (1): 41/528 kBProgress (1): 44/528 kBProgress (2): 44/528 kB | 2.7/14 kBProgress (3): 44/528 kB | 2.7/14 kB | 2.7/12 kBProgress (3): 44/528 kB | 2.7/14 kB | 5.5/12 kBProgress (3): 44/528 kB | 2.7/14 kB | 8.2/12 kBProgress (3): 44/528 kB | 2.7/14 kB | 11/12 kB Progress (3): 44/528 kB | 2.7/14 kB | 12 kB   Progress (4): 44/528 kB | 2.7/14 kB | 12 kB | 2.7/13 kBProgress (4): 47/528 kB | 2.7/14 kB | 12 kB | 2.7/13 kBProgress (4): 49/528 kB | 2.7/14 kB | 12 kB | 2.7/13 kBProgress (4): 49/528 kB | 5.5/14 kB | 12 kB | 2.7/13 kBProgress (5): 49/528 kB | 5.5/14 kB | 12 kB | 2.7/13 kB | 2.7/186 kBProgress (5): 49/528 kB | 5.5/14 kB | 12 kB | 2.7/13 kB | 5.5/186 kBProgress (5): 49/528 kB | 5.5/14 kB | 12 kB | 2.7/13 kB | 8.2/186 kBProgress (5): 49/528 kB | 5.5/14 kB | 12 kB | 2.7/13 kB | 11/186 kB Progress (5): 49/528 kB | 5.5/14 kB | 12 kB | 2.7/13 kB | 14/186 kBProgress (5): 49/528 kB | 5.5/14 kB | 12 kB | 2.7/13 kB | 16/186 kBProgress (5): 49/528 kB | 5.5/14 kB | 12 kB | 2.7/13 kB | 19/186 kBProgress (5): 52/528 kB | 5.5/14 kB | 12 kB | 2.7/13 kB | 19/186 kBProgress (5): 55/528 kB | 5.5/14 kB | 12 kB | 2.7/13 kB | 19/186 kBProgress (5): 58/528 kB | 5.5/14 kB | 12 kB | 2.7/13 kB | 19/186 kBProgress (5): 60/528 kB | 5.5/14 kB | 12 kB | 2.7/13 kB | 19/186 kBProgress (5): 60/528 kB | 5.5/14 kB | 12 kB | 5.5/13 kB | 19/186 kBProgress (5): 60/528 kB | 5.5/14 kB | 12 kB | 8.2/13 kB | 19/186 kBProgress (5): 60/528 kB | 5.5/14 kB | 12 kB | 11/13 kB | 19/186 kB Progress (5): 60/528 kB | 5.5/14 kB | 12 kB | 13 kB | 19/186 kB   Progress (5): 60/528 kB | 8.2/14 kB | 12 kB | 13 kB | 19/186 kBProgress (5): 60/528 kB | 11/14 kB | 12 kB | 13 kB | 19/186 kB Progress (5): 60/528 kB | 14/14 kB | 12 kB | 13 kB | 19/186 kBProgress (5): 60/528 kB | 14 kB | 12 kB | 13 kB | 19/186 kB                                                              Downloaded from central: https://repo.maven.apache.org/maven2/org/apache/maven/maven-plugin-api/2.2.1/maven-plugin-api-2.2.1.jar (12 kB at 77 kB/s)
Downloading from central: https://repo.maven.apache.org/maven2/org/apache/maven/surefire/surefire-booter/2.22.2/surefire-booter-2.22.2.jar
Progress (4): 60/528 kB | 14 kB | 13 kB | 22/186 kBProgress (4): 60/528 kB | 14 kB | 13 kB | 25/186 kBProgress (4): 63/528 kB | 14 kB | 13 kB | 25/186 kBProgress (4): 66/528 kB | 14 kB | 13 kB | 25/186 kBProgress (4): 69/528 kB | 14 kB | 13 kB | 25/186 kB                                                   Downloaded from central: https://repo.maven.apache.org/maven2/org/apache/maven/plugin-tools/maven-plugin-annotations/3.5.2/maven-plugin-annotations-3.5.2.jar (14 kB at 86 kB/s)
Downloaded from central: https://repo.maven.apache.org/maven2/org/apache/maven/surefire/surefire-logger-api/2.22.2/surefire-logger-api-2.22.2.jar (13 kB at 81 kB/s)
Progress (3): 69/528 kB | 25/186 kB | 2.7/274 kBProgress (3): 69/528 kB | 25/186 kB | 5.5/274 kBProgress (3): 69/528 kB | 27/186 kB | 5.5/274 kBProgress (3): 69/528 kB | 30/186 kB | 5.5/274 kBProgress (3): 69/528 kB | 33/186 kB | 5.5/274 kBProgress (3): 69/528 kB | 36/186 kB | 5.5/274 kB                                                Downloading from central: https://repo.maven.apache.org/maven2/org/codehaus/plexus/plexus-utils/1.5.15/plexus-utils-1.5.15.jar
Downloading from central: https://repo.maven.apache.org/maven2/org/apache/maven/maven-artifact/2.2.1/maven-artifact-2.2.1.jar
Progress (3): 69/528 kB | 36/186 kB | 8.2/274 kBProgress (3): 69/528 kB | 36/186 kB | 11/274 kB Progress (3): 69/528 kB | 36/186 kB | 14/274 kBProgress (4): 69/528 kB | 36/186 kB | 14/274 kB | 2.7/228 kBProgress (4): 69/528 kB | 36/186 kB | 14/274 kB | 5.5/228 kBProgress (5): 69/528 kB | 36/186 kB | 14/274 kB | 5.5/228 kB | 2.7/80 kBProgress (5): 71/528 kB | 36/186 kB | 14/274 kB | 5.5/228 kB | 2.7/80 kBProgress (5): 74/528 kB | 36/186 kB | 14/274 kB | 5.5/228 kB | 2.7/80 kBProgress (5): 77/528 kB | 36/186 kB | 14/274 kB | 5.5/228 kB | 2.7/80 kBProgress (5): 80/528 kB | 36/186 kB | 14/274 kB | 5.5/228 kB | 2.7/80 kBProgress (5): 80/528 kB | 36/186 kB | 16/274 kB | 5.5/228 kB | 2.7/80 kBProgress (5): 80/528 kB | 36/186 kB | 19/274 kB | 5.5/228 kB | 2.7/80 kBProgress (5): 80/528 kB | 36/186 kB | 22/274 kB | 5.5/228 kB | 2.7/80 kBProgress (5): 80/528 kB | 36/186 kB | 25/274 kB | 5.5/228 kB | 2.7/80 kBProgress (5): 80/528 kB | 36/186 kB | 27/274 kB | 5.5/228 kB | 2.7/80 kBProgress (5): 80/528 kB | 36/186 kB | 27/274 kB | 8.2/228 kB | 2.7/80 kBProgress (5): 80/528 kB | 38/186 kB | 27/274 kB | 8.2/228 kB | 2.7/80 kBProgress (5): 80/528 kB | 41/186 kB | 27/274 kB | 8.2/228 kB | 2.7/80 kBProgress (5): 80/528 kB | 44/186 kB | 27/274 kB | 8.2/228 kB | 2.7/80 kBProgress (5): 80/528 kB | 47/186 kB | 27/274 kB | 8.2/228 kB | 2.7/80 kBProgress (5): 80/528 kB | 47/186 kB | 27/274 kB | 8.2/228 kB | 5.5/80 kBProgress (5): 80/528 kB | 47/186 kB | 27/274 kB | 8.2/228 kB | 8.2/80 kBProgress (5): 80/528 kB | 47/186 kB | 27/274 kB | 8.2/228 kB | 11/80 kB Progress (5): 80/528 kB | 47/186 kB | 27/274 kB | 8.2/228 kB | 14/80 kBProgress (5): 82/528 kB | 47/186 kB | 27/274 kB | 8.2/228 kB | 14/80 kBProgress (5): 85/528 kB | 47/186 kB | 27/274 kB | 8.2/228 kB | 14/80 kBProgress (5): 88/528 kB | 47/186 kB | 27/274 kB | 8.2/228 kB | 14/80 kBProgress (5): 90/528 kB | 47/186 kB | 27/274 kB | 8.2/228 kB | 14/80 kBProgress (5): 90/528 kB | 47/186 kB | 27/274 kB | 11/228 kB | 14/80 kB Progress (5): 90/528 kB | 47/186 kB | 27/274 kB | 14/228 kB | 14/80 kBProgress (5): 90/528 kB | 47/186 kB | 27/274 kB | 16/228 kB | 14/80 kBProgress (5): 90/528 kB | 47/186 kB | 27/274 kB | 19/228 kB | 14/80 kBProgress (5): 90/528 kB | 47/186 kB | 27/274 kB | 22/228 kB | 14/80 kBProgress (5): 90/528 kB | 47/186 kB | 27/274 kB | 25/228 kB | 14/80 kBProgress (5): 90/528 kB | 47/186 kB | 30/274 kB | 25/228 kB | 14/80 kBProgress (5): 90/528 kB | 47/186 kB | 30/274 kB | 25/228 kB | 16/80 kBProgress (5): 90/528 kB | 47/186 kB | 30/274 kB | 25/228 kB | 19/80 kBProgress (5): 90/528 kB | 47/186 kB | 30/274 kB | 25/228 kB | 22/80 kBProgress (5): 90/528 kB | 47/186 kB | 30/274 kB | 25/228 kB | 25/80 kBProgress (5): 90/528 kB | 47/186 kB | 30/274 kB | 25/228 kB | 27/80 kBProgress (5): 90/528 kB | 49/186 kB | 30/274 kB | 25/228 kB | 27/80 kBProgress (5): 90/528 kB | 52/186 kB | 30/274 kB | 25/228 kB | 27/80 kBProgress (5): 90/528 kB | 55/186 kB | 30/274 kB | 25/228 kB | 27/80 kBProgress (5): 90/528 kB | 58/186 kB | 30/274 kB | 25/228 kB | 27/80 kBProgress (5): 90/528 kB | 58/186 kB | 30/274 kB | 27/228 kB | 27/80 kBProgress (5): 90/528 kB | 58/186 kB | 33/274 kB | 27/228 kB | 27/80 kBProgress (5): 90/528 kB | 58/186 kB | 36/274 kB | 27/228 kB | 27/80 kBProgress (5): 90/528 kB | 58/186 kB | 38/274 kB | 27/228 kB | 27/80 kBProgress (5): 90/528 kB | 58/186 kB | 41/274 kB | 27/228 kB | 27/80 kBProgress (5): 93/528 kB | 58/186 kB | 41/274 kB | 27/228 kB | 27/80 kBProgress (5): 96/528 kB | 58/186 kB | 41/274 kB | 27/228 kB | 27/80 kBProgress (5): 99/528 kB | 58/186 kB | 41/274 kB | 27/228 kB | 27/80 kBProgress (5): 101/528 kB | 58/186 kB | 41/274 kB | 27/228 kB | 27/80 kBProgress (5): 104/528 kB | 58/186 kB | 41/274 kB | 27/228 kB | 27/80 kBProgress (5): 107/528 kB | 58/186 kB | 41/274 kB | 27/228 kB | 27/80 kBProgress (5): 107/528 kB | 60/186 kB | 41/274 kB | 27/228 kB | 27/80 kBProgress (5): 107/528 kB | 63/186 kB | 41/274 kB | 27/228 kB | 27/80 kBProgress (5): 107/528 kB | 66/186 kB | 41/274 kB | 27/228 kB | 27/80 kBProgress (5): 107/528 kB | 69/186 kB | 41/274 kB | 27/228 kB | 27/80 kBProgress (5): 107/528 kB | 71/186 kB | 41/274 kB | 27/228 kB | 27/80 kBProgress (5): 107/528 kB | 71/186 kB | 41/274 kB | 27/228 kB | 30/80 kBProgress (5): 107/528 kB | 71/186 kB | 41/274 kB | 27/228 kB | 33/80 kBProgress (5): 107/528 kB | 71/186 kB | 41/274 kB | 27/228 kB | 36/80 kBProgress (5): 107/528 kB | 71/186 kB | 41/274 kB | 27/228 kB | 38/80 kBProgress (5): 107/528 kB | 71/186 kB | 41/274 kB | 27/228 kB | 41/80 kBProgress (5): 110/528 kB | 71/186 kB | 41/274 kB | 27/228 kB | 41/80 kBProgress (5): 110/528 kB | 71/186 kB | 44/274 kB | 27/228 kB | 41/80 kBProgress (5): 110/528 kB | 71/186 kB | 47/274 kB | 27/228 kB | 41/80 kBProgress (5): 110/528 kB | 71/186 kB | 49/274 kB | 27/228 kB | 41/80 kBProgress (5): 110/528 kB | 71/186 kB | 52/274 kB | 27/228 kB | 41/80 kBProgress (5): 110/528 kB | 71/186 kB | 55/274 kB | 27/228 kB | 41/80 kBProgress (5): 110/528 kB | 71/186 kB | 55/274 kB | 30/228 kB | 41/80 kBProgress (5): 110/528 kB | 71/186 kB | 55/274 kB | 33/228 kB | 41/80 kBProgress (5): 110/528 kB | 71/186 kB | 55/274 kB | 36/228 kB | 41/80 kBProgress (5): 110/528 kB | 71/186 kB | 55/274 kB | 38/228 kB | 41/80 kBProgress (5): 110/528 kB | 74/186 kB | 55/274 kB | 38/228 kB | 41/80 kBProgress (5): 112/528 kB | 74/186 kB | 55/274 kB | 38/228 kB | 41/80 kBProgress (5): 115/528 kB | 74/186 kB | 55/274 kB | 38/228 kB | 41/80 kBProgress (5): 118/528 kB | 74/186 kB | 55/274 kB | 38/228 kB | 41/80 kBProgress (5): 121/528 kB | 74/186 kB | 55/274 kB | 38/228 kB | 41/80 kBProgress (5): 123/528 kB | 74/186 kB | 55/274 kB | 38/228 kB | 41/80 kBProgress (5): 123/528 kB | 74/186 kB | 55/274 kB | 38/228 kB | 44/80 kBProgress (5): 123/528 kB | 74/186 kB | 55/274 kB | 38/228 kB | 47/80 kBProgress (5): 123/528 kB | 74/186 kB | 55/274 kB | 38/228 kB | 49/80 kBProgress (5): 123/528 kB | 74/186 kB | 55/274 kB | 38/228 kB | 52/80 kBProgress (5): 123/528 kB | 74/186 kB | 55/274 kB | 38/228 kB | 55/80 kBProgress (5): 123/528 kB | 74/186 kB | 55/274 kB | 38/228 kB | 58/80 kBProgress (5): 123/528 kB | 74/186 kB | 55/274 kB | 41/228 kB | 58/80 kBProgress (5): 123/528 kB | 74/186 kB | 55/274 kB | 44/228 kB | 58/80 kBProgress (5): 123/528 kB | 77/186 kB | 55/274 kB | 44/228 kB | 58/80 kBProgress (5): 123/528 kB | 80/186 kB | 55/274 kB | 44/228 kB | 58/80 kBProgress (5): 123/528 kB | 82/186 kB | 55/274 kB | 44/228 kB | 58/80 kBProgress (5): 123/528 kB | 85/186 kB | 55/274 kB | 44/228 kB | 58/80 kBProgress (5): 123/528 kB | 88/186 kB | 55/274 kB | 44/228 kB | 58/80 kBProgress (5): 123/528 kB | 90/186 kB | 55/274 kB | 44/228 kB | 58/80 kBProgress (5): 123/528 kB | 90/186 kB | 58/274 kB | 44/228 kB | 58/80 kBProgress (5): 123/528 kB | 90/186 kB | 60/274 kB | 44/228 kB | 58/80 kBProgress (5): 123/528 kB | 90/186 kB | 63/274 kB | 44/228 kB | 58/80 kBProgress (5): 123/528 kB | 90/186 kB | 66/274 kB | 44/228 kB | 58/80 kBProgress (5): 123/528 kB | 90/186 kB | 69/274 kB | 44/228 kB | 58/80 kBProgress (5): 123/528 kB | 90/186 kB | 69/274 kB | 44/228 kB | 60/80 kBProgress (5): 123/528 kB | 90/186 kB | 69/274 kB | 47/228 kB | 60/80 kBProgress (5): 123/528 kB | 90/186 kB | 69/274 kB | 49/228 kB | 60/80 kBProgress (5): 123/528 kB | 90/186 kB | 69/274 kB | 52/228 kB | 60/80 kBProgress (5): 123/528 kB | 90/186 kB | 69/274 kB | 55/228 kB | 60/80 kBProgress (5): 123/528 kB | 90/186 kB | 69/274 kB | 58/228 kB | 60/80 kBProgress (5): 126/528 kB | 90/186 kB | 69/274 kB | 58/228 kB | 60/80 kBProgress (5): 129/528 kB | 90/186 kB | 69/274 kB | 58/228 kB | 60/80 kBProgress (5): 132/528 kB | 90/186 kB | 69/274 kB | 58/228 kB | 60/80 kBProgress (5): 134/528 kB | 90/186 kB | 69/274 kB | 58/228 kB | 60/80 kBProgress (5): 137/528 kB | 90/186 kB | 69/274 kB | 58/228 kB | 60/80 kBProgress (5): 140/528 kB | 90/186 kB | 69/274 kB | 58/228 kB | 60/80 kBProgress (5): 143/528 kB | 90/186 kB | 69/274 kB | 58/228 kB | 60/80 kBProgress (5): 145/528 kB | 90/186 kB | 69/274 kB | 58/228 kB | 60/80 kBProgress (5): 148/528 kB | 90/186 kB | 69/274 kB | 58/228 kB | 60/80 kBProgress (5): 151/528 kB | 90/186 kB | 69/274 kB | 58/228 kB | 60/80 kBProgress (5): 151/528 kB | 90/186 kB | 71/274 kB | 58/228 kB | 60/80 kBProgress (5): 151/528 kB | 90/186 kB | 74/274 kB | 58/228 kB | 60/80 kBProgress (5): 151/528 kB | 93/186 kB | 74/274 kB | 58/228 kB | 60/80 kBProgress (5): 151/528 kB | 96/186 kB | 74/274 kB | 58/228 kB | 60/80 kBProgress (5): 151/528 kB | 96/186 kB | 74/274 kB | 58/228 kB | 63/80 kBProgress (5): 151/528 kB | 96/186 kB | 74/274 kB | 58/228 kB | 66/80 kBProgress (5): 151/528 kB | 96/186 kB | 74/274 kB | 58/228 kB | 69/80 kBProgress (5): 151/528 kB | 96/186 kB | 74/274 kB | 58/228 kB | 71/80 kBProgress (5): 151/528 kB | 96/186 kB | 74/274 kB | 58/228 kB | 74/80 kBProgress (5): 151/528 kB | 96/186 kB | 74/274 kB | 58/228 kB | 77/80 kBProgress (5): 151/528 kB | 96/186 kB | 74/274 kB | 58/228 kB | 80/80 kBProgress (5): 151/528 kB | 96/186 kB | 74/274 kB | 58/228 kB | 80 kB   Progress (5): 151/528 kB | 99/186 kB | 74/274 kB | 58/228 kB | 80 kBProgress (5): 151/528 kB | 101/186 kB | 74/274 kB | 58/228 kB | 80 kBProgress (5): 151/528 kB | 104/186 kB | 74/274 kB | 58/228 kB | 80 kBProgress (5): 151/528 kB | 107/186 kB | 74/274 kB | 58/228 kB | 80 kBProgress (5): 151/528 kB | 110/186 kB | 74/274 kB | 58/228 kB | 80 kBProgress (5): 151/528 kB | 112/186 kB | 74/274 kB | 58/228 kB | 80 kBProgress (5): 151/528 kB | 112/186 kB | 74/274 kB | 60/228 kB | 80 kBProgress (5): 151/528 kB | 112/186 kB | 74/274 kB | 63/228 kB | 80 kBProgress (5): 151/528 kB | 112/186 kB | 74/274 kB | 66/228 kB | 80 kBProgress (5): 151/528 kB | 112/186 kB | 74/274 kB | 69/228 kB | 80 kBProgress (5): 151/528 kB | 112/186 kB | 74/274 kB | 71/228 kB | 80 kBProgress (5): 151/528 kB | 112/186 kB | 74/274 kB | 74/228 kB | 80 kBProgress (5): 151/528 kB | 112/186 kB | 77/274 kB | 74/228 kB | 80 kBProgress (5): 151/528 kB | 112/186 kB | 80/274 kB | 74/228 kB | 80 kBProgress (5): 151/528 kB | 112/186 kB | 82/274 kB | 74/228 kB | 80 kBProgress (5): 151/528 kB | 112/186 kB | 85/274 kB | 74/228 kB | 80 kBProgress (5): 151/528 kB | 112/186 kB | 88/274 kB | 74/228 kB | 80 kBProgress (5): 151/528 kB | 112/186 kB | 90/274 kB | 74/228 kB | 80 kBProgress (5): 151/528 kB | 112/186 kB | 90/274 kB | 77/228 kB | 80 kBProgress (5): 151/528 kB | 112/186 kB | 93/274 kB | 77/228 kB | 80 kB                                                                     Downloaded from central: https://repo.maven.apache.org/maven2/org/apache/maven/maven-artifact/2.2.1/maven-artifact-2.2.1.jar (80 kB at 226 kB/s)
Progress (4): 151/528 kB | 112/186 kB | 96/274 kB | 77/228 kBProgress (4): 151/528 kB | 115/186 kB | 96/274 kB | 77/228 kBProgress (4): 151/528 kB | 118/186 kB | 96/274 kB | 77/228 kBProgress (4): 151/528 kB | 121/186 kB | 96/274 kB | 77/228 kBProgress (4): 151/528 kB | 123/186 kB | 96/274 kB | 77/228 kBProgress (4): 151/528 kB | 126/186 kB | 96/274 kB | 77/228 kBProgress (4): 151/528 kB | 129/186 kB | 96/274 kB | 77/228 kBProgress (4): 151/528 kB | 129/186 kB | 96/274 kB | 80/228 kBProgress (4): 151/528 kB | 129/186 kB | 96/274 kB | 82/228 kBProgress (4): 151/528 kB | 129/186 kB | 96/274 kB | 85/228 kBProgress (4): 151/528 kB | 129/186 kB | 96/274 kB | 88/228 kBProgress (4): 151/528 kB | 129/186 kB | 96/274 kB | 90/228 kBProgress (4): 151/528 kB | 129/186 kB | 96/274 kB | 93/228 kBProgress (4): 154/528 kB | 129/186 kB | 96/274 kB | 93/228 kBProgress (4): 156/528 kB | 129/186 kB | 96/274 kB | 93/228 kBProgress (4): 159/528 kB | 129/186 kB | 96/274 kB | 93/228 kBProgress (4): 162/528 kB | 129/186 kB | 96/274 kB | 93/228 kBProgress (4): 165/528 kB | 129/186 kB | 96/274 kB | 93/228 kBProgress (4): 167/528 kB | 129/186 kB | 96/274 kB | 93/228 kBProgress (4): 170/528 kB | 129/186 kB | 96/274 kB | 93/228 kB                                                             Downloading from central: https://repo.maven.apache.org/maven2/org/apache/maven/maven-plugin-descriptor/2.2.1/maven-plugin-descriptor-2.2.1.jar
Progress (4): 170/528 kB | 129/186 kB | 99/274 kB | 93/228 kBProgress (4): 170/528 kB | 129/186 kB | 101/274 kB | 93/228 kBProgress (4): 170/528 kB | 129/186 kB | 104/274 kB | 93/228 kBProgress (4): 170/528 kB | 129/186 kB | 107/274 kB | 93/228 kBProgress (4): 170/528 kB | 129/186 kB | 110/274 kB | 93/228 kBProgress (4): 170/528 kB | 129/186 kB | 112/274 kB | 93/228 kBProgress (4): 170/528 kB | 129/186 kB | 115/274 kB | 93/228 kBProgress (4): 170/528 kB | 129/186 kB | 118/274 kB | 93/228 kBProgress (4): 170/528 kB | 129/186 kB | 121/274 kB | 93/228 kBProgress (4): 170/528 kB | 129/186 kB | 121/274 kB | 96/228 kBProgress (4): 170/528 kB | 132/186 kB | 121/274 kB | 96/228 kBProgress (4): 170/528 kB | 134/186 kB | 121/274 kB | 96/228 kBProgress (4): 170/528 kB | 137/186 kB | 121/274 kB | 96/228 kBProgress (4): 170/528 kB | 140/186 kB | 121/274 kB | 96/228 kBProgress (4): 170/528 kB | 143/186 kB | 121/274 kB | 96/228 kBProgress (4): 170/528 kB | 145/186 kB | 121/274 kB | 96/228 kBProgress (4): 170/528 kB | 145/186 kB | 121/274 kB | 99/228 kBProgress (4): 170/528 kB | 145/186 kB | 121/274 kB | 101/228 kBProgress (4): 173/528 kB | 145/186 kB | 121/274 kB | 101/228 kBProgress (4): 175/528 kB | 145/186 kB | 121/274 kB | 101/228 kBProgress (4): 178/528 kB | 145/186 kB | 121/274 kB | 101/228 kBProgress (4): 181/528 kB | 145/186 kB | 121/274 kB | 101/228 kBProgress (4): 184/528 kB | 145/186 kB | 121/274 kB | 101/228 kBProgress (4): 186/528 kB | 145/186 kB | 121/274 kB | 101/228 kBProgress (4): 189/528 kB | 145/186 kB | 121/274 kB | 101/228 kBProgress (5): 189/528 kB | 145/186 kB | 121/274 kB | 101/228 kB | 2.7/39 kBProgress (5): 189/528 kB | 145/186 kB | 121/274 kB | 101/228 kB | 5.5/39 kBProgress (5): 189/528 kB | 145/186 kB | 121/274 kB | 101/228 kB | 8.2/39 kBProgress (5): 189/528 kB | 145/186 kB | 121/274 kB | 101/228 kB | 11/39 kB Progress (5): 189/528 kB | 145/186 kB | 121/274 kB | 101/228 kB | 14/39 kBProgress (5): 189/528 kB | 145/186 kB | 121/274 kB | 101/228 kB | 16/39 kBProgress (5): 189/528 kB | 148/186 kB | 121/274 kB | 101/228 kB | 16/39 kBProgress (5): 189/528 kB | 151/186 kB | 121/274 kB | 101/228 kB | 16/39 kBProgress (5): 189/528 kB | 154/186 kB | 121/274 kB | 101/228 kB | 16/39 kBProgress (5): 189/528 kB | 156/186 kB | 121/274 kB | 101/228 kB | 16/39 kBProgress (5): 189/528 kB | 159/186 kB | 121/274 kB | 101/228 kB | 16/39 kBProgress (5): 189/528 kB | 159/186 kB | 123/274 kB | 101/228 kB | 16/39 kBProgress (5): 189/528 kB | 159/186 kB | 126/274 kB | 101/228 kB | 16/39 kBProgress (5): 189/528 kB | 159/186 kB | 129/274 kB | 101/228 kB | 16/39 kBProgress (5): 189/528 kB | 159/186 kB | 132/274 kB | 101/228 kB | 16/39 kBProgress (5): 189/528 kB | 159/186 kB | 134/274 kB | 101/228 kB | 16/39 kBProgress (5): 189/528 kB | 159/186 kB | 137/274 kB | 101/228 kB | 16/39 kBProgress (5): 189/528 kB | 159/186 kB | 137/274 kB | 104/228 kB | 16/39 kBProgress (5): 189/528 kB | 159/186 kB | 137/274 kB | 107/228 kB | 16/39 kBProgress (5): 189/528 kB | 159/186 kB | 137/274 kB | 110/228 kB | 16/39 kBProgress (5): 189/528 kB | 159/186 kB | 137/274 kB | 112/228 kB | 16/39 kBProgress (5): 189/528 kB | 159/186 kB | 137/274 kB | 115/228 kB | 16/39 kBProgress (5): 189/528 kB | 159/186 kB | 137/274 kB | 118/228 kB | 16/39 kBProgress (5): 192/528 kB | 159/186 kB | 137/274 kB | 118/228 kB | 16/39 kBProgress (5): 195/528 kB | 159/186 kB | 137/274 kB | 118/228 kB | 16/39 kBProgress (5): 197/528 kB | 159/186 kB | 137/274 kB | 118/228 kB | 16/39 kBProgress (5): 197/528 kB | 159/186 kB | 137/274 kB | 118/228 kB | 19/39 kBProgress (5): 197/528 kB | 159/186 kB | 137/274 kB | 118/228 kB | 22/39 kBProgress (5): 197/528 kB | 159/186 kB | 137/274 kB | 118/228 kB | 25/39 kBProgress (5): 197/528 kB | 159/186 kB | 137/274 kB | 118/228 kB | 27/39 kBProgress (5): 197/528 kB | 159/186 kB | 137/274 kB | 118/228 kB | 30/39 kBProgress (5): 197/528 kB | 159/186 kB | 137/274 kB | 118/228 kB | 33/39 kBProgress (5): 197/528 kB | 159/186 kB | 137/274 kB | 118/228 kB | 36/39 kBProgress (5): 197/528 kB | 159/186 kB | 137/274 kB | 118/228 kB | 38/39 kBProgress (5): 197/528 kB | 159/186 kB | 140/274 kB | 118/228 kB | 38/39 kBProgress (5): 197/528 kB | 159/186 kB | 140/274 kB | 121/228 kB | 38/39 kBProgress (5): 197/528 kB | 159/186 kB | 140/274 kB | 123/228 kB | 38/39 kBProgress (5): 197/528 kB | 159/186 kB | 140/274 kB | 126/228 kB | 38/39 kBProgress (5): 197/528 kB | 159/186 kB | 140/274 kB | 129/228 kB | 38/39 kBProgress (5): 197/528 kB | 159/186 kB | 140/274 kB | 132/228 kB | 38/39 kBProgress (5): 197/528 kB | 159/186 kB | 140/274 kB | 134/228 kB | 38/39 kBProgress (5): 197/528 kB | 162/186 kB | 140/274 kB | 134/228 kB | 38/39 kBProgress (5): 197/528 kB | 165/186 kB | 140/274 kB | 134/228 kB | 38/39 kBProgress (5): 197/528 kB | 167/186 kB | 140/274 kB | 134/228 kB | 38/39 kBProgress (5): 197/528 kB | 170/186 kB | 140/274 kB | 134/228 kB | 38/39 kBProgress (5): 197/528 kB | 173/186 kB | 140/274 kB | 134/228 kB | 38/39 kBProgress (5): 197/528 kB | 175/186 kB | 140/274 kB | 134/228 kB | 38/39 kBProgress (5): 200/528 kB | 175/186 kB | 140/274 kB | 134/228 kB | 38/39 kBProgress (5): 203/528 kB | 175/186 kB | 140/274 kB | 134/228 kB | 38/39 kBProgress (5): 206/528 kB | 175/186 kB | 140/274 kB | 134/228 kB | 38/39 kBProgress (5): 208/528 kB | 175/186 kB | 140/274 kB | 134/228 kB | 38/39 kBProgress (5): 211/528 kB | 175/186 kB | 140/274 kB | 134/228 kB | 38/39 kBProgress (5): 214/528 kB | 175/186 kB | 140/274 kB | 134/228 kB | 38/39 kBProgress (5): 214/528 kB | 175/186 kB | 140/274 kB | 137/228 kB | 38/39 kBProgress (5): 214/528 kB | 175/186 kB | 143/274 kB | 137/228 kB | 38/39 kBProgress (5): 214/528 kB | 175/186 kB | 145/274 kB | 137/228 kB | 38/39 kBProgress (5): 214/528 kB | 175/186 kB | 148/274 kB | 137/228 kB | 38/39 kBProgress (5): 214/528 kB | 175/186 kB | 151/274 kB | 137/228 kB | 38/39 kBProgress (5): 214/528 kB | 175/186 kB | 154/274 kB | 137/228 kB | 38/39 kBProgress (5): 214/528 kB | 175/186 kB | 154/274 kB | 140/228 kB | 38/39 kBProgress (5): 214/528 kB | 175/186 kB | 154/274 kB | 143/228 kB | 38/39 kBProgress (5): 214/528 kB | 175/186 kB | 154/274 kB | 145/228 kB | 38/39 kBProgress (5): 214/528 kB | 175/186 kB | 154/274 kB | 148/228 kB | 38/39 kBProgress (5): 214/528 kB | 175/186 kB | 154/274 kB | 151/228 kB | 38/39 kBProgress (5): 214/528 kB | 175/186 kB | 154/274 kB | 154/228 kB | 38/39 kBProgress (5): 214/528 kB | 175/186 kB | 154/274 kB | 154/228 kB | 39 kB   Progress (5): 214/528 kB | 178/186 kB | 154/274 kB | 154/228 kB | 39 kBProgress (5): 214/528 kB | 181/186 kB | 154/274 kB | 154/228 kB | 39 kBProgress (5): 214/528 kB | 184/186 kB | 154/274 kB | 154/228 kB | 39 kBProgress (5): 214/528 kB | 186 kB | 154/274 kB | 154/228 kB | 39 kB    Progress (5): 214/528 kB | 186 kB | 156/274 kB | 154/228 kB | 39 kBProgress (5): 214/528 kB | 186 kB | 159/274 kB | 154/228 kB | 39 kBProgress (5): 214/528 kB | 186 kB | 162/274 kB | 154/228 kB | 39 kBProgress (5): 214/528 kB | 186 kB | 165/274 kB | 154/228 kB | 39 kBProgress (5): 214/528 kB | 186 kB | 167/274 kB | 154/228 kB | 39 kBProgress (5): 214/528 kB | 186 kB | 170/274 kB | 154/228 kB | 39 kBProgress (5): 217/528 kB | 186 kB | 170/274 kB | 154/228 kB | 39 kBProgress (5): 219/528 kB | 186 kB | 170/274 kB | 154/228 kB | 39 kBProgress (5): 222/528 kB | 186 kB | 170/274 kB | 154/228 kB | 39 kBProgress (5): 225/528 kB | 186 kB | 170/274 kB | 154/228 kB | 39 kBProgress (5): 228/528 kB | 186 kB | 170/274 kB | 154/228 kB | 39 kBProgress (5): 230/528 kB | 186 kB | 170/274 kB | 154/228 kB | 39 kBProgress (5): 233/528 kB | 186 kB | 170/274 kB | 154/228 kB | 39 kBProgress (5): 236/528 kB | 186 kB | 170/274 kB | 154/228 kB | 39 kBProgress (5): 236/528 kB | 186 kB | 173/274 kB | 154/228 kB | 39 kBProgress (5): 236/528 kB | 186 kB | 175/274 kB | 154/228 kB | 39 kBProgress (5): 236/528 kB | 186 kB | 178/274 kB | 154/228 kB | 39 kBProgress (5): 236/528 kB | 186 kB | 181/274 kB | 154/228 kB | 39 kBProgress (5): 236/528 kB | 186 kB | 184/274 kB | 154/228 kB | 39 kB                                                                   Downloaded from central: https://repo.maven.apache.org/maven2/org/apache/maven/maven-plugin-descriptor/2.2.1/maven-plugin-descriptor-2.2.1.jar (39 kB at 78 kB/s)
Downloading from central: https://repo.maven.apache.org/maven2/junit/junit/4.12/junit-4.12.jar
Progress (4): 236/528 kB | 186 kB | 184/274 kB | 156/228 kBProgress (4): 236/528 kB | 186 kB | 184/274 kB | 159/228 kBProgress (4): 236/528 kB | 186 kB | 184/274 kB | 162/228 kBProgress (4): 236/528 kB | 186 kB | 184/274 kB | 165/228 kBProgress (4): 236/528 kB | 186 kB | 184/274 kB | 167/228 kBProgress (4): 236/528 kB | 186 kB | 184/274 kB | 170/228 kBProgress (4): 236/528 kB | 186 kB | 184/274 kB | 173/228 kB                                                           Downloaded from central: https://repo.maven.apache.org/maven2/org/apache/maven/surefire/surefire-api/2.22.2/surefire-api-2.22.2.jar (186 kB at 356 kB/s)
Downloading from central: https://repo.maven.apache.org/maven2/org/hamcrest/hamcrest-core/1.3/hamcrest-core-1.3.jar
Progress (3): 239/528 kB | 184/274 kB | 173/228 kBProgress (3): 241/528 kB | 184/274 kB | 173/228 kBProgress (3): 244/528 kB | 184/274 kB | 173/228 kBProgress (3): 247/528 kB | 184/274 kB | 173/228 kBProgress (3): 250/528 kB | 184/274 kB | 173/228 kBProgress (3): 252/528 kB | 184/274 kB | 173/228 kBProgress (3): 255/528 kB | 184/274 kB | 173/228 kBProgress (3): 258/528 kB | 184/274 kB | 173/228 kBProgress (3): 260/528 kB | 184/274 kB | 173/228 kBProgress (3): 260/528 kB | 186/274 kB | 173/228 kBProgress (3): 260/528 kB | 189/274 kB | 173/228 kBProgress (3): 260/528 kB | 192/274 kB | 173/228 kBProgress (3): 260/528 kB | 195/274 kB | 173/228 kBProgress (3): 260/528 kB | 197/274 kB | 173/228 kBProgress (4): 260/528 kB | 197/274 kB | 173/228 kB | 2.7/45 kBProgress (4): 260/528 kB | 197/274 kB | 173/228 kB | 5.5/45 kBProgress (4): 260/528 kB | 197/274 kB | 175/228 kB | 5.5/45 kBProgress (5): 260/528 kB | 197/274 kB | 175/228 kB | 5.5/45 kB | 2.7/315 kBProgress (5): 260/528 kB | 197/274 kB | 175/228 kB | 5.5/45 kB | 5.5/315 kBProgress (5): 260/528 kB | 197/274 kB | 175/228 kB | 5.5/45 kB | 8.2/315 kBProgress (5): 260/528 kB | 197/274 kB | 175/228 kB | 5.5/45 kB | 11/315 kB Progress (5): 260/528 kB | 197/274 kB | 175/228 kB | 5.5/45 kB | 14/315 kBProgress (5): 260/528 kB | 197/274 kB | 175/228 kB | 5.5/45 kB | 16/315 kBProgress (5): 260/528 kB | 197/274 kB | 178/228 kB | 5.5/45 kB | 16/315 kBProgress (5): 260/528 kB | 197/274 kB | 181/228 kB | 5.5/45 kB | 16/315 kBProgress (5): 260/528 kB | 197/274 kB | 184/228 kB | 5.5/45 kB | 16/315 kBProgress (5): 260/528 kB | 197/274 kB | 186/228 kB | 5.5/45 kB | 16/315 kBProgress (5): 260/528 kB | 197/274 kB | 189/228 kB | 5.5/45 kB | 16/315 kBProgress (5): 260/528 kB | 197/274 kB | 192/228 kB | 5.5/45 kB | 16/315 kBProgress (5): 260/528 kB | 197/274 kB | 195/228 kB | 5.5/45 kB | 16/315 kBProgress (5): 260/528 kB | 197/274 kB | 197/228 kB | 5.5/45 kB | 16/315 kBProgress (5): 260/528 kB | 197/274 kB | 200/228 kB | 5.5/45 kB | 16/315 kBProgress (5): 260/528 kB | 197/274 kB | 203/228 kB | 5.5/45 kB | 16/315 kBProgress (5): 260/528 kB | 197/274 kB | 203/228 kB | 5.5/45 kB | 19/315 kBProgress (5): 260/528 kB | 197/274 kB | 203/228 kB | 5.5/45 kB | 22/315 kBProgress (5): 260/528 kB | 197/274 kB | 203/228 kB | 5.5/45 kB | 25/315 kBProgress (5): 260/528 kB | 197/274 kB | 203/228 kB | 5.5/45 kB | 27/315 kBProgress (5): 260/528 kB | 197/274 kB | 203/228 kB | 5.5/45 kB | 30/315 kBProgress (5): 260/528 kB | 197/274 kB | 203/228 kB | 5.5/45 kB | 33/315 kBProgress (5): 260/528 kB | 197/274 kB | 203/228 kB | 5.5/45 kB | 36/315 kBProgress (5): 263/528 kB | 197/274 kB | 203/228 kB | 5.5/45 kB | 36/315 kBProgress (5): 266/528 kB | 197/274 kB | 203/228 kB | 5.5/45 kB | 36/315 kBProgress (5): 269/528 kB | 197/274 kB | 203/228 kB | 5.5/45 kB | 36/315 kBProgress (5): 271/528 kB | 197/274 kB | 203/228 kB | 5.5/45 kB | 36/315 kBProgress (5): 274/528 kB | 197/274 kB | 203/228 kB | 5.5/45 kB | 36/315 kBProgress (5): 277/528 kB | 197/274 kB | 203/228 kB | 5.5/45 kB | 36/315 kBProgress (5): 277/528 kB | 200/274 kB | 203/228 kB | 5.5/45 kB | 36/315 kBProgress (5): 277/528 kB | 203/274 kB | 203/228 kB | 5.5/45 kB | 36/315 kBProgress (5): 277/528 kB | 206/274 kB | 203/228 kB | 5.5/45 kB | 36/315 kBProgress (5): 277/528 kB | 208/274 kB | 203/228 kB | 5.5/45 kB | 36/315 kBProgress (5): 277/528 kB | 211/274 kB | 203/228 kB | 5.5/45 kB | 36/315 kBProgress (5): 277/528 kB | 214/274 kB | 203/228 kB | 5.5/45 kB | 36/315 kBProgress (5): 277/528 kB | 217/274 kB | 203/228 kB | 5.5/45 kB | 36/315 kBProgress (5): 277/528 kB | 217/274 kB | 203/228 kB | 8.2/45 kB | 36/315 kBProgress (5): 277/528 kB | 217/274 kB | 203/228 kB | 11/45 kB | 36/315 kB Progress (5): 277/528 kB | 217/274 kB | 203/228 kB | 14/45 kB | 36/315 kBProgress (5): 277/528 kB | 217/274 kB | 203/228 kB | 16/45 kB | 36/315 kBProgress (5): 277/528 kB | 217/274 kB | 203/228 kB | 19/45 kB | 36/315 kBProgress (5): 277/528 kB | 217/274 kB | 203/228 kB | 22/45 kB | 36/315 kBProgress (5): 277/528 kB | 217/274 kB | 203/228 kB | 25/45 kB | 36/315 kBProgress (5): 277/528 kB | 217/274 kB | 206/228 kB | 25/45 kB | 36/315 kBProgress (5): 277/528 kB | 217/274 kB | 208/228 kB | 25/45 kB | 36/315 kBProgress (5): 277/528 kB | 217/274 kB | 211/228 kB | 25/45 kB | 36/315 kBProgress (5): 277/528 kB | 217/274 kB | 214/228 kB | 25/45 kB | 36/315 kBProgress (5): 277/528 kB | 217/274 kB | 214/228 kB | 25/45 kB | 38/315 kBProgress (5): 277/528 kB | 217/274 kB | 214/228 kB | 25/45 kB | 41/315 kBProgress (5): 277/528 kB | 217/274 kB | 214/228 kB | 25/45 kB | 44/315 kBProgress (5): 277/528 kB | 217/274 kB | 214/228 kB | 25/45 kB | 47/315 kBProgress (5): 277/528 kB | 217/274 kB | 214/228 kB | 25/45 kB | 49/315 kBProgress (5): 277/528 kB | 217/274 kB | 214/228 kB | 25/45 kB | 52/315 kBProgress (5): 277/528 kB | 217/274 kB | 214/228 kB | 25/45 kB | 55/315 kBProgress (5): 277/528 kB | 217/274 kB | 214/228 kB | 25/45 kB | 58/315 kBProgress (5): 277/528 kB | 217/274 kB | 214/228 kB | 25/45 kB | 60/315 kBProgress (5): 277/528 kB | 217/274 kB | 214/228 kB | 27/45 kB | 60/315 kBProgress (5): 277/528 kB | 217/274 kB | 214/228 kB | 30/45 kB | 60/315 kBProgress (5): 277/528 kB | 217/274 kB | 214/228 kB | 33/45 kB | 60/315 kBProgress (5): 277/528 kB | 217/274 kB | 214/228 kB | 36/45 kB | 60/315 kBProgress (5): 277/528 kB | 217/274 kB | 214/228 kB | 38/45 kB | 60/315 kBProgress (5): 277/528 kB | 217/274 kB | 214/228 kB | 41/45 kB | 60/315 kBProgress (5): 277/528 kB | 217/274 kB | 214/228 kB | 44/45 kB | 60/315 kBProgress (5): 277/528 kB | 219/274 kB | 214/228 kB | 44/45 kB | 60/315 kBProgress (5): 277/528 kB | 222/274 kB | 214/228 kB | 44/45 kB | 60/315 kBProgress (5): 277/528 kB | 225/274 kB | 214/228 kB | 44/45 kB | 60/315 kBProgress (5): 277/528 kB | 228/274 kB | 214/228 kB | 44/45 kB | 60/315 kBProgress (5): 280/528 kB | 228/274 kB | 214/228 kB | 44/45 kB | 60/315 kBProgress (5): 282/528 kB | 228/274 kB | 214/228 kB | 44/45 kB | 60/315 kBProgress (5): 285/528 kB | 228/274 kB | 214/228 kB | 44/45 kB | 60/315 kBProgress (5): 288/528 kB | 228/274 kB | 214/228 kB | 44/45 kB | 60/315 kBProgress (5): 291/528 kB | 228/274 kB | 214/228 kB | 44/45 kB | 60/315 kBProgress (5): 293/528 kB | 228/274 kB | 214/228 kB | 44/45 kB | 60/315 kBProgress (5): 296/528 kB | 228/274 kB | 214/228 kB | 44/45 kB | 60/315 kBProgress (5): 299/528 kB | 228/274 kB | 214/228 kB | 44/45 kB | 60/315 kBProgress (5): 302/528 kB | 228/274 kB | 214/228 kB | 44/45 kB | 60/315 kBProgress (5): 302/528 kB | 228/274 kB | 217/228 kB | 44/45 kB | 60/315 kBProgress (5): 302/528 kB | 228/274 kB | 219/228 kB | 44/45 kB | 60/315 kBProgress (5): 302/528 kB | 228/274 kB | 222/228 kB | 44/45 kB | 60/315 kBProgress (5): 302/528 kB | 228/274 kB | 225/228 kB | 44/45 kB | 60/315 kBProgress (5): 302/528 kB | 228/274 kB | 228/228 kB | 44/45 kB | 60/315 kBProgress (5): 302/528 kB | 228/274 kB | 228 kB | 44/45 kB | 60/315 kB    Progress (5): 302/528 kB | 230/274 kB | 228 kB | 44/45 kB | 60/315 kBProgress (5): 302/528 kB | 233/274 kB | 228 kB | 44/45 kB | 60/315 kBProgress (5): 302/528 kB | 236/274 kB | 228 kB | 44/45 kB | 60/315 kBProgress (5): 302/528 kB | 239/274 kB | 228 kB | 44/45 kB | 60/315 kBProgress (5): 302/528 kB | 241/274 kB | 228 kB | 44/45 kB | 60/315 kBProgress (5): 302/528 kB | 244/274 kB | 228 kB | 44/45 kB | 60/315 kBProgress (5): 302/528 kB | 247/274 kB | 228 kB | 44/45 kB | 60/315 kBProgress (5): 302/528 kB | 250/274 kB | 228 kB | 44/45 kB | 60/315 kBProgress (5): 302/528 kB | 252/274 kB | 228 kB | 44/45 kB | 60/315 kBProgress (5): 302/528 kB | 255/274 kB | 228 kB | 44/45 kB | 60/315 kBProgress (5): 302/528 kB | 258/274 kB | 228 kB | 44/45 kB | 60/315 kBProgress (5): 302/528 kB | 260/274 kB | 228 kB | 44/45 kB | 60/315 kBProgress (5): 304/528 kB | 260/274 kB | 228 kB | 44/45 kB | 60/315 kBProgress (5): 307/528 kB | 260/274 kB | 228 kB | 44/45 kB | 60/315 kBProgress (5): 310/528 kB | 260/274 kB | 228 kB | 44/45 kB | 60/315 kBProgress (5): 313/528 kB | 260/274 kB | 228 kB | 44/45 kB | 60/315 kBProgress (5): 315/528 kB | 260/274 kB | 228 kB | 44/45 kB | 60/315 kBProgress (5): 318/528 kB | 260/274 kB | 228 kB | 44/45 kB | 60/315 kBProgress (5): 321/528 kB | 260/274 kB | 228 kB | 44/45 kB | 60/315 kBProgress (5): 321/528 kB | 260/274 kB | 228 kB | 44/45 kB | 63/315 kBProgress (5): 321/528 kB | 260/274 kB | 228 kB | 44/45 kB | 66/315 kBProgress (5): 321/528 kB | 260/274 kB | 228 kB | 44/45 kB | 69/315 kBProgress (5): 321/528 kB | 260/274 kB | 228 kB | 44/45 kB | 71/315 kBProgress (5): 321/528 kB | 260/274 kB | 228 kB | 44/45 kB | 74/315 kBProgress (5): 321/528 kB | 260/274 kB | 228 kB | 45 kB | 74/315 kB   Progress (5): 324/528 kB | 260/274 kB | 228 kB | 45 kB | 74/315 kBProgress (5): 326/528 kB | 260/274 kB | 228 kB | 45 kB | 74/315 kBProgress (5): 329/528 kB | 260/274 kB | 228 kB | 45 kB | 74/315 kBProgress (5): 332/528 kB | 260/274 kB | 228 kB | 45 kB | 74/315 kBProgress (5): 335/528 kB | 260/274 kB | 228 kB | 45 kB | 74/315 kBProgress (5): 335/528 kB | 263/274 kB | 228 kB | 45 kB | 74/315 kBProgress (5): 335/528 kB | 266/274 kB | 228 kB | 45 kB | 74/315 kBProgress (5): 335/528 kB | 269/274 kB | 228 kB | 45 kB | 74/315 kBProgress (5): 335/528 kB | 271/274 kB | 228 kB | 45 kB | 74/315 kBProgress (5): 335/528 kB | 274 kB | 228 kB | 45 kB | 74/315 kB                                                                  Downloaded from central: https://repo.maven.apache.org/maven2/org/codehaus/plexus/plexus-utils/1.5.15/plexus-utils-1.5.15.jar (228 kB at 346 kB/s)
Downloading from central: https://repo.maven.apache.org/maven2/org/apache/maven/maven-project/2.2.1/maven-project-2.2.1.jar
Progress (4): 337/528 kB | 274 kB | 45 kB | 74/315 kBProgress (4): 340/528 kB | 274 kB | 45 kB | 74/315 kBProgress (4): 340/528 kB | 274 kB | 45 kB | 77/315 kBProgress (4): 340/528 kB | 274 kB | 45 kB | 80/315 kBProgress (5): 340/528 kB | 274 kB | 45 kB | 80/315 kB | 2.7/156 kBProgress (5): 340/528 kB | 274 kB | 45 kB | 80/315 kB | 5.5/156 kBProgress (5): 340/528 kB | 274 kB | 45 kB | 80/315 kB | 8.2/156 kBProgress (5): 340/528 kB | 274 kB | 45 kB | 80/315 kB | 11/156 kB Progress (5): 340/528 kB | 274 kB | 45 kB | 80/315 kB | 14/156 kBProgress (5): 340/528 kB | 274 kB | 45 kB | 80/315 kB | 16/156 kB                                                                 Downloaded from central: https://repo.maven.apache.org/maven2/org/apache/maven/surefire/surefire-booter/2.22.2/surefire-booter-2.22.2.jar (274 kB at 402 kB/s)
Downloading from central: https://repo.maven.apache.org/maven2/org/apache/maven/maven-settings/2.2.1/maven-settings-2.2.1.jar
Progress (4): 343/528 kB | 45 kB | 80/315 kB | 16/156 kBProgress (4): 345/528 kB | 45 kB | 80/315 kB | 16/156 kBProgress (4): 348/528 kB | 45 kB | 80/315 kB | 16/156 kBProgress (4): 351/528 kB | 45 kB | 80/315 kB | 16/156 kBProgress (4): 351/528 kB | 45 kB | 82/315 kB | 16/156 kBProgress (4): 351/528 kB | 45 kB | 85/315 kB | 16/156 kBProgress (4): 351/528 kB | 45 kB | 88/315 kB | 16/156 kBProgress (4): 351/528 kB | 45 kB | 90/315 kB | 16/156 kBProgress (4): 351/528 kB | 45 kB | 93/315 kB | 16/156 kBProgress (4): 351/528 kB | 45 kB | 96/315 kB | 16/156 kBProgress (4): 351/528 kB | 45 kB | 99/315 kB | 16/156 kBProgress (4): 351/528 kB | 45 kB | 101/315 kB | 16/156 kB                                                         Downloaded from central: https://repo.maven.apache.org/maven2/org/hamcrest/hamcrest-core/1.3/hamcrest-core-1.3.jar (45 kB at 65 kB/s)
Downloading from central: https://repo.maven.apache.org/maven2/org/apache/maven/maven-profile/2.2.1/maven-profile-2.2.1.jar
Progress (3): 354/528 kB | 101/315 kB | 16/156 kBProgress (3): 356/528 kB | 101/315 kB | 16/156 kBProgress (3): 359/528 kB | 101/315 kB | 16/156 kBProgress (3): 362/528 kB | 101/315 kB | 16/156 kBProgress (3): 365/528 kB | 101/315 kB | 16/156 kBProgress (3): 365/528 kB | 101/315 kB | 19/156 kBProgress (3): 365/528 kB | 101/315 kB | 22/156 kBProgress (3): 365/528 kB | 101/315 kB | 25/156 kBProgress (3): 365/528 kB | 101/315 kB | 27/156 kBProgress (3): 365/528 kB | 101/315 kB | 30/156 kBProgress (3): 365/528 kB | 101/315 kB | 33/156 kBProgress (4): 365/528 kB | 101/315 kB | 33/156 kB | 4.1/49 kBProgress (4): 365/528 kB | 101/315 kB | 33/156 kB | 8.2/49 kBProgress (4): 365/528 kB | 101/315 kB | 33/156 kB | 12/49 kB Progress (4): 365/528 kB | 101/315 kB | 33/156 kB | 16/49 kBProgress (4): 365/528 kB | 101/315 kB | 33/156 kB | 20/49 kBProgress (4): 365/528 kB | 101/315 kB | 33/156 kB | 25/49 kBProgress (4): 365/528 kB | 101/315 kB | 33/156 kB | 29/49 kBProgress (4): 365/528 kB | 101/315 kB | 33/156 kB | 33/49 kBProgress (4): 365/528 kB | 101/315 kB | 33/156 kB | 37/49 kBProgress (4): 367/528 kB | 101/315 kB | 33/156 kB | 37/49 kBProgress (4): 370/528 kB | 101/315 kB | 33/156 kB | 37/49 kBProgress (4): 373/528 kB | 101/315 kB | 33/156 kB | 37/49 kBProgress (4): 376/528 kB | 101/315 kB | 33/156 kB | 37/49 kBProgress (4): 378/528 kB | 101/315 kB | 33/156 kB | 37/49 kBProgress (4): 378/528 kB | 104/315 kB | 33/156 kB | 37/49 kBProgress (4): 378/528 kB | 107/315 kB | 33/156 kB | 37/49 kBProgress (4): 378/528 kB | 110/315 kB | 33/156 kB | 37/49 kBProgress (5): 378/528 kB | 110/315 kB | 33/156 kB | 37/49 kB | 4.1/35 kBProgress (5): 378/528 kB | 110/315 kB | 33/156 kB | 37/49 kB | 8.2/35 kBProgress (5): 378/528 kB | 110/315 kB | 33/156 kB | 37/49 kB | 12/35 kB Progress (5): 378/528 kB | 110/315 kB | 33/156 kB | 37/49 kB | 16/35 kBProgress (5): 378/528 kB | 110/315 kB | 33/156 kB | 37/49 kB | 20/35 kBProgress (5): 378/528 kB | 110/315 kB | 33/156 kB | 37/49 kB | 25/35 kBProgress (5): 378/528 kB | 110/315 kB | 33/156 kB | 37/49 kB | 29/35 kBProgress (5): 378/528 kB | 110/315 kB | 33/156 kB | 37/49 kB | 33/35 kBProgress (5): 378/528 kB | 110/315 kB | 33/156 kB | 37/49 kB | 35 kB   Progress (5): 378/528 kB | 112/315 kB | 33/156 kB | 37/49 kB | 35 kBProgress (5): 378/528 kB | 115/315 kB | 33/156 kB | 37/49 kB | 35 kBProgress (5): 378/528 kB | 118/315 kB | 33/156 kB | 37/49 kB | 35 kBProgress (5): 378/528 kB | 121/315 kB | 33/156 kB | 37/49 kB | 35 kBProgress (5): 378/528 kB | 123/315 kB | 33/156 kB | 37/49 kB | 35 kBProgress (5): 378/528 kB | 126/315 kB | 33/156 kB | 37/49 kB | 35 kBProgress (5): 378/528 kB | 129/315 kB | 33/156 kB | 37/49 kB | 35 kBProgress (5): 378/528 kB | 132/315 kB | 33/156 kB | 37/49 kB | 35 kBProgress (5): 378/528 kB | 132/315 kB | 36/156 kB | 37/49 kB | 35 kBProgress (5): 378/528 kB | 132/315 kB | 38/156 kB | 37/49 kB | 35 kBProgress (5): 378/528 kB | 132/315 kB | 41/156 kB | 37/49 kB | 35 kBProgress (5): 378/528 kB | 132/315 kB | 44/156 kB | 37/49 kB | 35 kBProgress (5): 378/528 kB | 132/315 kB | 47/156 kB | 37/49 kB | 35 kBProgress (5): 378/528 kB | 132/315 kB | 49/156 kB | 37/49 kB | 35 kBProgress (5): 378/528 kB | 132/315 kB | 52/156 kB | 37/49 kB | 35 kBProgress (5): 378/528 kB | 132/315 kB | 55/156 kB | 37/49 kB | 35 kBProgress (5): 378/528 kB | 132/315 kB | 58/156 kB | 37/49 kB | 35 kBProgress (5): 378/528 kB | 132/315 kB | 58/156 kB | 41/49 kB | 35 kBProgress (5): 378/528 kB | 132/315 kB | 58/156 kB | 45/49 kB | 35 kBProgress (5): 378/528 kB | 132/315 kB | 58/156 kB | 49 kB | 35 kB   Progress (5): 381/528 kB | 132/315 kB | 58/156 kB | 49 kB | 35 kBProgress (5): 384/528 kB | 132/315 kB | 58/156 kB | 49 kB | 35 kBProgress (5): 387/528 kB | 132/315 kB | 58/156 kB | 49 kB | 35 kBProgress (5): 389/528 kB | 132/315 kB | 58/156 kB | 49 kB | 35 kBProgress (5): 392/528 kB | 132/315 kB | 58/156 kB | 49 kB | 35 kBProgress (5): 395/528 kB | 132/315 kB | 58/156 kB | 49 kB | 35 kBProgress (5): 398/528 kB | 132/315 kB | 58/156 kB | 49 kB | 35 kBProgress (5): 400/528 kB | 132/315 kB | 58/156 kB | 49 kB | 35 kBProgress (5): 403/528 kB | 132/315 kB | 58/156 kB | 49 kB | 35 kBProgress (5): 406/528 kB | 132/315 kB | 58/156 kB | 49 kB | 35 kBProgress (5): 406/528 kB | 134/315 kB | 58/156 kB | 49 kB | 35 kB                                                                 Downloaded from central: https://repo.maven.apache.org/maven2/org/apache/maven/maven-profile/2.2.1/maven-profile-2.2.1.jar (35 kB at 46 kB/s)
Downloading from central: https://repo.maven.apache.org/maven2/org/apache/maven/maven-artifact-manager/2.2.1/maven-artifact-manager-2.2.1.jar
Downloaded from central: https://repo.maven.apache.org/maven2/org/apache/maven/maven-settings/2.2.1/maven-settings-2.2.1.jar (49 kB at 64 kB/s)
Downloading from central: https://repo.maven.apache.org/maven2/backport-util-concurrent/backport-util-concurrent/3.1/backport-util-concurrent-3.1.jar
Progress (3): 406/528 kB | 134/315 kB | 60/156 kBProgress (3): 406/528 kB | 134/315 kB | 63/156 kBProgress (3): 406/528 kB | 134/315 kB | 66/156 kBProgress (3): 406/528 kB | 134/315 kB | 69/156 kBProgress (3): 406/528 kB | 134/315 kB | 71/156 kBProgress (3): 406/528 kB | 137/315 kB | 71/156 kBProgress (3): 406/528 kB | 140/315 kB | 71/156 kBProgress (3): 406/528 kB | 143/315 kB | 71/156 kBProgress (3): 406/528 kB | 145/315 kB | 71/156 kBProgress (3): 406/528 kB | 148/315 kB | 71/156 kBProgress (3): 406/528 kB | 151/315 kB | 71/156 kBProgress (3): 406/528 kB | 154/315 kB | 71/156 kBProgress (3): 406/528 kB | 156/315 kB | 71/156 kBProgress (3): 406/528 kB | 159/315 kB | 71/156 kBProgress (3): 409/528 kB | 159/315 kB | 71/156 kBProgress (3): 411/528 kB | 159/315 kB | 71/156 kBProgress (3): 414/528 kB | 159/315 kB | 71/156 kBProgress (3): 417/528 kB | 159/315 kB | 71/156 kBProgress (3): 420/528 kB | 159/315 kB | 71/156 kBProgress (3): 422/528 kB | 159/315 kB | 71/156 kBProgress (4): 422/528 kB | 159/315 kB | 71/156 kB | 4.1/332 kBProgress (4): 422/528 kB | 159/315 kB | 71/156 kB | 8.2/332 kBProgress (4): 422/528 kB | 159/315 kB | 71/156 kB | 12/332 kB Progress (4): 422/528 kB | 159/315 kB | 74/156 kB | 12/332 kBProgress (4): 422/528 kB | 159/315 kB | 77/156 kB | 12/332 kBProgress (4): 422/528 kB | 159/315 kB | 80/156 kB | 12/332 kBProgress (4): 422/528 kB | 159/315 kB | 82/156 kB | 12/332 kBProgress (4): 422/528 kB | 159/315 kB | 85/156 kB | 12/332 kBProgress (4): 422/528 kB | 159/315 kB | 88/156 kB | 12/332 kBProgress (4): 422/528 kB | 159/315 kB | 90/156 kB | 12/332 kBProgress (4): 422/528 kB | 162/315 kB | 90/156 kB | 12/332 kBProgress (4): 422/528 kB | 165/315 kB | 90/156 kB | 12/332 kBProgress (4): 422/528 kB | 167/315 kB | 90/156 kB | 12/332 kBProgress (4): 422/528 kB | 170/315 kB | 90/156 kB | 12/332 kBProgress (4): 422/528 kB | 173/315 kB | 90/156 kB | 12/332 kBProgress (4): 422/528 kB | 175/315 kB | 90/156 kB | 12/332 kBProgress (4): 425/528 kB | 175/315 kB | 90/156 kB | 12/332 kBProgress (4): 428/528 kB | 175/315 kB | 90/156 kB | 12/332 kBProgress (4): 428/528 kB | 175/315 kB | 90/156 kB | 16/332 kBProgress (4): 428/528 kB | 175/315 kB | 90/156 kB | 20/332 kBProgress (4): 428/528 kB | 175/315 kB | 90/156 kB | 25/332 kBProgress (4): 428/528 kB | 175/315 kB | 90/156 kB | 29/332 kBProgress (4): 428/528 kB | 175/315 kB | 90/156 kB | 33/332 kBProgress (4): 428/528 kB | 175/315 kB | 90/156 kB | 37/332 kBProgress (4): 428/528 kB | 175/315 kB | 90/156 kB | 41/332 kBProgress (4): 428/528 kB | 175/315 kB | 90/156 kB | 45/332 kBProgress (4): 428/528 kB | 175/315 kB | 90/156 kB | 49/332 kBProgress (5): 428/528 kB | 175/315 kB | 90/156 kB | 49/332 kB | 4.1/68 kBProgress (5): 428/528 kB | 175/315 kB | 90/156 kB | 49/332 kB | 8.2/68 kBProgress (5): 428/528 kB | 175/315 kB | 90/156 kB | 49/332 kB | 12/68 kB Progress (5): 428/528 kB | 175/315 kB | 90/156 kB | 49/332 kB | 16/68 kBProgress (5): 428/528 kB | 175/315 kB | 90/156 kB | 49/332 kB | 20/68 kBProgress (5): 428/528 kB | 175/315 kB | 90/156 kB | 49/332 kB | 25/68 kBProgress (5): 430/528 kB | 175/315 kB | 90/156 kB | 49/332 kB | 25/68 kBProgress (5): 433/528 kB | 175/315 kB | 90/156 kB | 49/332 kB | 25/68 kBProgress (5): 436/528 kB | 175/315 kB | 90/156 kB | 49/332 kB | 25/68 kBProgress (5): 439/528 kB | 175/315 kB | 90/156 kB | 49/332 kB | 25/68 kBProgress (5): 441/528 kB | 175/315 kB | 90/156 kB | 49/332 kB | 25/68 kBProgress (5): 444/528 kB | 175/315 kB | 90/156 kB | 49/332 kB | 25/68 kBProgress (5): 447/528 kB | 175/315 kB | 90/156 kB | 49/332 kB | 25/68 kBProgress (5): 450/528 kB | 175/315 kB | 90/156 kB | 49/332 kB | 25/68 kBProgress (5): 450/528 kB | 175/315 kB | 93/156 kB | 49/332 kB | 25/68 kBProgress (5): 450/528 kB | 175/315 kB | 96/156 kB | 49/332 kB | 25/68 kBProgress (5): 450/528 kB | 175/315 kB | 99/156 kB | 49/332 kB | 25/68 kBProgress (5): 450/528 kB | 175/315 kB | 101/156 kB | 49/332 kB | 25/68 kBProgress (5): 450/528 kB | 175/315 kB | 104/156 kB | 49/332 kB | 25/68 kBProgress (5): 450/528 kB | 175/315 kB | 107/156 kB | 49/332 kB | 25/68 kBProgress (5): 450/528 kB | 175/315 kB | 107/156 kB | 49/332 kB | 29/68 kBProgress (5): 450/528 kB | 175/315 kB | 107/156 kB | 49/332 kB | 33/68 kBProgress (5): 450/528 kB | 175/315 kB | 107/156 kB | 49/332 kB | 37/68 kBProgress (5): 450/528 kB | 175/315 kB | 107/156 kB | 49/332 kB | 41/68 kBProgress (5): 450/528 kB | 175/315 kB | 107/156 kB | 49/332 kB | 45/68 kBProgress (5): 450/528 kB | 175/315 kB | 107/156 kB | 49/332 kB | 49/68 kBProgress (5): 450/528 kB | 175/315 kB | 107/156 kB | 53/332 kB | 49/68 kBProgress (5): 450/528 kB | 178/315 kB | 107/156 kB | 53/332 kB | 49/68 kBProgress (5): 450/528 kB | 181/315 kB | 107/156 kB | 53/332 kB | 49/68 kBProgress (5): 450/528 kB | 184/315 kB | 107/156 kB | 53/332 kB | 49/68 kBProgress (5): 450/528 kB | 186/315 kB | 107/156 kB | 53/332 kB | 49/68 kBProgress (5): 450/528 kB | 189/315 kB | 107/156 kB | 53/332 kB | 49/68 kBProgress (5): 450/528 kB | 192/315 kB | 107/156 kB | 53/332 kB | 49/68 kBProgress (5): 450/528 kB | 195/315 kB | 107/156 kB | 53/332 kB | 49/68 kBProgress (5): 450/528 kB | 197/315 kB | 107/156 kB | 53/332 kB | 49/68 kBProgress (5): 450/528 kB | 200/315 kB | 107/156 kB | 53/332 kB | 49/68 kBProgress (5): 452/528 kB | 200/315 kB | 107/156 kB | 53/332 kB | 49/68 kBProgress (5): 455/528 kB | 200/315 kB | 107/156 kB | 53/332 kB | 49/68 kBProgress (5): 458/528 kB | 200/315 kB | 107/156 kB | 53/332 kB | 49/68 kBProgress (5): 461/528 kB | 200/315 kB | 107/156 kB | 53/332 kB | 49/68 kBProgress (5): 463/528 kB | 200/315 kB | 107/156 kB | 53/332 kB | 49/68 kBProgress (5): 466/528 kB | 200/315 kB | 107/156 kB | 53/332 kB | 49/68 kBProgress (5): 466/528 kB | 200/315 kB | 107/156 kB | 57/332 kB | 49/68 kBProgress (5): 466/528 kB | 200/315 kB | 107/156 kB | 61/332 kB | 49/68 kBProgress (5): 466/528 kB | 200/315 kB | 107/156 kB | 66/332 kB | 49/68 kBProgress (5): 466/528 kB | 200/315 kB | 107/156 kB | 70/332 kB | 49/68 kBProgress (5): 466/528 kB | 200/315 kB | 107/156 kB | 74/332 kB | 49/68 kBProgress (5): 466/528 kB | 200/315 kB | 107/156 kB | 78/332 kB | 49/68 kBProgress (5): 466/528 kB | 200/315 kB | 107/156 kB | 82/332 kB | 49/68 kBProgress (5): 466/528 kB | 200/315 kB | 107/156 kB | 86/332 kB | 49/68 kBProgress (5): 466/528 kB | 200/315 kB | 110/156 kB | 86/332 kB | 49/68 kBProgress (5): 466/528 kB | 200/315 kB | 112/156 kB | 86/332 kB | 49/68 kBProgress (5): 466/528 kB | 200/315 kB | 115/156 kB | 86/332 kB | 49/68 kBProgress (5): 466/528 kB | 200/315 kB | 118/156 kB | 86/332 kB | 49/68 kBProgress (5): 466/528 kB | 200/315 kB | 121/156 kB | 86/332 kB | 49/68 kBProgress (5): 466/528 kB | 200/315 kB | 123/156 kB | 86/332 kB | 49/68 kBProgress (5): 466/528 kB | 200/315 kB | 126/156 kB | 86/332 kB | 49/68 kBProgress (5): 466/528 kB | 200/315 kB | 129/156 kB | 86/332 kB | 49/68 kBProgress (5): 466/528 kB | 200/315 kB | 129/156 kB | 86/332 kB | 53/68 kBProgress (5): 466/528 kB | 200/315 kB | 129/156 kB | 86/332 kB | 57/68 kBProgress (5): 466/528 kB | 200/315 kB | 129/156 kB | 86/332 kB | 61/68 kBProgress (5): 466/528 kB | 200/315 kB | 129/156 kB | 86/332 kB | 66/68 kBProgress (5): 466/528 kB | 200/315 kB | 129/156 kB | 86/332 kB | 68 kB   Progress (5): 466/528 kB | 203/315 kB | 129/156 kB | 86/332 kB | 68 kBProgress (5): 466/528 kB | 206/315 kB | 129/156 kB | 86/332 kB | 68 kBProgress (5): 466/528 kB | 208/315 kB | 129/156 kB | 86/332 kB | 68 kBProgress (5): 466/528 kB | 211/315 kB | 129/156 kB | 86/332 kB | 68 kBProgress (5): 466/528 kB | 214/315 kB | 129/156 kB | 86/332 kB | 68 kBProgress (5): 466/528 kB | 217/315 kB | 129/156 kB | 86/332 kB | 68 kBProgress (5): 466/528 kB | 219/315 kB | 129/156 kB | 86/332 kB | 68 kBProgress (5): 469/528 kB | 219/315 kB | 129/156 kB | 86/332 kB | 68 kBProgress (5): 472/528 kB | 219/315 kB | 129/156 kB | 86/332 kB | 68 kBProgress (5): 474/528 kB | 219/315 kB | 129/156 kB | 86/332 kB | 68 kBProgress (5): 478/528 kB | 219/315 kB | 129/156 kB | 86/332 kB | 68 kBProgress (5): 483/528 kB | 219/315 kB | 129/156 kB | 86/332 kB | 68 kBProgress (5): 487/528 kB | 219/315 kB | 129/156 kB | 86/332 kB | 68 kBProgress (5): 491/528 kB | 219/315 kB | 129/156 kB | 86/332 kB | 68 kBProgress (5): 495/528 kB | 219/315 kB | 129/156 kB | 86/332 kB | 68 kBProgress (5): 499/528 kB | 219/315 kB | 129/156 kB | 86/332 kB | 68 kBProgress (5): 503/528 kB | 219/315 kB | 129/156 kB | 86/332 kB | 68 kBProgress (5): 507/528 kB | 219/315 kB | 129/156 kB | 86/332 kB | 68 kBProgress (5): 511/528 kB | 219/315 kB | 129/156 kB | 86/332 kB | 68 kBProgress (5): 515/528 kB | 219/315 kB | 129/156 kB | 86/332 kB | 68 kBProgress (5): 519/528 kB | 219/315 kB | 129/156 kB | 86/332 kB | 68 kB                                                                      Downloaded from central: https://repo.maven.apache.org/maven2/org/apache/maven/maven-artifact-manager/2.2.1/maven-artifact-manager-2.2.1.jar (68 kB at 77 kB/s)
Downloading from central: https://repo.maven.apache.org/maven2/org/apache/maven/maven-plugin-registry/2.2.1/maven-plugin-registry-2.2.1.jar
Progress (4): 519/528 kB | 219/315 kB | 132/156 kB | 86/332 kBProgress (4): 519/528 kB | 219/315 kB | 134/156 kB | 86/332 kBProgress (4): 519/528 kB | 219/315 kB | 137/156 kB | 86/332 kBProgress (4): 519/528 kB | 219/315 kB | 140/156 kB | 86/332 kBProgress (4): 519/528 kB | 219/315 kB | 143/156 kB | 86/332 kBProgress (4): 519/528 kB | 219/315 kB | 145/156 kB | 86/332 kBProgress (4): 519/528 kB | 219/315 kB | 148/156 kB | 86/332 kBProgress (4): 519/528 kB | 219/315 kB | 151/156 kB | 86/332 kBProgress (4): 519/528 kB | 219/315 kB | 154/156 kB | 86/332 kBProgress (4): 519/528 kB | 219/315 kB | 156 kB | 86/332 kB    Progress (4): 519/528 kB | 219/315 kB | 156 kB | 90/332 kBProgress (4): 519/528 kB | 219/315 kB | 156 kB | 94/332 kBProgress (4): 519/528 kB | 219/315 kB | 156 kB | 98/332 kBProgress (4): 519/528 kB | 223/315 kB | 156 kB | 98/332 kBProgress (4): 519/528 kB | 227/315 kB | 156 kB | 98/332 kBProgress (4): 519/528 kB | 231/315 kB | 156 kB | 98/332 kBProgress (4): 519/528 kB | 235/315 kB | 156 kB | 98/332 kBProgress (4): 519/528 kB | 239/315 kB | 156 kB | 98/332 kBProgress (4): 519/528 kB | 243/315 kB | 156 kB | 98/332 kBProgress (4): 519/528 kB | 247/315 kB | 156 kB | 98/332 kBProgress (4): 519/528 kB | 251/315 kB | 156 kB | 98/332 kBProgress (4): 519/528 kB | 251/315 kB | 156 kB | 102/332 kBProgress (4): 519/528 kB | 251/315 kB | 156 kB | 106/332 kBProgress (4): 519/528 kB | 251/315 kB | 156 kB | 111/332 kBProgress (4): 519/528 kB | 251/315 kB | 156 kB | 115/332 kBProgress (5): 519/528 kB | 251/315 kB | 156 kB | 115/332 kB | 4.1/30 kBProgress (5): 519/528 kB | 251/315 kB | 156 kB | 115/332 kB | 8.2/30 kBProgress (5): 519/528 kB | 251/315 kB | 156 kB | 115/332 kB | 12/30 kB Progress (5): 519/528 kB | 251/315 kB | 156 kB | 115/332 kB | 16/30 kBProgress (5): 519/528 kB | 256/315 kB | 156 kB | 115/332 kB | 16/30 kBProgress (5): 519/528 kB | 260/315 kB | 156 kB | 115/332 kB | 16/30 kBProgress (5): 519/528 kB | 264/315 kB | 156 kB | 115/332 kB | 16/30 kBProgress (5): 519/528 kB | 268/315 kB | 156 kB | 115/332 kB | 16/30 kBProgress (5): 519/528 kB | 272/315 kB | 156 kB | 115/332 kB | 16/30 kBProgress (5): 519/528 kB | 276/315 kB | 156 kB | 115/332 kB | 16/30 kBProgress (5): 519/528 kB | 276/315 kB | 156 kB | 119/332 kB | 16/30 kBProgress (5): 519/528 kB | 276/315 kB | 156 kB | 123/332 kB | 16/30 kBProgress (5): 519/528 kB | 276/315 kB | 156 kB | 127/332 kB | 16/30 kBProgress (5): 519/528 kB | 276/315 kB | 156 kB | 131/332 kB | 16/30 kBProgress (5): 519/528 kB | 276/315 kB | 156 kB | 135/332 kB | 16/30 kBProgress (5): 519/528 kB | 276/315 kB | 156 kB | 139/332 kB | 16/30 kBProgress (5): 519/528 kB | 276/315 kB | 156 kB | 143/332 kB | 16/30 kBProgress (5): 519/528 kB | 276/315 kB | 156 kB | 147/332 kB | 16/30 kBProgress (5): 519/528 kB | 276/315 kB | 156 kB | 152/332 kB | 16/30 kBProgress (5): 519/528 kB | 276/315 kB | 156 kB | 156/332 kB | 16/30 kBProgress (5): 519/528 kB | 276/315 kB | 156 kB | 160/332 kB | 16/30 kBProgress (5): 519/528 kB | 276/315 kB | 156 kB | 164/332 kB | 16/30 kBProgress (5): 519/528 kB | 276/315 kB | 156 kB | 168/332 kB | 16/30 kBProgress (5): 519/528 kB | 276/315 kB | 156 kB | 172/332 kB | 16/30 kBProgress (5): 519/528 kB | 276/315 kB | 156 kB | 176/332 kB | 16/30 kBProgress (5): 519/528 kB | 276/315 kB | 156 kB | 180/332 kB | 16/30 kBProgress (5): 524/528 kB | 276/315 kB | 156 kB | 180/332 kB | 16/30 kBProgress (5): 528/528 kB | 276/315 kB | 156 kB | 180/332 kB | 16/30 kBProgress (5): 528 kB | 276/315 kB | 156 kB | 180/332 kB | 16/30 kB                                                                      Downloaded from central: https://repo.maven.apache.org/maven2/org/apache/maven/maven-project/2.2.1/maven-project-2.2.1.jar (156 kB at 170 kB/s)
Downloading from central: https://repo.maven.apache.org/maven2/org/codehaus/plexus/plexus-interpolation/1.11/plexus-interpolation-1.11.jar
Progress (4): 528 kB | 280/315 kB | 180/332 kB | 16/30 kBProgress (4): 528 kB | 284/315 kB | 180/332 kB | 16/30 kBProgress (4): 528 kB | 288/315 kB | 180/332 kB | 16/30 kBProgress (4): 528 kB | 292/315 kB | 180/332 kB | 16/30 kBProgress (4): 528 kB | 297/315 kB | 180/332 kB | 16/30 kBProgress (4): 528 kB | 301/315 kB | 180/332 kB | 16/30 kBProgress (4): 528 kB | 305/315 kB | 180/332 kB | 16/30 kBProgress (4): 528 kB | 309/315 kB | 180/332 kB | 16/30 kBProgress (4): 528 kB | 313/315 kB | 180/332 kB | 16/30 kBProgress (4): 528 kB | 315 kB | 180/332 kB | 16/30 kB    Progress (4): 528 kB | 315 kB | 180/332 kB | 20/30 kBProgress (4): 528 kB | 315 kB | 180/332 kB | 25/30 kBProgress (4): 528 kB | 315 kB | 180/332 kB | 29/30 kBProgress (4): 528 kB | 315 kB | 180/332 kB | 30 kB                                                     Downloaded from central: https://repo.maven.apache.org/maven2/org/apache/maven/surefire/maven-surefire-common/2.22.2/maven-surefire-common-2.22.2.jar (528 kB at 560 kB/s)
Progress (3): 315 kB | 184/332 kB | 30 kBProgress (3): 315 kB | 188/332 kB | 30 kBProgress (3): 315 kB | 193/332 kB | 30 kBProgress (3): 315 kB | 197/332 kB | 30 kB                                         Downloaded from central: https://repo.maven.apache.org/maven2/org/apache/maven/maven-plugin-registry/2.2.1/maven-plugin-registry-2.2.1.jar (30 kB at 32 kB/s)
Downloading from central: https://repo.maven.apache.org/maven2/org/apache/maven/maven-model/2.2.1/maven-model-2.2.1.jar
Downloading from central: https://repo.maven.apache.org/maven2/org/apache/maven/maven-core/2.2.1/maven-core-2.2.1.jar
Progress (3): 315 kB | 197/332 kB | 4.1/51 kBProgress (3): 315 kB | 197/332 kB | 8.2/51 kBProgress (3): 315 kB | 197/332 kB | 12/51 kB Progress (3): 315 kB | 197/332 kB | 16/51 kBProgress (3): 315 kB | 197/332 kB | 20/51 kBProgress (3): 315 kB | 197/332 kB | 25/51 kBProgress (3): 315 kB | 197/332 kB | 29/51 kBProgress (3): 315 kB | 197/332 kB | 33/51 kBProgress (3): 315 kB | 201/332 kB | 33/51 kBProgress (3): 315 kB | 205/332 kB | 33/51 kBProgress (3): 315 kB | 209/332 kB | 33/51 kBProgress (3): 315 kB | 213/332 kB | 33/51 kBProgress (3): 315 kB | 217/332 kB | 33/51 kBProgress (3): 315 kB | 221/332 kB | 33/51 kBProgress (3): 315 kB | 225/332 kB | 33/51 kBProgress (3): 315 kB | 229/332 kB | 33/51 kB                                            Downloaded from central: https://repo.maven.apache.org/maven2/junit/junit/4.12/junit-4.12.jar (315 kB at 331 kB/s)
Progress (3): 229/332 kB | 33/51 kB | 4.1/88 kBProgress (3): 229/332 kB | 33/51 kB | 8.2/88 kBProgress (3): 229/332 kB | 33/51 kB | 12/88 kB Progress (3): 229/332 kB | 33/51 kB | 16/88 kBProgress (3): 229/332 kB | 37/51 kB | 16/88 kBProgress (3): 229/332 kB | 41/51 kB | 16/88 kBProgress (3): 229/332 kB | 45/51 kB | 16/88 kBProgress (3): 229/332 kB | 49/51 kB | 16/88 kBProgress (3): 229/332 kB | 51 kB | 16/88 kB   Progress (3): 233/332 kB | 51 kB | 16/88 kBProgress (3): 238/332 kB | 51 kB | 16/88 kBProgress (3): 242/332 kB | 51 kB | 16/88 kBProgress (3): 242/332 kB | 51 kB | 20/88 kBProgress (4): 242/332 kB | 51 kB | 20/88 kB | 4.1/178 kBProgress (4): 242/332 kB | 51 kB | 20/88 kB | 8.2/178 kBProgress (4): 242/332 kB | 51 kB | 20/88 kB | 12/178 kB Progress (4): 242/332 kB | 51 kB | 20/88 kB | 16/178 kBProgress (4): 242/332 kB | 51 kB | 20/88 kB | 20/178 kBProgress (4): 242/332 kB | 51 kB | 20/88 kB | 25/178 kBProgress (4): 242/332 kB | 51 kB | 20/88 kB | 29/178 kBProgress (4): 242/332 kB | 51 kB | 20/88 kB | 33/178 kBProgress (4): 242/332 kB | 51 kB | 20/88 kB | 37/178 kBProgress (4): 242/332 kB | 51 kB | 20/88 kB | 41/178 kB                                                       Downloading from central: https://repo.maven.apache.org/maven2/org/apache/maven/maven-plugin-parameter-documenter/2.2.1/maven-plugin-parameter-documenter-2.2.1.jar
Progress (4): 246/332 kB | 51 kB | 20/88 kB | 41/178 kBProgress (4): 250/332 kB | 51 kB | 20/88 kB | 41/178 kBProgress (4): 254/332 kB | 51 kB | 20/88 kB | 41/178 kBProgress (4): 258/332 kB | 51 kB | 20/88 kB | 41/178 kB                                                       Downloaded from central: https://repo.maven.apache.org/maven2/org/codehaus/plexus/plexus-interpolation/1.11/plexus-interpolation-1.11.jar (51 kB at 52 kB/s)
Progress (3): 258/332 kB | 25/88 kB | 41/178 kBProgress (3): 258/332 kB | 29/88 kB | 41/178 kBProgress (3): 258/332 kB | 33/88 kB | 41/178 kBProgress (3): 258/332 kB | 37/88 kB | 41/178 kBProgress (3): 258/332 kB | 41/88 kB | 41/178 kBProgress (3): 258/332 kB | 45/88 kB | 41/178 kBProgress (3): 258/332 kB | 49/88 kB | 41/178 kBProgress (3): 258/332 kB | 53/88 kB | 41/178 kBProgress (3): 258/332 kB | 57/88 kB | 41/178 kBProgress (3): 258/332 kB | 61/88 kB | 41/178 kBProgress (3): 258/332 kB | 66/88 kB | 41/178 kBProgress (3): 258/332 kB | 66/88 kB | 45/178 kBProgress (3): 258/332 kB | 66/88 kB | 49/178 kBProgress (3): 258/332 kB | 66/88 kB | 53/178 kBProgress (3): 258/332 kB | 66/88 kB | 57/178 kBProgress (3): 258/332 kB | 66/88 kB | 61/178 kBProgress (3): 258/332 kB | 66/88 kB | 66/178 kB                                               Downloading from central: https://repo.maven.apache.org/maven2/org/slf4j/slf4j-jdk14/1.5.6/slf4j-jdk14-1.5.6.jar
Progress (4): 258/332 kB | 66/88 kB | 66/178 kB | 4.1/22 kBProgress (4): 258/332 kB | 66/88 kB | 66/178 kB | 8.2/22 kBProgress (4): 258/332 kB | 66/88 kB | 66/178 kB | 12/22 kB Progress (4): 258/332 kB | 66/88 kB | 66/178 kB | 16/22 kBProgress (4): 258/332 kB | 66/88 kB | 66/178 kB | 20/22 kBProgress (4): 258/332 kB | 66/88 kB | 66/178 kB | 22 kB   Progress (4): 262/332 kB | 66/88 kB | 66/178 kB | 22 kBProgress (4): 266/332 kB | 66/88 kB | 66/178 kB | 22 kBProgress (4): 270/332 kB | 66/88 kB | 66/178 kB | 22 kBProgress (4): 274/332 kB | 66/88 kB | 66/178 kB | 22 kBProgress (4): 274/332 kB | 70/88 kB | 66/178 kB | 22 kBProgress (4): 274/332 kB | 74/88 kB | 66/178 kB | 22 kBProgress (4): 274/332 kB | 78/88 kB | 66/178 kB | 22 kBProgress (4): 274/332 kB | 82/88 kB | 66/178 kB | 22 kBProgress (4): 274/332 kB | 86/88 kB | 66/178 kB | 22 kBProgress (4): 274/332 kB | 88 kB | 66/178 kB | 22 kB   Progress (4): 279/332 kB | 88 kB | 66/178 kB | 22 kBProgress (4): 283/332 kB | 88 kB | 66/178 kB | 22 kBProgress (4): 287/332 kB | 88 kB | 66/178 kB | 22 kBProgress (4): 291/332 kB | 88 kB | 66/178 kB | 22 kBProgress (4): 295/332 kB | 88 kB | 66/178 kB | 22 kBProgress (4): 295/332 kB | 88 kB | 70/178 kB | 22 kBProgress (4): 295/332 kB | 88 kB | 74/178 kB | 22 kBProgress (4): 295/332 kB | 88 kB | 78/178 kB | 22 kBProgress (4): 295/332 kB | 88 kB | 82/178 kB | 22 kBProgress (4): 295/332 kB | 88 kB | 86/178 kB | 22 kBProgress (4): 295/332 kB | 88 kB | 90/178 kB | 22 kBProgress (4): 295/332 kB | 88 kB | 94/178 kB | 22 kB                                                    Downloaded from central: https://repo.maven.apache.org/maven2/org/apache/maven/maven-plugin-parameter-documenter/2.2.1/maven-plugin-parameter-documenter-2.2.1.jar (22 kB at 22 kB/s)
Downloading from central: https://repo.maven.apache.org/maven2/org/slf4j/slf4j-api/1.5.6/slf4j-api-1.5.6.jar
Progress (3): 299/332 kB | 88 kB | 94/178 kBProgress (3): 303/332 kB | 88 kB | 94/178 kBProgress (3): 307/332 kB | 88 kB | 94/178 kBProgress (3): 311/332 kB | 88 kB | 94/178 kBProgress (3): 315/332 kB | 88 kB | 94/178 kBProgress (3): 319/332 kB | 88 kB | 94/178 kBProgress (3): 324/332 kB | 88 kB | 94/178 kBProgress (3): 328/332 kB | 88 kB | 94/178 kBProgress (3): 332 kB | 88 kB | 94/178 kB    Progress (3): 332 kB | 88 kB | 98/178 kBProgress (3): 332 kB | 88 kB | 102/178 kBProgress (3): 332 kB | 88 kB | 106/178 kBProgress (3): 332 kB | 88 kB | 111/178 kB                                         Downloaded from central: https://repo.maven.apache.org/maven2/org/apache/maven/maven-model/2.2.1/maven-model-2.2.1.jar (88 kB at 86 kB/s)
Progress (3): 332 kB | 111/178 kB | 4.1/8.8 kBProgress (3): 332 kB | 111/178 kB | 8.2/8.8 kBProgress (3): 332 kB | 111/178 kB | 8.8 kB                                              Downloading from central: https://repo.maven.apache.org/maven2/org/slf4j/jcl-over-slf4j/1.5.6/jcl-over-slf4j-1.5.6.jar
Progress (3): 332 kB | 115/178 kB | 8.8 kBProgress (3): 332 kB | 119/178 kB | 8.8 kBProgress (3): 332 kB | 123/178 kB | 8.8 kBProgress (3): 332 kB | 127/178 kB | 8.8 kBProgress (3): 332 kB | 131/178 kB | 8.8 kBProgress (3): 332 kB | 135/178 kB | 8.8 kBProgress (3): 332 kB | 139/178 kB | 8.8 kBProgress (3): 332 kB | 143/178 kB | 8.8 kBProgress (3): 332 kB | 147/178 kB | 8.8 kBProgress (3): 332 kB | 152/178 kB | 8.8 kBProgress (3): 332 kB | 156/178 kB | 8.8 kBProgress (3): 332 kB | 160/178 kB | 8.8 kBProgress (3): 332 kB | 164/178 kB | 8.8 kBProgress (3): 332 kB | 168/178 kB | 8.8 kBProgress (3): 332 kB | 172/178 kB | 8.8 kBProgress (3): 332 kB | 176/178 kB | 8.8 kBProgress (3): 332 kB | 178 kB | 8.8 kB                                          Downloaded from central: https://repo.maven.apache.org/maven2/org/slf4j/slf4j-jdk14/1.5.6/slf4j-jdk14-1.5.6.jar (8.8 kB at 8.6 kB/s)
Progress (3): 332 kB | 178 kB | 4.1/17 kBProgress (3): 332 kB | 178 kB | 8.2/17 kBProgress (3): 332 kB | 178 kB | 12/17 kB Progress (3): 332 kB | 178 kB | 16/17 kBProgress (3): 332 kB | 178 kB | 17 kB                                        Downloading from central: https://repo.maven.apache.org/maven2/org/apache/maven/maven-repository-metadata/2.2.1/maven-repository-metadata-2.2.1.jar
Downloaded from central: https://repo.maven.apache.org/maven2/backport-util-concurrent/backport-util-concurrent/3.1/backport-util-concurrent-3.1.jar (332 kB at 320 kB/s)
Downloading from central: https://repo.maven.apache.org/maven2/org/apache/maven/maven-error-diagnostics/2.2.1/maven-error-diagnostics-2.2.1.jar
Progress (3): 178 kB | 17 kB | 4.1/22 kBProgress (3): 178 kB | 17 kB | 8.2/22 kBProgress (3): 178 kB | 17 kB | 12/22 kB Progress (3): 178 kB | 17 kB | 16/22 kBProgress (3): 178 kB | 17 kB | 20/22 kBProgress (3): 178 kB | 17 kB | 22 kB   Progress (4): 178 kB | 17 kB | 22 kB | 4.1/26 kBProgress (4): 178 kB | 17 kB | 22 kB | 8.2/26 kBProgress (4): 178 kB | 17 kB | 22 kB | 12/26 kB Progress (4): 178 kB | 17 kB | 22 kB | 16/26 kBProgress (4): 178 kB | 17 kB | 22 kB | 20/26 kBProgress (4): 178 kB | 17 kB | 22 kB | 25/26 kBProgress (4): 178 kB | 17 kB | 22 kB | 26 kB   Progress (5): 178 kB | 17 kB | 22 kB | 26 kB | 4.1/13 kB                                                        Downloaded from central: https://repo.maven.apache.org/maven2/org/slf4j/jcl-over-slf4j/1.5.6/jcl-over-slf4j-1.5.6.jar (17 kB at 16 kB/s)
Downloading from central: https://repo.maven.apache.org/maven2/org/apache/maven/maven-monitor/2.2.1/maven-monitor-2.2.1.jar
Progress (4): 178 kB | 22 kB | 26 kB | 8.2/13 kBProgress (4): 178 kB | 22 kB | 26 kB | 12/13 kB Progress (4): 178 kB | 22 kB | 26 kB | 13 kB                                               Downloaded from central: https://repo.maven.apache.org/maven2/org/slf4j/slf4j-api/1.5.6/slf4j-api-1.5.6.jar (22 kB at 21 kB/s)
Downloading from central: https://repo.maven.apache.org/maven2/classworlds/classworlds/1.1/classworlds-1.1.jar
Progress (4): 178 kB | 26 kB | 13 kB | 4.1/10 kBProgress (4): 178 kB | 26 kB | 13 kB | 8.2/10 kBProgress (4): 178 kB | 26 kB | 13 kB | 10 kB                                                Downloaded from central: https://repo.maven.apache.org/maven2/org/apache/maven/maven-error-diagnostics/2.2.1/maven-error-diagnostics-2.2.1.jar (13 kB at 12 kB/s)
Downloaded from central: https://repo.maven.apache.org/maven2/org/apache/maven/maven-core/2.2.1/maven-core-2.2.1.jar (178 kB at 166 kB/s)
Progress (3): 26 kB | 10 kB | 4.1/38 kBProgress (3): 26 kB | 10 kB | 8.2/38 kBProgress (3): 26 kB | 10 kB | 12/38 kB Progress (3): 26 kB | 10 kB | 16/38 kBProgress (3): 26 kB | 10 kB | 20/38 kBProgress (3): 26 kB | 10 kB | 25/38 kBProgress (3): 26 kB | 10 kB | 29/38 kBProgress (3): 26 kB | 10 kB | 33/38 kBProgress (3): 26 kB | 10 kB | 37/38 kBProgress (3): 26 kB | 10 kB | 38 kB                                      Downloaded from central: https://repo.maven.apache.org/maven2/org/apache/maven/maven-repository-metadata/2.2.1/maven-repository-metadata-2.2.1.jar (26 kB at 24 kB/s)
Downloading from central: https://repo.maven.apache.org/maven2/org/apache/maven/maven-toolchain/2.2.1/maven-toolchain-2.2.1.jar
Downloaded from central: https://repo.maven.apache.org/maven2/org/apache/maven/maven-monitor/2.2.1/maven-monitor-2.2.1.jar (10 kB at 9.7 kB/s)
Downloading from central: https://repo.maven.apache.org/maven2/com/thoughtworks/qdox/qdox/2.0-M8/qdox-2.0-M8.jar
Downloaded from central: https://repo.maven.apache.org/maven2/classworlds/classworlds/1.1/classworlds-1.1.jar (38 kB at 35 kB/s)
Progress (1): 4.1/316 kBProgress (1): 8.2/316 kBProgress (1): 12/316 kB Progress (1): 16/316 kBProgress (1): 20/316 kBProgress (1): 25/316 kBProgress (1): 29/316 kBProgress (1): 33/316 kBProgress (1): 37/316 kBProgress (1): 41/316 kBProgress (1): 45/316 kBProgress (1): 49/316 kBProgress (2): 49/316 kB | 4.1/38 kBProgress (2): 49/316 kB | 8.2/38 kBProgress (2): 49/316 kB | 12/38 kB Progress (2): 49/316 kB | 16/38 kBProgress (2): 49/316 kB | 20/38 kBProgress (2): 49/316 kB | 25/38 kBProgress (2): 49/316 kB | 29/38 kBProgress (2): 49/316 kB | 33/38 kBProgress (2): 49/316 kB | 37/38 kBProgress (2): 49/316 kB | 38 kB   Progress (2): 53/316 kB | 38 kBProgress (2): 57/316 kB | 38 kBProgress (2): 61/316 kB | 38 kBProgress (2): 66/316 kB | 38 kBProgress (2): 70/316 kB | 38 kBProgress (2): 74/316 kB | 38 kBProgress (2): 78/316 kB | 38 kBProgress (2): 82/316 kB | 38 kBProgress (2): 86/316 kB | 38 kBProgress (2): 90/316 kB | 38 kBProgress (2): 94/316 kB | 38 kBProgress (2): 98/316 kB | 38 kBProgress (2): 102/316 kB | 38 kBProgress (2): 106/316 kB | 38 kBProgress (2): 111/316 kB | 38 kBProgress (2): 115/316 kB | 38 kBProgress (2): 119/316 kB | 38 kBProgress (2): 123/316 kB | 38 kBProgress (2): 127/316 kB | 38 kBProgress (2): 131/316 kB | 38 kBProgress (2): 135/316 kB | 38 kBProgress (2): 139/316 kB | 38 kBProgress (2): 143/316 kB | 38 kBProgress (2): 147/316 kB | 38 kBProgress (2): 152/316 kB | 38 kBProgress (2): 156/316 kB | 38 kBProgress (2): 160/316 kB | 38 kBProgress (2): 164/316 kB | 38 kBProgress (2): 168/316 kB | 38 kBProgress (2): 172/316 kB | 38 kBProgress (2): 176/316 kB | 38 kBProgress (2): 180/316 kB | 38 kBProgress (2): 184/316 kB | 38 kBProgress (2): 188/316 kB | 38 kBProgress (2): 193/316 kB | 38 kBProgress (2): 197/316 kB | 38 kBProgress (2): 201/316 kB | 38 kBProgress (2): 205/316 kB | 38 kBProgress (2): 209/316 kB | 38 kBProgress (2): 213/316 kB | 38 kBProgress (2): 217/316 kB | 38 kBProgress (2): 221/316 kB | 38 kBProgress (2): 225/316 kB | 38 kBProgress (2): 229/316 kB | 38 kBProgress (2): 233/316 kB | 38 kBProgress (2): 238/316 kB | 38 kBProgress (2): 242/316 kB | 38 kBProgress (2): 246/316 kB | 38 kBProgress (2): 250/316 kB | 38 kBProgress (2): 254/316 kB | 38 kBProgress (2): 258/316 kB | 38 kBProgress (2): 262/316 kB | 38 kBProgress (2): 266/316 kB | 38 kBProgress (2): 270/316 kB | 38 kBProgress (2): 274/316 kB | 38 kBProgress (2): 279/316 kB | 38 kBProgress (2): 283/316 kB | 38 kBProgress (2): 287/316 kB | 38 kBProgress (2): 291/316 kB | 38 kBProgress (2): 295/316 kB | 38 kBProgress (2): 299/316 kB | 38 kBProgress (2): 303/316 kB | 38 kBProgress (2): 307/316 kB | 38 kBProgress (2): 311/316 kB | 38 kBProgress (2): 315/316 kB | 38 kBProgress (2): 316 kB | 38 kB                                Downloaded from central: https://repo.maven.apache.org/maven2/org/apache/maven/maven-toolchain/2.2.1/maven-toolchain-2.2.1.jar (38 kB at 33 kB/s)
Downloaded from central: https://repo.maven.apache.org/maven2/com/thoughtworks/qdox/qdox/2.0-M8/qdox-2.0-M8.jar (316 kB at 273 kB/s)
Downloading from central: https://repo.maven.apache.org/maven2/org/apache/maven/surefire/surefire-junit-platform/2.22.2/surefire-junit-platform-2.22.2.pom
Progress (1): 4.1/7.0 kBProgress (1): 7.0 kB                        Downloaded from central: https://repo.maven.apache.org/maven2/org/apache/maven/surefire/surefire-junit-platform/2.22.2/surefire-junit-platform-2.22.2.pom (7.0 kB at 317 kB/s)
Downloading from central: https://repo.maven.apache.org/maven2/org/apache/maven/surefire/surefire-providers/2.22.2/surefire-providers-2.22.2.pom
Progress (1): 2.5 kB                    Downloaded from central: https://repo.maven.apache.org/maven2/org/apache/maven/surefire/surefire-providers/2.22.2/surefire-providers-2.22.2.pom (2.5 kB at 108 kB/s)
Downloading from central: https://repo.maven.apache.org/maven2/org/junit/platform/junit-platform-launcher/1.3.1/junit-platform-launcher-1.3.1.pom
Progress (1): 2.2 kB                    Downloaded from central: https://repo.maven.apache.org/maven2/org/junit/platform/junit-platform-launcher/1.3.1/junit-platform-launcher-1.3.1.pom (2.2 kB at 79 kB/s)
Downloading from central: https://repo.maven.apache.org/maven2/org/apiguardian/apiguardian-api/1.0.0/apiguardian-api-1.0.0.pom
Progress (1): 1.2 kB                    Downloaded from central: https://repo.maven.apache.org/maven2/org/apiguardian/apiguardian-api/1.0.0/apiguardian-api-1.0.0.pom (1.2 kB at 58 kB/s)
Downloading from central: https://repo.maven.apache.org/maven2/org/junit/platform/junit-platform-engine/1.3.1/junit-platform-engine-1.3.1.pom
Progress (1): 2.4 kB                    Downloaded from central: https://repo.maven.apache.org/maven2/org/junit/platform/junit-platform-engine/1.3.1/junit-platform-engine-1.3.1.pom (2.4 kB at 85 kB/s)
Downloading from central: https://repo.maven.apache.org/maven2/org/junit/platform/junit-platform-commons/1.3.1/junit-platform-commons-1.3.1.pom
Progress (1): 2.0 kB                    Downloaded from central: https://repo.maven.apache.org/maven2/org/junit/platform/junit-platform-commons/1.3.1/junit-platform-commons-1.3.1.pom (2.0 kB at 96 kB/s)
Downloading from central: https://repo.maven.apache.org/maven2/org/opentest4j/opentest4j/1.1.1/opentest4j-1.1.1.pom
Progress (1): 1.7 kB                    Downloaded from central: https://repo.maven.apache.org/maven2/org/opentest4j/opentest4j/1.1.1/opentest4j-1.1.1.pom (1.7 kB at 80 kB/s)
Downloading from central: https://repo.maven.apache.org/maven2/org/apache/maven/surefire/surefire-junit-platform/2.22.2/surefire-junit-platform-2.22.2.jar
Downloading from central: https://repo.maven.apache.org/maven2/org/apiguardian/apiguardian-api/1.0.0/apiguardian-api-1.0.0.jar
Downloading from central: https://repo.maven.apache.org/maven2/org/junit/platform/junit-platform-engine/1.3.1/junit-platform-engine-1.3.1.jar
Downloading from central: https://repo.maven.apache.org/maven2/org/junit/platform/junit-platform-commons/1.3.1/junit-platform-commons-1.3.1.jar
Downloading from central: https://repo.maven.apache.org/maven2/org/junit/platform/junit-platform-launcher/1.3.1/junit-platform-launcher-1.3.1.jar
Progress (1): 2.2 kBProgress (2): 2.2 kB | 4.1/135 kBProgress (2): 2.2 kB | 8.2/135 kBProgress (2): 2.2 kB | 12/135 kB Progress (2): 2.2 kB | 16/135 kB                                Downloaded from central: https://repo.maven.apache.org/maven2/org/apiguardian/apiguardian-api/1.0.0/apiguardian-api-1.0.0.jar (2.2 kB at 114 kB/s)
Progress (2): 16/135 kB | 4.1/78 kBProgress (2): 16/135 kB | 8.2/78 kBProgress (2): 16/135 kB | 12/78 kB Progress (2): 16/135 kB | 16/78 kBProgress (3): 16/135 kB | 16/78 kB | 4.1/66 kBProgress (3): 16/135 kB | 16/78 kB | 8.2/66 kBProgress (3): 16/135 kB | 16/78 kB | 12/66 kB Progress (3): 16/135 kB | 16/78 kB | 16/66 kB                                             Downloading from central: https://repo.maven.apache.org/maven2/org/opentest4j/opentest4j/1.1.1/opentest4j-1.1.1.jar
Progress (3): 20/135 kB | 16/78 kB | 16/66 kBProgress (3): 25/135 kB | 16/78 kB | 16/66 kBProgress (3): 29/135 kB | 16/78 kB | 16/66 kBProgress (3): 33/135 kB | 16/78 kB | 16/66 kBProgress (4): 33/135 kB | 16/78 kB | 16/66 kB | 4.1/95 kBProgress (4): 33/135 kB | 16/78 kB | 16/66 kB | 8.2/95 kBProgress (4): 33/135 kB | 16/78 kB | 16/66 kB | 12/95 kB Progress (4): 33/135 kB | 16/78 kB | 16/66 kB | 16/95 kBProgress (4): 33/135 kB | 20/78 kB | 16/66 kB | 16/95 kBProgress (4): 33/135 kB | 25/78 kB | 16/66 kB | 16/95 kBProgress (4): 33/135 kB | 29/78 kB | 16/66 kB | 16/95 kBProgress (4): 33/135 kB | 33/78 kB | 16/66 kB | 16/95 kBProgress (4): 33/135 kB | 37/78 kB | 16/66 kB | 16/95 kBProgress (4): 33/135 kB | 41/78 kB | 16/66 kB | 16/95 kBProgress (4): 33/135 kB | 45/78 kB | 16/66 kB | 16/95 kBProgress (4): 33/135 kB | 49/78 kB | 16/66 kB | 16/95 kBProgress (4): 33/135 kB | 53/78 kB | 16/66 kB | 16/95 kBProgress (4): 33/135 kB | 57/78 kB | 16/66 kB | 16/95 kBProgress (4): 33/135 kB | 61/78 kB | 16/66 kB | 16/95 kBProgress (4): 33/135 kB | 61/78 kB | 20/66 kB | 16/95 kBProgress (4): 33/135 kB | 61/78 kB | 25/66 kB | 16/95 kBProgress (4): 33/135 kB | 61/78 kB | 29/66 kB | 16/95 kBProgress (4): 33/135 kB | 61/78 kB | 33/66 kB | 16/95 kBProgress (4): 33/135 kB | 61/78 kB | 37/66 kB | 16/95 kBProgress (4): 33/135 kB | 61/78 kB | 41/66 kB | 16/95 kBProgress (4): 33/135 kB | 61/78 kB | 45/66 kB | 16/95 kBProgress (4): 33/135 kB | 61/78 kB | 49/66 kB | 16/95 kBProgress (4): 33/135 kB | 61/78 kB | 53/66 kB | 16/95 kBProgress (4): 33/135 kB | 61/78 kB | 57/66 kB | 16/95 kBProgress (4): 33/135 kB | 61/78 kB | 61/66 kB | 16/95 kBProgress (4): 33/135 kB | 61/78 kB | 66/66 kB | 16/95 kBProgress (4): 33/135 kB | 61/78 kB | 66 kB | 16/95 kB   Progress (5): 33/135 kB | 61/78 kB | 66 kB | 16/95 kB | 4.1/7.1 kBProgress (5): 33/135 kB | 61/78 kB | 66 kB | 16/95 kB | 7.1 kB    Progress (5): 37/135 kB | 61/78 kB | 66 kB | 16/95 kB | 7.1 kBProgress (5): 41/135 kB | 61/78 kB | 66 kB | 16/95 kB | 7.1 kBProgress (5): 45/135 kB | 61/78 kB | 66 kB | 16/95 kB | 7.1 kBProgress (5): 49/135 kB | 61/78 kB | 66 kB | 16/95 kB | 7.1 kBProgress (5): 53/135 kB | 61/78 kB | 66 kB | 16/95 kB | 7.1 kBProgress (5): 57/135 kB | 61/78 kB | 66 kB | 16/95 kB | 7.1 kBProgress (5): 61/135 kB | 61/78 kB | 66 kB | 16/95 kB | 7.1 kBProgress (5): 66/135 kB | 61/78 kB | 66 kB | 16/95 kB | 7.1 kBProgress (5): 70/135 kB | 61/78 kB | 66 kB | 16/95 kB | 7.1 kBProgress (5): 74/135 kB | 61/78 kB | 66 kB | 16/95 kB | 7.1 kBProgress (5): 78/135 kB | 61/78 kB | 66 kB | 16/95 kB | 7.1 kBProgress (5): 78/135 kB | 66/78 kB | 66 kB | 16/95 kB | 7.1 kBProgress (5): 78/135 kB | 66/78 kB | 66 kB | 20/95 kB | 7.1 kBProgress (5): 78/135 kB | 66/78 kB | 66 kB | 25/95 kB | 7.1 kBProgress (5): 78/135 kB | 66/78 kB | 66 kB | 29/95 kB | 7.1 kBProgress (5): 78/135 kB | 66/78 kB | 66 kB | 33/95 kB | 7.1 kBProgress (5): 78/135 kB | 66/78 kB | 66 kB | 37/95 kB | 7.1 kBProgress (5): 78/135 kB | 66/78 kB | 66 kB | 41/95 kB | 7.1 kBProgress (5): 78/135 kB | 66/78 kB | 66 kB | 45/95 kB | 7.1 kBProgress (5): 78/135 kB | 66/78 kB | 66 kB | 49/95 kB | 7.1 kBProgress (5): 78/135 kB | 66/78 kB | 66 kB | 53/95 kB | 7.1 kBProgress (5): 78/135 kB | 66/78 kB | 66 kB | 57/95 kB | 7.1 kBProgress (5): 78/135 kB | 66/78 kB | 66 kB | 61/95 kB | 7.1 kBProgress (5): 78/135 kB | 66/78 kB | 66 kB | 66/95 kB | 7.1 kBProgress (5): 78/135 kB | 70/78 kB | 66 kB | 66/95 kB | 7.1 kBProgress (5): 78/135 kB | 74/78 kB | 66 kB | 66/95 kB | 7.1 kBProgress (5): 78/135 kB | 78/78 kB | 66 kB | 66/95 kB | 7.1 kBProgress (5): 78/135 kB | 78 kB | 66 kB | 66/95 kB | 7.1 kB                                                              Downloaded from central: https://repo.maven.apache.org/maven2/org/opentest4j/opentest4j/1.1.1/opentest4j-1.1.1.jar (7.1 kB at 203 kB/s)
Progress (4): 82/135 kB | 78 kB | 66 kB | 66/95 kBProgress (4): 86/135 kB | 78 kB | 66 kB | 66/95 kBProgress (4): 90/135 kB | 78 kB | 66 kB | 66/95 kBProgress (4): 94/135 kB | 78 kB | 66 kB | 66/95 kBProgress (4): 98/135 kB | 78 kB | 66 kB | 66/95 kBProgress (4): 102/135 kB | 78 kB | 66 kB | 66/95 kBProgress (4): 106/135 kB | 78 kB | 66 kB | 66/95 kBProgress (4): 111/135 kB | 78 kB | 66 kB | 66/95 kBProgress (4): 115/135 kB | 78 kB | 66 kB | 66/95 kBProgress (4): 119/135 kB | 78 kB | 66 kB | 66/95 kBProgress (4): 123/135 kB | 78 kB | 66 kB | 66/95 kBProgress (4): 127/135 kB | 78 kB | 66 kB | 66/95 kBProgress (4): 131/135 kB | 78 kB | 66 kB | 66/95 kBProgress (4): 135 kB | 78 kB | 66 kB | 66/95 kB                                                   Downloaded from central: https://repo.maven.apache.org/maven2/org/junit/platform/junit-platform-commons/1.3.1/junit-platform-commons-1.3.1.jar (78 kB at 1.1 MB/s)
Progress (3): 135 kB | 66 kB | 70/95 kBProgress (3): 135 kB | 66 kB | 74/95 kBProgress (3): 135 kB | 66 kB | 78/95 kBProgress (3): 135 kB | 66 kB | 82/95 kBProgress (3): 135 kB | 66 kB | 86/95 kBProgress (3): 135 kB | 66 kB | 90/95 kBProgress (3): 135 kB | 66 kB | 94/95 kBProgress (3): 135 kB | 66 kB | 95 kB                                       Downloaded from central: https://repo.maven.apache.org/maven2/org/apache/maven/surefire/surefire-junit-platform/2.22.2/surefire-junit-platform-2.22.2.jar (66 kB at 701 kB/s)
Downloaded from central: https://repo.maven.apache.org/maven2/org/junit/platform/junit-platform-launcher/1.3.1/junit-platform-launcher-1.3.1.jar (95 kB at 1.1 MB/s)
Downloaded from central: https://repo.maven.apache.org/maven2/org/junit/platform/junit-platform-engine/1.3.1/junit-platform-engine-1.3.1.jar (135 kB at 1.3 MB/s)
[INFO] 
[INFO] -------------------------------------------------------
[INFO]  T E S T S
[INFO] -------------------------------------------------------
[INFO] Running com.wecp.cpm.CpmApplicationTests
07:46:42.155 [main] DEBUG org.springframework.test.context.BootstrapUtils - Instantiating CacheAwareContextLoaderDelegate from class [org.springframework.test.context.cache.DefaultCacheAwareContextLoaderDelegate]
07:46:42.170 [main] DEBUG org.springframework.test.context.BootstrapUtils - Instantiating BootstrapContext using constructor [public org.springframework.test.context.support.DefaultBootstrapContext(java.lang.Class,org.springframework.test.context.CacheAwareContextLoaderDelegate)]
07:46:42.251 [main] DEBUG org.springframework.test.context.BootstrapUtils - Instantiating TestContextBootstrapper for test class [com.wecp.cpm.CpmApplicationTests] from class [org.springframework.boot.test.context.SpringBootTestContextBootstrapper]
07:46:42.286 [main] INFO org.springframework.boot.test.context.SpringBootTestContextBootstrapper - Neither @ContextConfiguration nor @ContextHierarchy found for test class [com.wecp.cpm.CpmApplicationTests], using SpringBootContextLoader
07:46:42.299 [main] DEBUG org.springframework.test.context.support.AbstractContextLoader - Did not detect default resource location for test class [com.wecp.cpm.CpmApplicationTests]: class path resource [com/wecp/cpm/CpmApplicationTests-context.xml] does not exist
07:46:42.302 [main] DEBUG org.springframework.test.context.support.AbstractContextLoader - Did not detect default resource location for test class [com.wecp.cpm.CpmApplicationTests]: class path resource [com/wecp/cpm/CpmApplicationTestsContext.groovy] does not exist
07:46:42.306 [main] INFO org.springframework.test.context.support.AbstractContextLoader - Could not detect default resource locations for test class [com.wecp.cpm.CpmApplicationTests]: no resource found for suffixes {-context.xml, Context.groovy}.
07:46:42.308 [main] INFO org.springframework.test.context.support.AnnotationConfigContextLoaderUtils - Could not detect default configuration classes for test class [com.wecp.cpm.CpmApplicationTests]: CpmApplicationTests does not declare any static, non-private, non-final, nested classes annotated with @Configuration.
07:46:42.444 [main] DEBUG org.springframework.test.context.support.ActiveProfilesUtils - Could not find an 'annotation declaring class' for annotation type [org.springframework.test.context.ActiveProfiles] and class [com.wecp.cpm.CpmApplicationTests]
07:46:42.553 [main] DEBUG org.springframework.context.annotation.ClassPathScanningCandidateComponentProvider - Identified candidate component class: file [/home/ubuntu/root/target/classes/com/wecp/cpm/CpmApplication.class]
07:46:42.559 [main] INFO org.springframework.boot.test.context.SpringBootTestContextBootstrapper - Found @SpringBootConfiguration com.wecp.cpm.CpmApplication for test class com.wecp.cpm.CpmApplicationTests
07:46:42.768 [main] DEBUG org.springframework.boot.test.context.SpringBootTestContextBootstrapper - @TestExecutionListeners is not present for class [com.wecp.cpm.CpmApplicationTests]: using defaults.
07:46:42.774 [main] INFO org.springframework.boot.test.context.SpringBootTestContextBootstrapper - Loaded default TestExecutionListener class names from location [META-INF/spring.factories]: [org.springframework.boot.test.autoconfigure.restdocs.RestDocsTestExecutionListener, org.springframework.boot.test.autoconfigure.web.client.MockRestServiceServerResetTestExecutionListener, org.springframework.boot.test.autoconfigure.web.servlet.MockMvcPrintOnlyOnFailureTestExecutionListener, org.springframework.boot.test.autoconfigure.web.servlet.WebDriverTestExecutionListener, org.springframework.boot.test.autoconfigure.webservices.client.MockWebServiceServerTestExecutionListener, org.springframework.test.context.web.ServletTestExecutionListener, org.springframework.test.context.support.DirtiesContextBeforeModesTestExecutionListener, org.springframework.test.context.event.ApplicationEventsTestExecutionListener, org.springframework.test.context.support.DependencyInjectionTestExecutionListener, org.springframework.test.context.support.DirtiesContextTestExecutionListener, org.springframework.test.context.transaction.TransactionalTestExecutionListener, org.springframework.test.context.jdbc.SqlScriptsTestExecutionListener, org.springframework.test.context.event.EventPublishingTestExecutionListener, org.springframework.boot.test.mock.mockito.MockitoTestExecutionListener, org.springframework.boot.test.mock.mockito.ResetMocksTestExecutionListener]
07:46:42.819 [main] INFO org.springframework.boot.test.context.SpringBootTestContextBootstrapper - Using TestExecutionListeners: [org.springframework.test.context.web.ServletTestExecutionListener@a3d9978, org.springframework.test.context.support.DirtiesContextBeforeModesTestExecutionListener@61544ae6, org.springframework.test.context.event.ApplicationEventsTestExecutionListener@4b41dd5c, org.springframework.boot.test.mock.mockito.MockitoTestExecutionListener@3b96c42e, org.springframework.boot.test.autoconfigure.SpringBootDependencyInjectionTestExecutionListener@5d066c7d, org.springframework.test.context.support.DirtiesContextTestExecutionListener@1e461e41, org.springframework.test.context.transaction.TransactionalTestExecutionListener@5ba88be8, org.springframework.test.context.jdbc.SqlScriptsTestExecutionListener@56928307, org.springframework.test.context.event.EventPublishingTestExecutionListener@3899782c, org.springframework.boot.test.autoconfigure.restdocs.RestDocsTestExecutionListener@1603cd68, org.springframework.boot.test.autoconfigure.web.client.MockRestServiceServerResetTestExecutionListener@9ebe38b, org.springframework.boot.test.autoconfigure.web.servlet.MockMvcPrintOnlyOnFailureTestExecutionListener@4b23c30a, org.springframework.boot.test.autoconfigure.web.servlet.WebDriverTestExecutionListener@38089a5a, org.springframework.boot.test.autoconfigure.webservices.client.MockWebServiceServerTestExecutionListener@30e868be, org.springframework.boot.test.mock.mockito.ResetMocksTestExecutionListener@66c92293]
07:46:42.835 [main] DEBUG org.springframework.test.context.support.AbstractDirtiesContextTestExecutionListener - Before test class: context [DefaultTestContext@484094a5 testClass = CpmApplicationTests, testInstance = [null], testMethod = [null], testException = [null], mergedContextConfiguration = [WebMergedContextConfiguration@38234a38 testClass = CpmApplicationTests, locations = '{}', classes = '{class com.wecp.cpm.CpmApplication}', contextInitializerClasses = '[]', activeProfiles = '{}', propertySourceLocations = '{}', propertySourceProperties = '{org.springframework.boot.test.context.SpringBootTestContextBootstrapper=true}', contextCustomizers = set[org.springframework.boot.test.autoconfigure.actuate.metrics.MetricsExportContextCustomizerFactory$DisableMetricExportContextCustomizer@74751b3, org.springframework.boot.test.autoconfigure.properties.PropertyMappingContextCustomizer@4b3fa0b3, org.springframework.boot.test.autoconfigure.web.servlet.WebDriverContextCustomizerFactory$Customizer@3c7f66c4, [ImportsContextCustomizer@63fbfaeb key = [org.springframework.boot.test.autoconfigure.web.servlet.MockMvcAutoConfiguration, org.springframework.boot.test.autoconfigure.web.servlet.MockMvcWebClientAutoConfiguration, org.springframework.boot.test.autoconfigure.web.servlet.MockMvcWebDriverAutoConfiguration, org.springframework.boot.autoconfigure.security.oauth2.client.servlet.OAuth2ClientAutoConfiguration, org.springframework.boot.autoconfigure.security.oauth2.resource.servlet.OAuth2ResourceServerAutoConfiguration, org.springframework.boot.autoconfigure.security.servlet.SecurityAutoConfiguration, org.springframework.boot.autoconfigure.security.servlet.SecurityFilterAutoConfiguration, org.springframework.boot.autoconfigure.security.servlet.UserDetailsServiceAutoConfiguration, org.springframework.boot.test.autoconfigure.web.servlet.MockMvcSecurityConfiguration]], org.springframework.boot.test.context.filter.ExcludeFilterContextCustomizer@3012646b, org.springframework.boot.test.json.DuplicateJsonObjectContextCustomizerFactory$DuplicateJsonObjectContextCustomizer@7b36aa0c, org.springframework.boot.test.mock.mockito.MockitoContextCustomizer@0, org.springframework.boot.test.web.client.TestRestTemplateContextCustomizer@1a942c18, org.springframework.boot.test.context.SpringBootTestArgs@1, org.springframework.boot.test.context.SpringBootTestWebEnvironment@436e852b], resourceBasePath = 'src/main/webapp', contextLoader = 'org.springframework.boot.test.context.SpringBootContextLoader', parent = [null]], attributes = map['org.springframework.test.context.web.ServletTestExecutionListener.activateListener' -> true]], class annotated with @DirtiesContext [false] with mode [null].
07:46:42.943 [main] DEBUG org.springframework.test.context.support.TestPropertySourceUtils - Adding inlined properties to environment: {spring.jmx.enabled=false, org.springframework.boot.test.context.SpringBootTestContextBootstrapper=true}

  .   ____          _            __ _ _
 /\\ / ___'_ __ _ _(_)_ __  __ _ \ \ \ \
( ( )\___ | '_ | '_| | '_ \/ _` | \ \ \ \
 \\/  ___)| |_)| | | | | || (_| |  ) ) ) )
  '  |____| .__|_| |_|_| |_\__, | / / / /
 =========|_|==============|___/=/_/_/_/
 :: Spring Boot ::                (v2.4.2)

2021-02-28 07:46:43.641  INFO 1691 --- [           main] com.wecp.cpm.CpmApplicationTests         : Starting CpmApplicationTests using Java 11.0.10 on ip-172-31-15-142 with PID 1691 (started by ubuntu in /home/ubuntu/root)
2021-02-28 07:46:43.649  INFO 1691 --- [           main] com.wecp.cpm.CpmApplicationTests         : No active profile set, falling back to default profiles: default
2021-02-28 07:46:45.280  INFO 1691 --- [           main] .s.d.r.c.RepositoryConfigurationDelegate : Multiple Spring Data modules found, entering strict repository configuration mode!
2021-02-28 07:46:45.283  INFO 1691 --- [           main] .s.d.r.c.RepositoryConfigurationDelegate : Bootstrapping Spring Data JDBC repositories in DEFAULT mode.
2021-02-28 07:46:45.310  INFO 1691 --- [           main] .s.d.r.c.RepositoryConfigurationDelegate : Finished Spring Data repository scanning in 17 ms. Found 0 JDBC repository interfaces.
2021-02-28 07:46:45.331  INFO 1691 --- [           main] .s.d.r.c.RepositoryConfigurationDelegate : Multiple Spring Data modules found, entering strict repository configuration mode!
2021-02-28 07:46:45.333  INFO 1691 --- [           main] .s.d.r.c.RepositoryConfigurationDelegate : Bootstrapping Spring Data JPA repositories in DEFAULT mode.
2021-02-28 07:46:45.350  INFO 1691 --- [           main] .s.d.r.c.RepositoryConfigurationDelegate : Finished Spring Data repository scanning in 3 ms. Found 0 JPA repository interfaces.
2021-02-28 07:46:46.635  INFO 1691 --- [           main] o.hibernate.jpa.internal.util.LogHelper  : HHH000204: Processing PersistenceUnitInfo [name: default]
2021-02-28 07:46:46.745  INFO 1691 --- [           main] org.hibernate.Version                    : HHH000412: Hibernate ORM core version 5.4.27.Final
2021-02-28 07:46:46.999  INFO 1691 --- [           main] o.hibernate.annotations.common.Version   : HCANN000001: Hibernate Commons Annotations {5.1.2.Final}
2021-02-28 07:46:47.228  INFO 1691 --- [           main] com.zaxxer.hikari.HikariDataSource       : HikariPool-1 - Starting...
2021-02-28 07:46:47.615  INFO 1691 --- [           main] com.zaxxer.hikari.HikariDataSource       : HikariPool-1 - Start completed.
2021-02-28 07:46:47.680  INFO 1691 --- [           main] org.hibernate.dialect.Dialect            : HHH000400: Using dialect: org.hibernate.dialect.H2Dialect
Hibernate: create table user (id bigint not null, username varchar(255), primary key (id))
Hibernate: create sequence hibernate_sequence start with 1 increment by 1
2021-02-28 07:46:48.999  INFO 1691 --- [           main] o.h.e.t.j.p.i.JtaPlatformInitiator       : HHH000490: Using JtaPlatform implementation: [org.hibernate.engine.transaction.jta.platform.internal.NoJtaPlatform]
2021-02-28 07:46:49.013  INFO 1691 --- [           main] j.LocalContainerEntityManagerFactoryBean : Initialized JPA EntityManagerFactory for persistence unit 'default'
2021-02-28 07:46:49.576  WARN 1691 --- [           main] JpaBaseConfiguration$JpaWebConfiguration : spring.jpa.open-in-view is enabled by default. Therefore, database queries may be performed during view rendering. Explicitly configure spring.jpa.open-in-view to disable this warning
2021-02-28 07:46:50.491  INFO 1691 --- [           main] o.s.s.concurrent.ThreadPoolTaskExecutor  : Initializing ExecutorService 'applicationTaskExecutor'
2021-02-28 07:46:51.482  INFO 1691 --- [           main] o.s.b.t.m.w.SpringBootMockServletContext : Initializing Spring TestDispatcherServlet ''
2021-02-28 07:46:51.483  INFO 1691 --- [           main] o.s.t.web.servlet.TestDispatcherServlet  : Initializing Servlet ''
2021-02-28 07:46:51.485  INFO 1691 --- [           main] o.s.t.web.servlet.TestDispatcherServlet  : Completed initialization in 1 ms
2021-02-28 07:46:51.526  INFO 1691 --- [           main] com.wecp.cpm.CpmApplicationTests         : Started CpmApplicationTests in 8.567 seconds (JVM running for 10.912)

MockHttpServletRequest:
      HTTP Method = POST
      Request URI = /api/v1/user
       Parameters = {}
          Headers = [Content-Type:"application/json;charset=UTF-8", Content-Length:"25"]
             Body = {"username":"AAAAAAAAAA"}
    Session Attrs = {}

Handler:
             Type = com.wecp.cpm.controller.UserController
           Method = com.wecp.cpm.controller.UserController#createUser(User)

Async:
    Async started = false
     Async result = null

Resolved Exception:
             Type = null

ModelAndView:
        View name = null
             View = null
            Model = null

FlashMap:
       Attributes = null

MockHttpServletResponse:
           Status = 200
    Error message = null
          Headers = []
     Content type = null
             Body = 
    Forwarded URL = null
   Redirected URL = null
          Cookies = []

MockHttpServletRequest:
      HTTP Method = POST
      Request URI = /api/v1/user
       Parameters = {}
          Headers = [Content-Type:"application/json;charset=UTF-8", Content-Length:"25"]
             Body = {"username":"AAAAAAAAAA"}
    Session Attrs = {}

Handler:
             Type = com.wecp.cpm.controller.UserController
           Method = com.wecp.cpm.controller.UserController#createUser(User)

Async:
    Async started = false
     Async result = null

Resolved Exception:
             Type = null

ModelAndView:
        View name = null
             View = null
            Model = null

FlashMap:
       Attributes = null

MockHttpServletResponse:
           Status = 200
    Error message = null
          Headers = []
     Content type = null
             Body = 
    Forwarded URL = null
   Redirected URL = null
          Cookies = []

MockHttpServletRequest:
      HTTP Method = POST
      Request URI = /api/v1/user
       Parameters = {}
          Headers = [Content-Type:"application/json;charset=UTF-8", Content-Length:"25"]
             Body = {"username":"AAAAAAAAAA"}
    Session Attrs = {}

Handler:
             Type = com.wecp.cpm.controller.UserController
           Method = com.wecp.cpm.controller.UserController#createUser(User)

Async:
    Async started = false
     Async result = null

Resolved Exception:
             Type = null

ModelAndView:
        View name = null
             View = null
            Model = null

FlashMap:
       Attributes = null

MockHttpServletResponse:
           Status = 200
    Error message = null
          Headers = []
     Content type = null
             Body = 
    Forwarded URL = null
   Redirected URL = null
          Cookies = []
[ERROR] Tests run: 3, Failures: 0, Errors: 3, Skipped: 0, Time elapsed: 10.322 s <<< FAILURE! - in com.wecp.cpm.CpmApplicationTests
[ERROR] getAllUserTest  Time elapsed: 0.674 s  <<< ERROR!
com.fasterxml.jackson.databind.exc.MismatchedInputException: 
No content to map due to end-of-input
 at [Source: (String)""; line: 1, column: 0]
	at com.wecp.cpm.CpmApplicationTests.getAllUserTest(CpmApplicationTests.java:70)

[ERROR] createUserTest  Time elapsed: 0.033 s  <<< ERROR!
com.fasterxml.jackson.databind.exc.MismatchedInputException: 
No content to map due to end-of-input
 at [Source: (String)""; line: 1, column: 0]
	at com.wecp.cpm.CpmApplicationTests.createUserTest(CpmApplicationTests.java:42)

[ERROR] deleteUserTest  Time elapsed: 0.032 s  <<< ERROR!
com.fasterxml.jackson.databind.exc.MismatchedInputException: 
No content to map due to end-of-input
 at [Source: (String)""; line: 1, column: 0]
	at com.wecp.cpm.CpmApplicationTests.deleteUserTest(CpmApplicationTests.java:54)

2021-02-28 07:46:52.422  INFO 1691 --- [extShutdownHook] o.s.s.concurrent.ThreadPoolTaskExecutor  : Shutting down ExecutorService 'applicationTaskExecutor'
2021-02-28 07:46:52.426  INFO 1691 --- [extShutdownHook] j.LocalContainerEntityManagerFactoryBean : Closing JPA EntityManagerFactory for persistence unit 'default'
2021-02-28 07:46:52.435  INFO 1691 --- [extShutdownHook] com.zaxxer.hikari.HikariDataSource       : HikariPool-1 - Shutdown initiated...
2021-02-28 07:46:52.446  INFO 1691 --- [extShutdownHook] com.zaxxer.hikari.HikariDataSource       : HikariPool-1 - Shutdown completed.
[INFO] 
[INFO] Results:
[INFO] 
[ERROR] Errors: 
[ERROR]   CpmApplicationTests.createUserTest:42  MismatchedInput No content to map due ...
[ERROR]   CpmApplicationTests.deleteUserTest:54  MismatchedInput No content to map due ...
[ERROR]   CpmApplicationTests.getAllUserTest:70  MismatchedInput No content to map due ...
[INFO] 
[ERROR] Tests run: 3, Failures: 0, Errors: 3, Skipped: 0
[INFO] 
[INFO] ------------------------------------------------------------------------
[INFO] BUILD FAILURE
[INFO] ------------------------------------------------------------------------
[INFO] Total time:  21.226 s
[INFO] Finished at: 2021-02-28T07:46:52Z
[INFO] ------------------------------------------------------------------------
[ERROR] Failed to execute goal org.apache.maven.plugins:maven-surefire-plugin:2.22.2:test (default-test) on project cpm: There are test failures.
[ERROR] 
[ERROR] Please refer to /home/ubuntu/root/target/surefire-reports for the individual test results.
[ERROR] Please refer to dump files (if any exist) [date].dump, [date]-jvmRun[N].dump and [date].dumpstream.
[ERROR] -> [Help 1]
[ERROR] 
[ERROR] To see the full stack trace of the errors, re-run Maven with the -e switch.
[ERROR] Re-run Maven using the -X switch to enable full debug logging.
[ERROR] 
[ERROR] For more information about the errors and possible solutions, please read the following articles:
[ERROR] [Help 1] http://cwiki.apache.org/confluence/display/MAVEN/MojoFailureException
