[INFO] Scanning for projects...
[INFO] 
[INFO] --------------------------< com.student:api >---------------------------
[INFO] Building api 0.0.1-SNAPSHOT
[INFO] --------------------------------[ jar ]---------------------------------
[INFO] 
[INFO] --- maven-resources-plugin:3.2.0:resources (default-resources) @ api ---
[INFO] Using 'UTF-8' encoding to copy filtered resources.
[INFO] Using 'UTF-8' encoding to copy filtered properties files.
[INFO] Copying 1 resource
[INFO] Copying 0 resource
[INFO] 
[INFO] --- maven-compiler-plugin:3.8.1:compile (default-compile) @ api ---
[INFO] Nothing to compile - all classes are up to date
[INFO] 
[INFO] --- maven-resources-plugin:3.2.0:testResources (default-testResources) @ api ---
[INFO] Using 'UTF-8' encoding to copy filtered resources.
[INFO] Using 'UTF-8' encoding to copy filtered properties files.
[INFO] skip non existing resourceDirectory /home/ubuntu/root/src/test/resources
[INFO] 
[INFO] --- maven-compiler-plugin:3.8.1:testCompile (default-testCompile) @ api ---
[INFO] Changes detected - recompiling the module!
[INFO] Compiling 2 source files to /home/ubuntu/root/target/test-classes
[INFO] 
[INFO] --- maven-surefire-plugin:2.22.2:test (default-test) @ api ---
Downloading from central: https://repo.maven.apache.org/maven2/org/apache/maven/surefire/maven-surefire-common/2.22.2/maven-surefire-common-2.22.2.pom
Progress (1): 2.7/11 kBProgress (1): 5.5/11 kBProgress (1): 8.2/11 kBProgress (1): 11/11 kB Progress (1): 11 kB                      Downloaded from central: https://repo.maven.apache.org/maven2/org/apache/maven/surefire/maven-surefire-common/2.22.2/maven-surefire-common-2.22.2.pom (11 kB at 10 kB/s)
Downloading from central: https://repo.maven.apache.org/maven2/org/apache/maven/plugin-tools/maven-plugin-annotations/3.5.2/maven-plugin-annotations-3.5.2.pom
Progress (1): 1.6 kB                    Downloaded from central: https://repo.maven.apache.org/maven2/org/apache/maven/plugin-tools/maven-plugin-annotations/3.5.2/maven-plugin-annotations-3.5.2.pom (1.6 kB at 6.9 kB/s)
Downloading from central: https://repo.maven.apache.org/maven2/org/apache/maven/surefire/surefire-api/2.22.2/surefire-api-2.22.2.pom
Progress (1): 2.7/3.5 kBProgress (1): 3.5 kB                        Downloaded from central: https://repo.maven.apache.org/maven2/org/apache/maven/surefire/surefire-api/2.22.2/surefire-api-2.22.2.pom (3.5 kB at 14 kB/s)
Downloading from central: https://repo.maven.apache.org/maven2/org/apache/maven/surefire/surefire-logger-api/2.22.2/surefire-logger-api-2.22.2.pom
Progress (1): 2.0 kB                    Downloaded from central: https://repo.maven.apache.org/maven2/org/apache/maven/surefire/surefire-logger-api/2.22.2/surefire-logger-api-2.22.2.pom (2.0 kB at 8.3 kB/s)
Downloading from central: https://repo.maven.apache.org/maven2/org/apache/maven/surefire/surefire-booter/2.22.2/surefire-booter-2.22.2.pom
Progress (1): 2.7/7.5 kBProgress (1): 5.5/7.5 kBProgress (1): 7.5 kB                        Downloaded from central: https://repo.maven.apache.org/maven2/org/apache/maven/surefire/surefire-booter/2.22.2/surefire-booter-2.22.2.pom (7.5 kB at 31 kB/s)
Downloading from central: https://repo.maven.apache.org/maven2/junit/junit/4.12/junit-4.12.pom
Progress (1): 2.7/24 kBProgress (1): 5.5/24 kBProgress (1): 8.2/24 kBProgress (1): 11/24 kB Progress (1): 14/24 kBProgress (1): 16/24 kBProgress (1): 19/24 kBProgress (1): 22/24 kBProgress (1): 24 kB                      Downloaded from central: https://repo.maven.apache.org/maven2/junit/junit/4.12/junit-4.12.pom (24 kB at 87 kB/s)
Downloading from central: https://repo.maven.apache.org/maven2/org/hamcrest/hamcrest-core/1.3/hamcrest-core-1.3.pom
Progress (1): 766 B                   Downloaded from central: https://repo.maven.apache.org/maven2/org/hamcrest/hamcrest-core/1.3/hamcrest-core-1.3.pom (766 B at 3.2 kB/s)
Downloading from central: https://repo.maven.apache.org/maven2/org/hamcrest/hamcrest-parent/1.3/hamcrest-parent-1.3.pom
Progress (1): 2.0 kB                    Downloaded from central: https://repo.maven.apache.org/maven2/org/hamcrest/hamcrest-parent/1.3/hamcrest-parent-1.3.pom (2.0 kB at 8.0 kB/s)
Downloading from central: https://repo.maven.apache.org/maven2/classworlds/classworlds/1.1/classworlds-1.1.pom
Progress (1): 2.7/3.3 kBProgress (1): 3.3 kB                        Downloaded from central: https://repo.maven.apache.org/maven2/classworlds/classworlds/1.1/classworlds-1.1.pom (3.3 kB at 14 kB/s)
Downloading from central: https://repo.maven.apache.org/maven2/org/apache/maven/maven-toolchain/2.2.1/maven-toolchain-2.2.1.pom
Progress (1): 2.7/3.3 kBProgress (1): 3.3 kB                        Downloaded from central: https://repo.maven.apache.org/maven2/org/apache/maven/maven-toolchain/2.2.1/maven-toolchain-2.2.1.pom (3.3 kB at 14 kB/s)
Downloading from central: https://repo.maven.apache.org/maven2/com/thoughtworks/qdox/qdox/2.0-M8/qdox-2.0-M8.pom
Progress (1): 2.7/16 kBProgress (1): 5.5/16 kBProgress (1): 8.2/16 kBProgress (1): 11/16 kB Progress (1): 14/16 kBProgress (1): 16 kB                      Downloaded from central: https://repo.maven.apache.org/maven2/com/thoughtworks/qdox/qdox/2.0-M8/qdox-2.0-M8.pom (16 kB at 63 kB/s)
Downloading from central: https://repo.maven.apache.org/maven2/org/apache/maven/surefire/maven-surefire-common/2.22.2/maven-surefire-common-2.22.2.jar
Downloading from central: https://repo.maven.apache.org/maven2/org/apache/maven/maven-plugin-api/2.2.1/maven-plugin-api-2.2.1.jar
Downloading from central: https://repo.maven.apache.org/maven2/org/apache/maven/surefire/surefire-api/2.22.2/surefire-api-2.22.2.jar
Downloading from central: https://repo.maven.apache.org/maven2/org/apache/maven/plugin-tools/maven-plugin-annotations/3.5.2/maven-plugin-annotations-3.5.2.jar
Downloading from central: https://repo.maven.apache.org/maven2/org/apache/maven/surefire/surefire-logger-api/2.22.2/surefire-logger-api-2.22.2.jar
Progress (1): 2.7/528 kBProgress (1): 5.5/528 kBProgress (1): 8.2/528 kBProgress (1): 11/528 kB Progress (1): 14/528 kBProgress (1): 16/528 kBProgress (1): 19/528 kBProgress (1): 22/528 kBProgress (1): 25/528 kBProgress (1): 27/528 kBProgress (1): 30/528 kBProgress (1): 33/528 kBProgress (1): 36/528 kBProgress (1): 38/528 kBProgress (1): 41/528 kBProgress (1): 44/528 kBProgress (1): 47/528 kBProgress (1): 49/528 kBProgress (1): 52/528 kBProgress (1): 55/528 kBProgress (1): 58/528 kBProgress (1): 60/528 kBProgress (1): 63/528 kBProgress (1): 66/528 kBProgress (1): 69/528 kBProgress (1): 71/528 kBProgress (1): 74/528 kBProgress (1): 77/528 kBProgress (1): 80/528 kBProgress (1): 82/528 kBProgress (1): 85/528 kBProgress (1): 88/528 kBProgress (1): 90/528 kBProgress (1): 93/528 kBProgress (1): 96/528 kBProgress (1): 99/528 kBProgress (1): 101/528 kBProgress (1): 104/528 kBProgress (1): 107/528 kBProgress (1): 110/528 kBProgress (1): 112/528 kBProgress (1): 115/528 kBProgress (1): 118/528 kBProgress (1): 121/528 kBProgress (1): 123/528 kBProgress (1): 126/528 kBProgress (1): 129/528 kBProgress (1): 132/528 kBProgress (1): 134/528 kBProgress (2): 134/528 kB | 2.7/186 kBProgress (2): 134/528 kB | 5.5/186 kBProgress (2): 134/528 kB | 8.2/186 kBProgress (2): 134/528 kB | 11/186 kB Progress (2): 137/528 kB | 11/186 kBProgress (2): 140/528 kB | 11/186 kBProgress (2): 143/528 kB | 11/186 kBProgress (3): 143/528 kB | 11/186 kB | 2.7/12 kBProgress (3): 143/528 kB | 11/186 kB | 5.5/12 kBProgress (3): 143/528 kB | 11/186 kB | 8.2/12 kBProgress (3): 143/528 kB | 11/186 kB | 11/12 kB Progress (3): 143/528 kB | 11/186 kB | 12 kB   Progress (3): 145/528 kB | 11/186 kB | 12 kBProgress (4): 145/528 kB | 11/186 kB | 12 kB | 2.7/13 kBProgress (4): 145/528 kB | 11/186 kB | 12 kB | 5.5/13 kBProgress (4): 145/528 kB | 11/186 kB | 12 kB | 8.2/13 kBProgress (4): 145/528 kB | 11/186 kB | 12 kB | 11/13 kB Progress (4): 145/528 kB | 11/186 kB | 12 kB | 13 kB   Progress (5): 145/528 kB | 11/186 kB | 12 kB | 13 kB | 2.7/14 kBProgress (5): 145/528 kB | 11/186 kB | 12 kB | 13 kB | 5.5/14 kBProgress (5): 145/528 kB | 11/186 kB | 12 kB | 13 kB | 8.2/14 kBProgress (5): 145/528 kB | 11/186 kB | 12 kB | 13 kB | 11/14 kB Progress (5): 145/528 kB | 11/186 kB | 12 kB | 13 kB | 14/14 kBProgress (5): 145/528 kB | 11/186 kB | 12 kB | 13 kB | 14 kB   Progress (5): 148/528 kB | 11/186 kB | 12 kB | 13 kB | 14 kBProgress (5): 151/528 kB | 11/186 kB | 12 kB | 13 kB | 14 kBProgress (5): 151/528 kB | 14/186 kB | 12 kB | 13 kB | 14 kBProgress (5): 151/528 kB | 16/186 kB | 12 kB | 13 kB | 14 kBProgress (5): 151/528 kB | 19/186 kB | 12 kB | 13 kB | 14 kBProgress (5): 151/528 kB | 22/186 kB | 12 kB | 13 kB | 14 kBProgress (5): 151/528 kB | 25/186 kB | 12 kB | 13 kB | 14 kBProgress (5): 151/528 kB | 27/186 kB | 12 kB | 13 kB | 14 kBProgress (5): 151/528 kB | 30/186 kB | 12 kB | 13 kB | 14 kBProgress (5): 151/528 kB | 33/186 kB | 12 kB | 13 kB | 14 kBProgress (5): 151/528 kB | 36/186 kB | 12 kB | 13 kB | 14 kBProgress (5): 151/528 kB | 38/186 kB | 12 kB | 13 kB | 14 kBProgress (5): 151/528 kB | 41/186 kB | 12 kB | 13 kB | 14 kBProgress (5): 154/528 kB | 41/186 kB | 12 kB | 13 kB | 14 kBProgress (5): 156/528 kB | 41/186 kB | 12 kB | 13 kB | 14 kBProgress (5): 159/528 kB | 41/186 kB | 12 kB | 13 kB | 14 kBProgress (5): 162/528 kB | 41/186 kB | 12 kB | 13 kB | 14 kBProgress (5): 165/528 kB | 41/186 kB | 12 kB | 13 kB | 14 kBProgress (5): 167/528 kB | 41/186 kB | 12 kB | 13 kB | 14 kBProgress (5): 170/528 kB | 41/186 kB | 12 kB | 13 kB | 14 kBProgress (5): 173/528 kB | 41/186 kB | 12 kB | 13 kB | 14 kBProgress (5): 175/528 kB | 41/186 kB | 12 kB | 13 kB | 14 kBProgress (5): 178/528 kB | 41/186 kB | 12 kB | 13 kB | 14 kBProgress (5): 181/528 kB | 41/186 kB | 12 kB | 13 kB | 14 kBProgress (5): 181/528 kB | 44/186 kB | 12 kB | 13 kB | 14 kBProgress (5): 181/528 kB | 47/186 kB | 12 kB | 13 kB | 14 kBProgress (5): 181/528 kB | 49/186 kB | 12 kB | 13 kB | 14 kBProgress (5): 181/528 kB | 52/186 kB | 12 kB | 13 kB | 14 kBProgress (5): 181/528 kB | 55/186 kB | 12 kB | 13 kB | 14 kBProgress (5): 184/528 kB | 55/186 kB | 12 kB | 13 kB | 14 kBProgress (5): 186/528 kB | 55/186 kB | 12 kB | 13 kB | 14 kBProgress (5): 189/528 kB | 55/186 kB | 12 kB | 13 kB | 14 kBProgress (5): 192/528 kB | 55/186 kB | 12 kB | 13 kB | 14 kBProgress (5): 195/528 kB | 55/186 kB | 12 kB | 13 kB | 14 kBProgress (5): 197/528 kB | 55/186 kB | 12 kB | 13 kB | 14 kBProgress (5): 197/528 kB | 58/186 kB | 12 kB | 13 kB | 14 kBProgress (5): 197/528 kB | 60/186 kB | 12 kB | 13 kB | 14 kBProgress (5): 197/528 kB | 63/186 kB | 12 kB | 13 kB | 14 kBProgress (5): 200/528 kB | 63/186 kB | 12 kB | 13 kB | 14 kBProgress (5): 203/528 kB | 63/186 kB | 12 kB | 13 kB | 14 kBProgress (5): 203/528 kB | 66/186 kB | 12 kB | 13 kB | 14 kBProgress (5): 203/528 kB | 69/186 kB | 12 kB | 13 kB | 14 kBProgress (5): 203/528 kB | 71/186 kB | 12 kB | 13 kB | 14 kB                                                            Downloaded from central: https://repo.maven.apache.org/maven2/org/apache/maven/maven-plugin-api/2.2.1/maven-plugin-api-2.2.1.jar (12 kB at 23 kB/s)
Downloading from central: https://repo.maven.apache.org/maven2/org/apache/maven/surefire/surefire-booter/2.22.2/surefire-booter-2.22.2.jar
Downloaded from central: https://repo.maven.apache.org/maven2/org/apache/maven/surefire/surefire-logger-api/2.22.2/surefire-logger-api-2.22.2.jar (13 kB at 25 kB/s)
Downloading from central: https://repo.maven.apache.org/maven2/org/apache/maven/maven-artifact/2.2.1/maven-artifact-2.2.1.jar
Progress (3): 203/528 kB | 74/186 kB | 14 kBProgress (3): 203/528 kB | 77/186 kB | 14 kBProgress (3): 203/528 kB | 80/186 kB | 14 kBProgress (3): 203/528 kB | 82/186 kB | 14 kB                                            Downloaded from central: https://repo.maven.apache.org/maven2/org/apache/maven/plugin-tools/maven-plugin-annotations/3.5.2/maven-plugin-annotations-3.5.2.jar (14 kB at 26 kB/s)
Progress (2): 203/528 kB | 85/186 kB                                    Downloading from central: https://repo.maven.apache.org/maven2/org/codehaus/plexus/plexus-utils/1.5.15/plexus-utils-1.5.15.jar
Progress (2): 203/528 kB | 88/186 kBProgress (2): 203/528 kB | 90/186 kBProgress (2): 203/528 kB | 93/186 kBProgress (2): 206/528 kB | 93/186 kBProgress (2): 208/528 kB | 93/186 kBProgress (2): 211/528 kB | 93/186 kBProgress (2): 211/528 kB | 96/186 kBProgress (2): 214/528 kB | 96/186 kBProgress (2): 217/528 kB | 96/186 kBProgress (2): 219/528 kB | 96/186 kBProgress (2): 222/528 kB | 96/186 kBProgress (2): 225/528 kB | 96/186 kBProgress (2): 228/528 kB | 96/186 kBProgress (2): 230/528 kB | 96/186 kBProgress (2): 233/528 kB | 96/186 kBProgress (2): 236/528 kB | 96/186 kBProgress (2): 239/528 kB | 96/186 kBProgress (2): 239/528 kB | 99/186 kBProgress (2): 239/528 kB | 101/186 kBProgress (2): 239/528 kB | 104/186 kBProgress (2): 239/528 kB | 107/186 kBProgress (2): 239/528 kB | 110/186 kBProgress (2): 239/528 kB | 112/186 kBProgress (2): 239/528 kB | 115/186 kBProgress (2): 241/528 kB | 115/186 kBProgress (2): 244/528 kB | 115/186 kBProgress (2): 244/528 kB | 118/186 kBProgress (2): 247/528 kB | 118/186 kBProgress (2): 247/528 kB | 121/186 kBProgress (2): 250/528 kB | 121/186 kBProgress (2): 252/528 kB | 121/186 kBProgress (2): 252/528 kB | 123/186 kBProgress (2): 255/528 kB | 123/186 kBProgress (2): 255/528 kB | 126/186 kBProgress (3): 255/528 kB | 126/186 kB | 2.7/80 kBProgress (3): 255/528 kB | 129/186 kB | 2.7/80 kBProgress (3): 255/528 kB | 132/186 kB | 2.7/80 kBProgress (4): 255/528 kB | 132/186 kB | 2.7/80 kB | 2.7/274 kBProgress (4): 255/528 kB | 134/186 kB | 2.7/80 kB | 2.7/274 kBProgress (4): 255/528 kB | 134/186 kB | 5.5/80 kB | 2.7/274 kBProgress (4): 255/528 kB | 137/186 kB | 5.5/80 kB | 2.7/274 kBProgress (4): 255/528 kB | 137/186 kB | 5.5/80 kB | 5.5/274 kBProgress (4): 255/528 kB | 137/186 kB | 8.2/80 kB | 5.5/274 kBProgress (4): 255/528 kB | 140/186 kB | 8.2/80 kB | 5.5/274 kBProgress (4): 255/528 kB | 143/186 kB | 8.2/80 kB | 5.5/274 kBProgress (4): 255/528 kB | 143/186 kB | 8.2/80 kB | 8.2/274 kBProgress (4): 255/528 kB | 145/186 kB | 8.2/80 kB | 8.2/274 kBProgress (4): 255/528 kB | 145/186 kB | 11/80 kB | 8.2/274 kB Progress (4): 255/528 kB | 148/186 kB | 11/80 kB | 8.2/274 kBProgress (4): 255/528 kB | 148/186 kB | 11/80 kB | 11/274 kB Progress (4): 255/528 kB | 148/186 kB | 14/80 kB | 11/274 kBProgress (4): 255/528 kB | 148/186 kB | 16/80 kB | 11/274 kBProgress (5): 255/528 kB | 148/186 kB | 16/80 kB | 11/274 kB | 2.7/228 kBProgress (5): 255/528 kB | 148/186 kB | 19/80 kB | 11/274 kB | 2.7/228 kBProgress (5): 255/528 kB | 148/186 kB | 19/80 kB | 14/274 kB | 2.7/228 kBProgress (5): 255/528 kB | 148/186 kB | 19/80 kB | 16/274 kB | 2.7/228 kBProgress (5): 255/528 kB | 148/186 kB | 19/80 kB | 16/274 kB | 5.5/228 kBProgress (5): 255/528 kB | 148/186 kB | 19/80 kB | 19/274 kB | 5.5/228 kBProgress (5): 255/528 kB | 148/186 kB | 22/80 kB | 19/274 kB | 5.5/228 kBProgress (5): 255/528 kB | 148/186 kB | 22/80 kB | 19/274 kB | 8.2/228 kBProgress (5): 255/528 kB | 148/186 kB | 22/80 kB | 22/274 kB | 8.2/228 kBProgress (5): 255/528 kB | 148/186 kB | 25/80 kB | 22/274 kB | 8.2/228 kBProgress (5): 255/528 kB | 148/186 kB | 25/80 kB | 22/274 kB | 11/228 kB Progress (5): 255/528 kB | 148/186 kB | 25/80 kB | 25/274 kB | 11/228 kBProgress (5): 255/528 kB | 148/186 kB | 27/80 kB | 25/274 kB | 11/228 kBProgress (5): 255/528 kB | 148/186 kB | 27/80 kB | 25/274 kB | 14/228 kBProgress (5): 255/528 kB | 148/186 kB | 27/80 kB | 25/274 kB | 16/228 kBProgress (5): 255/528 kB | 148/186 kB | 27/80 kB | 27/274 kB | 16/228 kBProgress (5): 255/528 kB | 148/186 kB | 30/80 kB | 27/274 kB | 16/228 kBProgress (5): 255/528 kB | 148/186 kB | 30/80 kB | 27/274 kB | 19/228 kBProgress (5): 255/528 kB | 148/186 kB | 30/80 kB | 30/274 kB | 19/228 kBProgress (5): 255/528 kB | 148/186 kB | 33/80 kB | 30/274 kB | 19/228 kBProgress (5): 255/528 kB | 148/186 kB | 33/80 kB | 30/274 kB | 22/228 kBProgress (5): 255/528 kB | 148/186 kB | 33/80 kB | 33/274 kB | 22/228 kBProgress (5): 255/528 kB | 148/186 kB | 36/80 kB | 33/274 kB | 22/228 kBProgress (5): 255/528 kB | 148/186 kB | 36/80 kB | 33/274 kB | 25/228 kBProgress (5): 255/528 kB | 148/186 kB | 36/80 kB | 36/274 kB | 25/228 kBProgress (5): 255/528 kB | 148/186 kB | 38/80 kB | 36/274 kB | 25/228 kBProgress (5): 255/528 kB | 151/186 kB | 38/80 kB | 36/274 kB | 25/228 kBProgress (5): 255/528 kB | 151/186 kB | 38/80 kB | 38/274 kB | 25/228 kBProgress (5): 255/528 kB | 151/186 kB | 41/80 kB | 38/274 kB | 25/228 kBProgress (5): 255/528 kB | 151/186 kB | 41/80 kB | 38/274 kB | 27/228 kBProgress (5): 259/528 kB | 151/186 kB | 41/80 kB | 38/274 kB | 27/228 kBProgress (5): 263/528 kB | 151/186 kB | 41/80 kB | 38/274 kB | 27/228 kBProgress (5): 267/528 kB | 151/186 kB | 41/80 kB | 38/274 kB | 27/228 kBProgress (5): 271/528 kB | 151/186 kB | 41/80 kB | 38/274 kB | 27/228 kBProgress (5): 271/528 kB | 151/186 kB | 41/80 kB | 38/274 kB | 30/228 kBProgress (5): 271/528 kB | 151/186 kB | 41/80 kB | 41/274 kB | 30/228 kBProgress (5): 271/528 kB | 151/186 kB | 41/80 kB | 41/274 kB | 33/228 kBProgress (5): 275/528 kB | 151/186 kB | 41/80 kB | 41/274 kB | 33/228 kBProgress (5): 280/528 kB | 151/186 kB | 41/80 kB | 41/274 kB | 33/228 kBProgress (5): 284/528 kB | 151/186 kB | 41/80 kB | 41/274 kB | 33/228 kBProgress (5): 288/528 kB | 151/186 kB | 41/80 kB | 41/274 kB | 33/228 kBProgress (5): 288/528 kB | 151/186 kB | 41/80 kB | 41/274 kB | 36/228 kBProgress (5): 288/528 kB | 154/186 kB | 41/80 kB | 41/274 kB | 36/228 kBProgress (5): 288/528 kB | 154/186 kB | 41/80 kB | 41/274 kB | 38/228 kBProgress (5): 288/528 kB | 156/186 kB | 41/80 kB | 41/274 kB | 38/228 kBProgress (5): 288/528 kB | 159/186 kB | 41/80 kB | 41/274 kB | 38/228 kBProgress (5): 288/528 kB | 159/186 kB | 41/80 kB | 41/274 kB | 41/228 kBProgress (5): 288/528 kB | 162/186 kB | 41/80 kB | 41/274 kB | 41/228 kBProgress (5): 288/528 kB | 165/186 kB | 41/80 kB | 41/274 kB | 41/228 kBProgress (5): 288/528 kB | 167/186 kB | 41/80 kB | 41/274 kB | 41/228 kBProgress (5): 288/528 kB | 170/186 kB | 41/80 kB | 41/274 kB | 41/228 kBProgress (5): 288/528 kB | 173/186 kB | 41/80 kB | 41/274 kB | 41/228 kBProgress (5): 292/528 kB | 173/186 kB | 41/80 kB | 41/274 kB | 41/228 kBProgress (5): 296/528 kB | 173/186 kB | 41/80 kB | 41/274 kB | 41/228 kBProgress (5): 300/528 kB | 173/186 kB | 41/80 kB | 41/274 kB | 41/228 kBProgress (5): 304/528 kB | 173/186 kB | 41/80 kB | 41/274 kB | 41/228 kBProgress (5): 304/528 kB | 175/186 kB | 41/80 kB | 41/274 kB | 41/228 kBProgress (5): 304/528 kB | 178/186 kB | 41/80 kB | 41/274 kB | 41/228 kBProgress (5): 304/528 kB | 181/186 kB | 41/80 kB | 41/274 kB | 41/228 kBProgress (5): 304/528 kB | 181/186 kB | 44/80 kB | 41/274 kB | 41/228 kBProgress (5): 304/528 kB | 181/186 kB | 47/80 kB | 41/274 kB | 41/228 kBProgress (5): 304/528 kB | 181/186 kB | 47/80 kB | 44/274 kB | 41/228 kBProgress (5): 304/528 kB | 181/186 kB | 47/80 kB | 47/274 kB | 41/228 kBProgress (5): 304/528 kB | 184/186 kB | 47/80 kB | 47/274 kB | 41/228 kBProgress (5): 304/528 kB | 186 kB | 47/80 kB | 47/274 kB | 41/228 kB    Progress (5): 304/528 kB | 186 kB | 49/80 kB | 47/274 kB | 41/228 kBProgress (5): 304/528 kB | 186 kB | 52/80 kB | 47/274 kB | 41/228 kBProgress (5): 304/528 kB | 186 kB | 52/80 kB | 49/274 kB | 41/228 kBProgress (5): 304/528 kB | 186 kB | 52/80 kB | 52/274 kB | 41/228 kBProgress (5): 304/528 kB | 186 kB | 55/80 kB | 52/274 kB | 41/228 kBProgress (5): 304/528 kB | 186 kB | 55/80 kB | 55/274 kB | 41/228 kBProgress (5): 304/528 kB | 186 kB | 58/80 kB | 55/274 kB | 41/228 kBProgress (5): 304/528 kB | 186 kB | 58/80 kB | 58/274 kB | 41/228 kBProgress (5): 304/528 kB | 186 kB | 60/80 kB | 58/274 kB | 41/228 kBProgress (5): 304/528 kB | 186 kB | 60/80 kB | 60/274 kB | 41/228 kBProgress (5): 304/528 kB | 186 kB | 63/80 kB | 60/274 kB | 41/228 kBProgress (5): 304/528 kB | 186 kB | 63/80 kB | 60/274 kB | 44/228 kBProgress (5): 304/528 kB | 186 kB | 63/80 kB | 60/274 kB | 47/228 kBProgress (5): 304/528 kB | 186 kB | 63/80 kB | 63/274 kB | 47/228 kBProgress (5): 304/528 kB | 186 kB | 66/80 kB | 63/274 kB | 47/228 kBProgress (5): 304/528 kB | 186 kB | 66/80 kB | 63/274 kB | 49/228 kBProgress (5): 304/528 kB | 186 kB | 66/80 kB | 63/274 kB | 52/228 kBProgress (5): 304/528 kB | 186 kB | 66/80 kB | 66/274 kB | 52/228 kBProgress (5): 304/528 kB | 186 kB | 69/80 kB | 66/274 kB | 52/228 kBProgress (5): 304/528 kB | 186 kB | 69/80 kB | 69/274 kB | 52/228 kBProgress (5): 304/528 kB | 186 kB | 71/80 kB | 69/274 kB | 52/228 kBProgress (5): 304/528 kB | 186 kB | 71/80 kB | 69/274 kB | 55/228 kBProgress (5): 304/528 kB | 186 kB | 74/80 kB | 69/274 kB | 55/228 kBProgress (5): 304/528 kB | 186 kB | 74/80 kB | 71/274 kB | 55/228 kBProgress (5): 304/528 kB | 186 kB | 74/80 kB | 71/274 kB | 58/228 kBProgress (5): 304/528 kB | 186 kB | 74/80 kB | 74/274 kB | 58/228 kBProgress (5): 304/528 kB | 186 kB | 77/80 kB | 74/274 kB | 58/228 kBProgress (5): 304/528 kB | 186 kB | 77/80 kB | 74/274 kB | 60/228 kBProgress (5): 304/528 kB | 186 kB | 77/80 kB | 77/274 kB | 60/228 kBProgress (5): 304/528 kB | 186 kB | 77/80 kB | 77/274 kB | 63/228 kBProgress (5): 308/528 kB | 186 kB | 77/80 kB | 77/274 kB | 63/228 kBProgress (5): 312/528 kB | 186 kB | 77/80 kB | 77/274 kB | 63/228 kBProgress (5): 316/528 kB | 186 kB | 77/80 kB | 77/274 kB | 63/228 kBProgress (5): 321/528 kB | 186 kB | 77/80 kB | 77/274 kB | 63/228 kBProgress (5): 321/528 kB | 186 kB | 80/80 kB | 77/274 kB | 63/228 kBProgress (5): 321/528 kB | 186 kB | 80 kB | 77/274 kB | 63/228 kB   Progress (5): 321/528 kB | 186 kB | 80 kB | 77/274 kB | 66/228 kBProgress (5): 321/528 kB | 186 kB | 80 kB | 80/274 kB | 66/228 kBProgress (5): 321/528 kB | 186 kB | 80 kB | 80/274 kB | 69/228 kBProgress (5): 321/528 kB | 186 kB | 80 kB | 82/274 kB | 69/228 kBProgress (5): 321/528 kB | 186 kB | 80 kB | 82/274 kB | 71/228 kBProgress (5): 321/528 kB | 186 kB | 80 kB | 82/274 kB | 74/228 kBProgress (5): 321/528 kB | 186 kB | 80 kB | 85/274 kB | 74/228 kBProgress (5): 321/528 kB | 186 kB | 80 kB | 85/274 kB | 77/228 kBProgress (5): 321/528 kB | 186 kB | 80 kB | 88/274 kB | 77/228 kBProgress (5): 321/528 kB | 186 kB | 80 kB | 88/274 kB | 80/228 kBProgress (5): 321/528 kB | 186 kB | 80 kB | 90/274 kB | 80/228 kBProgress (5): 321/528 kB | 186 kB | 80 kB | 93/274 kB | 80/228 kBProgress (5): 321/528 kB | 186 kB | 80 kB | 93/274 kB | 82/228 kBProgress (5): 325/528 kB | 186 kB | 80 kB | 93/274 kB | 82/228 kBProgress (5): 329/528 kB | 186 kB | 80 kB | 93/274 kB | 82/228 kBProgress (5): 333/528 kB | 186 kB | 80 kB | 93/274 kB | 82/228 kBProgress (5): 337/528 kB | 186 kB | 80 kB | 93/274 kB | 82/228 kBProgress (5): 337/528 kB | 186 kB | 80 kB | 93/274 kB | 85/228 kBProgress (5): 341/528 kB | 186 kB | 80 kB | 93/274 kB | 85/228 kBProgress (5): 345/528 kB | 186 kB | 80 kB | 93/274 kB | 85/228 kBProgress (5): 349/528 kB | 186 kB | 80 kB | 93/274 kB | 85/228 kBProgress (5): 353/528 kB | 186 kB | 80 kB | 93/274 kB | 85/228 kBProgress (5): 353/528 kB | 186 kB | 80 kB | 93/274 kB | 88/228 kBProgress (5): 353/528 kB | 186 kB | 80 kB | 93/274 kB | 90/228 kBProgress (5): 357/528 kB | 186 kB | 80 kB | 93/274 kB | 90/228 kBProgress (5): 362/528 kB | 186 kB | 80 kB | 93/274 kB | 90/228 kBProgress (5): 366/528 kB | 186 kB | 80 kB | 93/274 kB | 90/228 kBProgress (5): 370/528 kB | 186 kB | 80 kB | 93/274 kB | 90/228 kBProgress (5): 370/528 kB | 186 kB | 80 kB | 93/274 kB | 93/228 kBProgress (5): 374/528 kB | 186 kB | 80 kB | 93/274 kB | 93/228 kBProgress (5): 378/528 kB | 186 kB | 80 kB | 93/274 kB | 93/228 kBProgress (5): 382/528 kB | 186 kB | 80 kB | 93/274 kB | 93/228 kBProgress (5): 386/528 kB | 186 kB | 80 kB | 93/274 kB | 93/228 kBProgress (5): 390/528 kB | 186 kB | 80 kB | 93/274 kB | 93/228 kBProgress (5): 394/528 kB | 186 kB | 80 kB | 93/274 kB | 93/228 kBProgress (5): 398/528 kB | 186 kB | 80 kB | 93/274 kB | 93/228 kBProgress (5): 402/528 kB | 186 kB | 80 kB | 93/274 kB | 93/228 kBProgress (5): 407/528 kB | 186 kB | 80 kB | 93/274 kB | 93/228 kBProgress (5): 411/528 kB | 186 kB | 80 kB | 93/274 kB | 93/228 kBProgress (5): 415/528 kB | 186 kB | 80 kB | 93/274 kB | 93/228 kBProgress (5): 419/528 kB | 186 kB | 80 kB | 93/274 kB | 93/228 kBProgress (5): 423/528 kB | 186 kB | 80 kB | 93/274 kB | 93/228 kBProgress (5): 427/528 kB | 186 kB | 80 kB | 93/274 kB | 93/228 kBProgress (5): 431/528 kB | 186 kB | 80 kB | 93/274 kB | 93/228 kBProgress (5): 435/528 kB | 186 kB | 80 kB | 93/274 kB | 93/228 kBProgress (5): 435/528 kB | 186 kB | 80 kB | 96/274 kB | 93/228 kBProgress (5): 439/528 kB | 186 kB | 80 kB | 96/274 kB | 93/228 kBProgress (5): 443/528 kB | 186 kB | 80 kB | 96/274 kB | 93/228 kBProgress (5): 448/528 kB | 186 kB | 80 kB | 96/274 kB | 93/228 kBProgress (5): 452/528 kB | 186 kB | 80 kB | 96/274 kB | 93/228 kBProgress (5): 452/528 kB | 186 kB | 80 kB | 99/274 kB | 93/228 kBProgress (5): 452/528 kB | 186 kB | 80 kB | 101/274 kB | 93/228 kBProgress (5): 452/528 kB | 186 kB | 80 kB | 104/274 kB | 93/228 kBProgress (5): 452/528 kB | 186 kB | 80 kB | 107/274 kB | 93/228 kBProgress (5): 452/528 kB | 186 kB | 80 kB | 110/274 kB | 93/228 kB                                                                  Downloaded from central: https://repo.maven.apache.org/maven2/org/apache/maven/surefire/surefire-api/2.22.2/surefire-api-2.22.2.jar (186 kB at 207 kB/s)
Downloading from central: https://repo.maven.apache.org/maven2/org/apache/maven/maven-plugin-descriptor/2.2.1/maven-plugin-descriptor-2.2.1.jar
Progress (4): 452/528 kB | 80 kB | 112/274 kB | 93/228 kBProgress (4): 452/528 kB | 80 kB | 115/274 kB | 93/228 kBProgress (4): 452/528 kB | 80 kB | 115/274 kB | 96/228 kBProgress (4): 452/528 kB | 80 kB | 118/274 kB | 96/228 kBProgress (4): 452/528 kB | 80 kB | 118/274 kB | 99/228 kBProgress (4): 452/528 kB | 80 kB | 118/274 kB | 101/228 kBProgress (4): 452/528 kB | 80 kB | 118/274 kB | 104/228 kBProgress (4): 452/528 kB | 80 kB | 121/274 kB | 104/228 kBProgress (4): 452/528 kB | 80 kB | 121/274 kB | 107/228 kBProgress (4): 452/528 kB | 80 kB | 123/274 kB | 107/228 kBProgress (4): 452/528 kB | 80 kB | 123/274 kB | 110/228 kBProgress (4): 452/528 kB | 80 kB | 126/274 kB | 110/228 kBProgress (4): 452/528 kB | 80 kB | 126/274 kB | 112/228 kBProgress (4): 452/528 kB | 80 kB | 129/274 kB | 112/228 kBProgress (4): 452/528 kB | 80 kB | 129/274 kB | 115/228 kBProgress (4): 456/528 kB | 80 kB | 129/274 kB | 115/228 kBProgress (4): 460/528 kB | 80 kB | 129/274 kB | 115/228 kBProgress (4): 460/528 kB | 80 kB | 129/274 kB | 118/228 kBProgress (4): 460/528 kB | 80 kB | 132/274 kB | 118/228 kBProgress (4): 464/528 kB | 80 kB | 132/274 kB | 118/228 kBProgress (4): 468/528 kB | 80 kB | 132/274 kB | 118/228 kBProgress (4): 472/528 kB | 80 kB | 132/274 kB | 118/228 kBProgress (4): 475/528 kB | 80 kB | 132/274 kB | 118/228 kBProgress (4): 475/528 kB | 80 kB | 132/274 kB | 121/228 kBProgress (4): 475/528 kB | 80 kB | 134/274 kB | 121/228 kB                                                          Downloaded from central: https://repo.maven.apache.org/maven2/org/apache/maven/maven-artifact/2.2.1/maven-artifact-2.2.1.jar (80 kB at 86 kB/s)
Progress (3): 475/528 kB | 134/274 kB | 123/228 kB                                                  Downloading from central: https://repo.maven.apache.org/maven2/junit/junit/4.12/junit-4.12.jar
Progress (3): 475/528 kB | 137/274 kB | 123/228 kBProgress (3): 475/528 kB | 137/274 kB | 126/228 kBProgress (3): 475/528 kB | 137/274 kB | 129/228 kBProgress (3): 475/528 kB | 140/274 kB | 129/228 kBProgress (3): 475/528 kB | 140/274 kB | 132/228 kBProgress (3): 475/528 kB | 143/274 kB | 132/228 kBProgress (3): 479/528 kB | 143/274 kB | 132/228 kBProgress (3): 483/528 kB | 143/274 kB | 132/228 kBProgress (3): 487/528 kB | 143/274 kB | 132/228 kBProgress (3): 491/528 kB | 143/274 kB | 132/228 kBProgress (3): 491/528 kB | 145/274 kB | 132/228 kBProgress (3): 491/528 kB | 145/274 kB | 134/228 kBProgress (3): 491/528 kB | 148/274 kB | 134/228 kBProgress (3): 491/528 kB | 148/274 kB | 137/228 kBProgress (3): 495/528 kB | 148/274 kB | 137/228 kBProgress (3): 499/528 kB | 148/274 kB | 137/228 kBProgress (3): 503/528 kB | 148/274 kB | 137/228 kBProgress (3): 507/528 kB | 148/274 kB | 137/228 kBProgress (3): 507/528 kB | 148/274 kB | 140/228 kBProgress (3): 511/528 kB | 148/274 kB | 140/228 kBProgress (3): 515/528 kB | 148/274 kB | 140/228 kBProgress (3): 520/528 kB | 148/274 kB | 140/228 kBProgress (3): 524/528 kB | 148/274 kB | 140/228 kBProgress (3): 528/528 kB | 148/274 kB | 140/228 kBProgress (3): 528 kB | 148/274 kB | 140/228 kB    Progress (3): 528 kB | 148/274 kB | 143/228 kBProgress (3): 528 kB | 148/274 kB | 145/228 kBProgress (3): 528 kB | 148/274 kB | 148/228 kBProgress (3): 528 kB | 151/274 kB | 148/228 kBProgress (3): 528 kB | 154/274 kB | 148/228 kBProgress (3): 528 kB | 156/274 kB | 148/228 kBProgress (3): 528 kB | 159/274 kB | 148/228 kBProgress (3): 528 kB | 162/274 kB | 148/228 kBProgress (3): 528 kB | 165/274 kB | 148/228 kBProgress (3): 528 kB | 167/274 kB | 148/228 kBProgress (4): 528 kB | 167/274 kB | 148/228 kB | 2.7/39 kBProgress (4): 528 kB | 167/274 kB | 148/228 kB | 5.5/39 kBProgress (4): 528 kB | 170/274 kB | 148/228 kB | 5.5/39 kBProgress (4): 528 kB | 170/274 kB | 148/228 kB | 8.2/39 kBProgress (4): 528 kB | 170/274 kB | 148/228 kB | 11/39 kB Progress (4): 528 kB | 170/274 kB | 151/228 kB | 11/39 kBProgress (4): 528 kB | 170/274 kB | 151/228 kB | 14/39 kBProgress (4): 528 kB | 170/274 kB | 151/228 kB | 16/39 kBProgress (4): 528 kB | 173/274 kB | 151/228 kB | 16/39 kBProgress (4): 528 kB | 173/274 kB | 154/228 kB | 16/39 kBProgress (4): 528 kB | 173/274 kB | 154/228 kB | 19/39 kBProgress (4): 528 kB | 173/274 kB | 156/228 kB | 19/39 kBProgress (4): 528 kB | 173/274 kB | 156/228 kB | 22/39 kBProgress (4): 528 kB | 175/274 kB | 156/228 kB | 22/39 kBProgress (4): 528 kB | 178/274 kB | 156/228 kB | 22/39 kBProgress (4): 528 kB | 178/274 kB | 156/228 kB | 25/39 kBProgress (4): 528 kB | 178/274 kB | 156/228 kB | 27/39 kBProgress (4): 528 kB | 178/274 kB | 156/228 kB | 30/39 kBProgress (4): 528 kB | 178/274 kB | 156/228 kB | 33/39 kBProgress (4): 528 kB | 181/274 kB | 156/228 kB | 33/39 kBProgress (4): 528 kB | 181/274 kB | 159/228 kB | 33/39 kBProgress (4): 528 kB | 181/274 kB | 162/228 kB | 33/39 kBProgress (4): 528 kB | 181/274 kB | 165/228 kB | 33/39 kBProgress (4): 528 kB | 181/274 kB | 167/228 kB | 33/39 kBProgress (4): 528 kB | 181/274 kB | 170/228 kB | 33/39 kBProgress (4): 528 kB | 181/274 kB | 173/228 kB | 33/39 kBProgress (4): 528 kB | 181/274 kB | 173/228 kB | 36/39 kBProgress (4): 528 kB | 181/274 kB | 173/228 kB | 38/39 kBProgress (4): 528 kB | 184/274 kB | 173/228 kB | 38/39 kBProgress (4): 528 kB | 186/274 kB | 173/228 kB | 38/39 kBProgress (4): 528 kB | 186/274 kB | 173/228 kB | 39 kB   Progress (4): 528 kB | 186/274 kB | 175/228 kB | 39 kBProgress (4): 528 kB | 186/274 kB | 178/228 kB | 39 kBProgress (4): 528 kB | 186/274 kB | 181/228 kB | 39 kBProgress (4): 528 kB | 186/274 kB | 184/228 kB | 39 kBProgress (4): 528 kB | 186/274 kB | 186/228 kB | 39 kBProgress (4): 528 kB | 189/274 kB | 186/228 kB | 39 kBProgress (4): 528 kB | 189/274 kB | 189/228 kB | 39 kBProgress (4): 528 kB | 189/274 kB | 192/228 kB | 39 kBProgress (4): 528 kB | 189/274 kB | 195/228 kB | 39 kBProgress (4): 528 kB | 189/274 kB | 197/228 kB | 39 kBProgress (4): 528 kB | 189/274 kB | 200/228 kB | 39 kBProgress (4): 528 kB | 192/274 kB | 200/228 kB | 39 kBProgress (4): 528 kB | 192/274 kB | 203/228 kB | 39 kBProgress (5): 528 kB | 192/274 kB | 203/228 kB | 39 kB | 2.7/315 kBProgress (5): 528 kB | 192/274 kB | 206/228 kB | 39 kB | 2.7/315 kBProgress (5): 528 kB | 192/274 kB | 208/228 kB | 39 kB | 2.7/315 kBProgress (5): 528 kB | 192/274 kB | 208/228 kB | 39 kB | 5.5/315 kBProgress (5): 528 kB | 192/274 kB | 211/228 kB | 39 kB | 5.5/315 kBProgress (5): 528 kB | 195/274 kB | 211/228 kB | 39 kB | 5.5/315 kBProgress (5): 528 kB | 195/274 kB | 211/228 kB | 39 kB | 8.2/315 kBProgress (5): 528 kB | 195/274 kB | 214/228 kB | 39 kB | 8.2/315 kBProgress (5): 528 kB | 195/274 kB | 217/228 kB | 39 kB | 8.2/315 kBProgress (5): 528 kB | 195/274 kB | 217/228 kB | 39 kB | 11/315 kB Progress (5): 528 kB | 195/274 kB | 219/228 kB | 39 kB | 11/315 kBProgress (5): 528 kB | 195/274 kB | 219/228 kB | 39 kB | 14/315 kBProgress (5): 528 kB | 195/274 kB | 219/228 kB | 39 kB | 16/315 kBProgress (5): 528 kB | 195/274 kB | 222/228 kB | 39 kB | 16/315 kBProgress (5): 528 kB | 197/274 kB | 222/228 kB | 39 kB | 16/315 kBProgress (5): 528 kB | 197/274 kB | 225/228 kB | 39 kB | 16/315 kBProgress (5): 528 kB | 197/274 kB | 225/228 kB | 39 kB | 19/315 kBProgress (5): 528 kB | 197/274 kB | 228/228 kB | 39 kB | 19/315 kBProgress (5): 528 kB | 197/274 kB | 228/228 kB | 39 kB | 22/315 kBProgress (5): 528 kB | 197/274 kB | 228 kB | 39 kB | 22/315 kB    Progress (5): 528 kB | 200/274 kB | 228 kB | 39 kB | 22/315 kBProgress (5): 528 kB | 200/274 kB | 228 kB | 39 kB | 25/315 kBProgress (5): 528 kB | 200/274 kB | 228 kB | 39 kB | 27/315 kBProgress (5): 528 kB | 203/274 kB | 228 kB | 39 kB | 27/315 kBProgress (5): 528 kB | 203/274 kB | 228 kB | 39 kB | 30/315 kBProgress (5): 528 kB | 203/274 kB | 228 kB | 39 kB | 33/315 kBProgress (5): 528 kB | 203/274 kB | 228 kB | 39 kB | 36/315 kBProgress (5): 528 kB | 203/274 kB | 228 kB | 39 kB | 38/315 kBProgress (5): 528 kB | 203/274 kB | 228 kB | 39 kB | 41/315 kBProgress (5): 528 kB | 203/274 kB | 228 kB | 39 kB | 44/315 kB                                                              Downloaded from central: https://repo.maven.apache.org/maven2/org/apache/maven/surefire/maven-surefire-common/2.22.2/maven-surefire-common-2.22.2.jar (528 kB at 484 kB/s)
Progress (4): 203/274 kB | 228 kB | 39 kB | 47/315 kB                                                     Downloading from central: https://repo.maven.apache.org/maven2/org/hamcrest/hamcrest-core/1.3/hamcrest-core-1.3.jar
Progress (4): 203/274 kB | 228 kB | 39 kB | 49/315 kBProgress (4): 203/274 kB | 228 kB | 39 kB | 52/315 kBProgress (4): 206/274 kB | 228 kB | 39 kB | 52/315 kBProgress (4): 208/274 kB | 228 kB | 39 kB | 52/315 kBProgress (4): 211/274 kB | 228 kB | 39 kB | 52/315 kBProgress (4): 214/274 kB | 228 kB | 39 kB | 52/315 kBProgress (4): 217/274 kB | 228 kB | 39 kB | 52/315 kBProgress (4): 219/274 kB | 228 kB | 39 kB | 52/315 kBProgress (4): 223/274 kB | 228 kB | 39 kB | 52/315 kBProgress (4): 227/274 kB | 228 kB | 39 kB | 52/315 kBProgress (4): 231/274 kB | 228 kB | 39 kB | 52/315 kBProgress (4): 235/274 kB | 228 kB | 39 kB | 52/315 kBProgress (4): 239/274 kB | 228 kB | 39 kB | 52/315 kBProgress (4): 243/274 kB | 228 kB | 39 kB | 52/315 kBProgress (4): 247/274 kB | 228 kB | 39 kB | 52/315 kBProgress (4): 251/274 kB | 228 kB | 39 kB | 52/315 kBProgress (4): 256/274 kB | 228 kB | 39 kB | 52/315 kBProgress (4): 260/274 kB | 228 kB | 39 kB | 52/315 kBProgress (4): 264/274 kB | 228 kB | 39 kB | 52/315 kBProgress (4): 268/274 kB | 228 kB | 39 kB | 52/315 kBProgress (4): 272/274 kB | 228 kB | 39 kB | 52/315 kBProgress (4): 274 kB | 228 kB | 39 kB | 52/315 kB                                                     Downloaded from central: https://repo.maven.apache.org/maven2/org/apache/maven/maven-plugin-descriptor/2.2.1/maven-plugin-descriptor-2.2.1.jar (39 kB at 34 kB/s)
Downloading from central: https://repo.maven.apache.org/maven2/org/apache/maven/maven-project/2.2.1/maven-project-2.2.1.jar
Progress (3): 274 kB | 228 kB | 55/315 kBProgress (3): 274 kB | 228 kB | 58/315 kBProgress (3): 274 kB | 228 kB | 60/315 kBProgress (3): 274 kB | 228 kB | 63/315 kBProgress (3): 274 kB | 228 kB | 66/315 kBProgress (3): 274 kB | 228 kB | 69/315 kBProgress (3): 274 kB | 228 kB | 71/315 kBProgress (3): 274 kB | 228 kB | 74/315 kBProgress (3): 274 kB | 228 kB | 77/315 kBProgress (3): 274 kB | 228 kB | 80/315 kBProgress (3): 274 kB | 228 kB | 82/315 kBProgress (3): 274 kB | 228 kB | 85/315 kBProgress (3): 274 kB | 228 kB | 88/315 kB                                         Downloaded from central: https://repo.maven.apache.org/maven2/org/codehaus/plexus/plexus-utils/1.5.15/plexus-utils-1.5.15.jar (228 kB at 192 kB/s)
Downloading from central: https://repo.maven.apache.org/maven2/org/apache/maven/maven-settings/2.2.1/maven-settings-2.2.1.jar
Progress (2): 274 kB | 90/315 kBProgress (2): 274 kB | 93/315 kBProgress (2): 274 kB | 96/315 kBProgress (2): 274 kB | 99/315 kBProgress (3): 274 kB | 99/315 kB | 4.1/45 kBProgress (3): 274 kB | 99/315 kB | 8.2/45 kBProgress (3): 274 kB | 99/315 kB | 12/45 kB Progress (3): 274 kB | 99/315 kB | 16/45 kBProgress (3): 274 kB | 101/315 kB | 16/45 kBProgress (3): 274 kB | 104/315 kB | 16/45 kBProgress (3): 274 kB | 107/315 kB | 16/45 kBProgress (3): 274 kB | 107/315 kB | 20/45 kBProgress (3): 274 kB | 107/315 kB | 25/45 kBProgress (3): 274 kB | 107/315 kB | 29/45 kBProgress (3): 274 kB | 107/315 kB | 33/45 kBProgress (3): 274 kB | 110/315 kB | 33/45 kBProgress (3): 274 kB | 110/315 kB | 37/45 kBProgress (3): 274 kB | 110/315 kB | 41/45 kBProgress (3): 274 kB | 110/315 kB | 45 kB                                            Downloaded from central: https://repo.maven.apache.org/maven2/org/apache/maven/surefire/surefire-booter/2.22.2/surefire-booter-2.22.2.jar (274 kB at 215 kB/s)
Downloading from central: https://repo.maven.apache.org/maven2/org/apache/maven/maven-profile/2.2.1/maven-profile-2.2.1.jar
Progress (2): 112/315 kB | 45 kBProgress (3): 112/315 kB | 45 kB | 4.1/156 kBProgress (3): 112/315 kB | 45 kB | 8.2/156 kBProgress (3): 112/315 kB | 45 kB | 12/156 kB Progress (3): 112/315 kB | 45 kB | 16/156 kBProgress (3): 115/315 kB | 45 kB | 16/156 kBProgress (3): 118/315 kB | 45 kB | 16/156 kBProgress (3): 121/315 kB | 45 kB | 16/156 kBProgress (3): 123/315 kB | 45 kB | 16/156 kBProgress (3): 126/315 kB | 45 kB | 16/156 kBProgress (3): 129/315 kB | 45 kB | 16/156 kBProgress (3): 132/315 kB | 45 kB | 16/156 kBProgress (3): 132/315 kB | 45 kB | 20/156 kBProgress (3): 132/315 kB | 45 kB | 25/156 kBProgress (3): 132/315 kB | 45 kB | 29/156 kBProgress (3): 132/315 kB | 45 kB | 33/156 kBProgress (3): 134/315 kB | 45 kB | 33/156 kBProgress (3): 137/315 kB | 45 kB | 33/156 kBProgress (3): 140/315 kB | 45 kB | 33/156 kBProgress (3): 143/315 kB | 45 kB | 33/156 kBProgress (3): 145/315 kB | 45 kB | 33/156 kBProgress (3): 148/315 kB | 45 kB | 33/156 kBProgress (3): 148/315 kB | 45 kB | 37/156 kBProgress (3): 148/315 kB | 45 kB | 41/156 kBProgress (3): 148/315 kB | 45 kB | 45/156 kBProgress (3): 148/315 kB | 45 kB | 49/156 kBProgress (3): 151/315 kB | 45 kB | 49/156 kBProgress (3): 154/315 kB | 45 kB | 49/156 kBProgress (3): 156/315 kB | 45 kB | 49/156 kBProgress (3): 159/315 kB | 45 kB | 49/156 kBProgress (3): 162/315 kB | 45 kB | 49/156 kBProgress (3): 165/315 kB | 45 kB | 49/156 kBProgress (3): 167/315 kB | 45 kB | 49/156 kBProgress (3): 170/315 kB | 45 kB | 49/156 kBProgress (4): 170/315 kB | 45 kB | 49/156 kB | 4.1/49 kBProgress (4): 170/315 kB | 45 kB | 49/156 kB | 8.2/49 kBProgress (4): 170/315 kB | 45 kB | 49/156 kB | 12/49 kB Progress (4): 170/315 kB | 45 kB | 49/156 kB | 16/49 kBProgress (4): 173/315 kB | 45 kB | 49/156 kB | 16/49 kBProgress (4): 175/315 kB | 45 kB | 49/156 kB | 16/49 kBProgress (4): 178/315 kB | 45 kB | 49/156 kB | 16/49 kBProgress (4): 181/315 kB | 45 kB | 49/156 kB | 16/49 kBProgress (4): 184/315 kB | 45 kB | 49/156 kB | 16/49 kBProgress (4): 184/315 kB | 45 kB | 49/156 kB | 20/49 kBProgress (4): 184/315 kB | 45 kB | 49/156 kB | 25/49 kBProgress (4): 184/315 kB | 45 kB | 49/156 kB | 29/49 kBProgress (4): 184/315 kB | 45 kB | 49/156 kB | 33/49 kBProgress (4): 186/315 kB | 45 kB | 49/156 kB | 33/49 kBProgress (4): 189/315 kB | 45 kB | 49/156 kB | 33/49 kBProgress (4): 192/315 kB | 45 kB | 49/156 kB | 33/49 kBProgress (4): 195/315 kB | 45 kB | 49/156 kB | 33/49 kB                                                       Downloaded from central: https://repo.maven.apache.org/maven2/org/hamcrest/hamcrest-core/1.3/hamcrest-core-1.3.jar (45 kB at 34 kB/s)
Downloading from central: https://repo.maven.apache.org/maven2/org/apache/maven/maven-artifact-manager/2.2.1/maven-artifact-manager-2.2.1.jar
Progress (3): 197/315 kB | 49/156 kB | 33/49 kBProgress (3): 200/315 kB | 49/156 kB | 33/49 kBProgress (3): 200/315 kB | 49/156 kB | 37/49 kBProgress (3): 200/315 kB | 49/156 kB | 41/49 kBProgress (3): 200/315 kB | 49/156 kB | 45/49 kBProgress (3): 200/315 kB | 49/156 kB | 49 kB   Progress (3): 203/315 kB | 49/156 kB | 49 kBProgress (3): 206/315 kB | 49/156 kB | 49 kBProgress (3): 208/315 kB | 49/156 kB | 49 kBProgress (3): 211/315 kB | 49/156 kB | 49 kBProgress (3): 214/315 kB | 49/156 kB | 49 kBProgress (3): 217/315 kB | 49/156 kB | 49 kBProgress (3): 219/315 kB | 49/156 kB | 49 kBProgress (3): 222/315 kB | 49/156 kB | 49 kBProgress (3): 225/315 kB | 49/156 kB | 49 kBProgress (3): 228/315 kB | 49/156 kB | 49 kBProgress (3): 230/315 kB | 49/156 kB | 49 kBProgress (3): 233/315 kB | 49/156 kB | 49 kBProgress (3): 236/315 kB | 49/156 kB | 49 kBProgress (3): 239/315 kB | 49/156 kB | 49 kBProgress (3): 241/315 kB | 49/156 kB | 49 kBProgress (3): 244/315 kB | 49/156 kB | 49 kBProgress (3): 247/315 kB | 49/156 kB | 49 kBProgress (3): 250/315 kB | 49/156 kB | 49 kBProgress (3): 252/315 kB | 49/156 kB | 49 kBProgress (3): 255/315 kB | 49/156 kB | 49 kBProgress (3): 258/315 kB | 49/156 kB | 49 kBProgress (3): 260/315 kB | 49/156 kB | 49 kBProgress (3): 260/315 kB | 53/156 kB | 49 kBProgress (3): 260/315 kB | 57/156 kB | 49 kBProgress (3): 260/315 kB | 61/156 kB | 49 kBProgress (3): 260/315 kB | 66/156 kB | 49 kBProgress (4): 260/315 kB | 66/156 kB | 49 kB | 4.1/35 kBProgress (4): 260/315 kB | 66/156 kB | 49 kB | 8.2/35 kBProgress (4): 260/315 kB | 66/156 kB | 49 kB | 12/35 kB Progress (4): 260/315 kB | 66/156 kB | 49 kB | 16/35 kBProgress (4): 263/315 kB | 66/156 kB | 49 kB | 16/35 kBProgress (4): 266/315 kB | 66/156 kB | 49 kB | 16/35 kBProgress (4): 269/315 kB | 66/156 kB | 49 kB | 16/35 kBProgress (4): 271/315 kB | 66/156 kB | 49 kB | 16/35 kBProgress (4): 274/315 kB | 66/156 kB | 49 kB | 16/35 kBProgress (4): 274/315 kB | 66/156 kB | 49 kB | 20/35 kBProgress (4): 274/315 kB | 66/156 kB | 49 kB | 25/35 kBProgress (4): 274/315 kB | 66/156 kB | 49 kB | 29/35 kBProgress (4): 274/315 kB | 66/156 kB | 49 kB | 33/35 kBProgress (4): 274/315 kB | 66/156 kB | 49 kB | 35 kB   Progress (4): 274/315 kB | 70/156 kB | 49 kB | 35 kBProgress (4): 274/315 kB | 74/156 kB | 49 kB | 35 kBProgress (4): 274/315 kB | 78/156 kB | 49 kB | 35 kBProgress (4): 274/315 kB | 82/156 kB | 49 kB | 35 kBProgress (4): 277/315 kB | 82/156 kB | 49 kB | 35 kBProgress (4): 280/315 kB | 82/156 kB | 49 kB | 35 kBProgress (4): 282/315 kB | 82/156 kB | 49 kB | 35 kBProgress (4): 285/315 kB | 82/156 kB | 49 kB | 35 kBProgress (4): 288/315 kB | 82/156 kB | 49 kB | 35 kBProgress (4): 288/315 kB | 86/156 kB | 49 kB | 35 kBProgress (4): 288/315 kB | 90/156 kB | 49 kB | 35 kBProgress (4): 288/315 kB | 94/156 kB | 49 kB | 35 kBProgress (4): 288/315 kB | 98/156 kB | 49 kB | 35 kBProgress (4): 291/315 kB | 98/156 kB | 49 kB | 35 kBProgress (4): 293/315 kB | 98/156 kB | 49 kB | 35 kBProgress (4): 296/315 kB | 98/156 kB | 49 kB | 35 kBProgress (4): 299/315 kB | 98/156 kB | 49 kB | 35 kBProgress (4): 302/315 kB | 98/156 kB | 49 kB | 35 kBProgress (4): 304/315 kB | 98/156 kB | 49 kB | 35 kBProgress (4): 307/315 kB | 98/156 kB | 49 kB | 35 kBProgress (4): 310/315 kB | 98/156 kB | 49 kB | 35 kBProgress (4): 313/315 kB | 98/156 kB | 49 kB | 35 kBProgress (4): 315 kB | 98/156 kB | 49 kB | 35 kB    Progress (5): 315 kB | 98/156 kB | 49 kB | 35 kB | 4.1/68 kBProgress (5): 315 kB | 98/156 kB | 49 kB | 35 kB | 8.2/68 kBProgress (5): 315 kB | 98/156 kB | 49 kB | 35 kB | 12/68 kB Progress (5): 315 kB | 98/156 kB | 49 kB | 35 kB | 16/68 kB                                                           Downloaded from central: https://repo.maven.apache.org/maven2/org/apache/maven/maven-settings/2.2.1/maven-settings-2.2.1.jar (49 kB at 34 kB/s)
Downloading from central: https://repo.maven.apache.org/maven2/backport-util-concurrent/backport-util-concurrent/3.1/backport-util-concurrent-3.1.jar
Progress (4): 315 kB | 98/156 kB | 35 kB | 20/68 kBProgress (4): 315 kB | 98/156 kB | 35 kB | 25/68 kBProgress (4): 315 kB | 98/156 kB | 35 kB | 29/68 kBProgress (4): 315 kB | 98/156 kB | 35 kB | 33/68 kBProgress (4): 315 kB | 98/156 kB | 35 kB | 37/68 kBProgress (4): 315 kB | 98/156 kB | 35 kB | 41/68 kBProgress (4): 315 kB | 98/156 kB | 35 kB | 45/68 kBProgress (4): 315 kB | 98/156 kB | 35 kB | 49/68 kBProgress (4): 315 kB | 98/156 kB | 35 kB | 53/68 kBProgress (4): 315 kB | 98/156 kB | 35 kB | 57/68 kBProgress (4): 315 kB | 98/156 kB | 35 kB | 61/68 kBProgress (4): 315 kB | 98/156 kB | 35 kB | 66/68 kBProgress (4): 315 kB | 98/156 kB | 35 kB | 68 kB   Progress (4): 315 kB | 102/156 kB | 35 kB | 68 kBProgress (4): 315 kB | 106/156 kB | 35 kB | 68 kBProgress (4): 315 kB | 111/156 kB | 35 kB | 68 kBProgress (4): 315 kB | 115/156 kB | 35 kB | 68 kBProgress (4): 315 kB | 119/156 kB | 35 kB | 68 kBProgress (4): 315 kB | 123/156 kB | 35 kB | 68 kBProgress (4): 315 kB | 127/156 kB | 35 kB | 68 kBProgress (4): 315 kB | 131/156 kB | 35 kB | 68 kBProgress (4): 315 kB | 135/156 kB | 35 kB | 68 kBProgress (4): 315 kB | 139/156 kB | 35 kB | 68 kBProgress (4): 315 kB | 143/156 kB | 35 kB | 68 kBProgress (4): 315 kB | 147/156 kB | 35 kB | 68 kBProgress (4): 315 kB | 152/156 kB | 35 kB | 68 kBProgress (4): 315 kB | 156/156 kB | 35 kB | 68 kBProgress (4): 315 kB | 156 kB | 35 kB | 68 kB                                                 Downloaded from central: https://repo.maven.apache.org/maven2/org/apache/maven/maven-profile/2.2.1/maven-profile-2.2.1.jar (35 kB at 23 kB/s)
Downloading from central: https://repo.maven.apache.org/maven2/org/apache/maven/maven-plugin-registry/2.2.1/maven-plugin-registry-2.2.1.jar
Downloaded from central: https://repo.maven.apache.org/maven2/junit/junit/4.12/junit-4.12.jar (315 kB at 204 kB/s)
Downloading from central: https://repo.maven.apache.org/maven2/org/codehaus/plexus/plexus-interpolation/1.11/plexus-interpolation-1.11.jar
Progress (3): 156 kB | 68 kB | 4.1/332 kBProgress (3): 156 kB | 68 kB | 8.2/332 kBProgress (3): 156 kB | 68 kB | 12/332 kB Progress (3): 156 kB | 68 kB | 16/332 kB                                        Downloaded from central: https://repo.maven.apache.org/maven2/org/apache/maven/maven-artifact-manager/2.2.1/maven-artifact-manager-2.2.1.jar (68 kB at 43 kB/s)
Downloading from central: https://repo.maven.apache.org/maven2/org/apache/maven/maven-model/2.2.1/maven-model-2.2.1.jar
Progress (2): 156 kB | 20/332 kBProgress (2): 156 kB | 25/332 kBProgress (2): 156 kB | 29/332 kBProgress (2): 156 kB | 33/332 kBProgress (2): 156 kB | 37/332 kBProgress (2): 156 kB | 41/332 kBProgress (2): 156 kB | 45/332 kBProgress (2): 156 kB | 49/332 kBProgress (2): 156 kB | 53/332 kBProgress (2): 156 kB | 57/332 kBProgress (2): 156 kB | 61/332 kBProgress (2): 156 kB | 66/332 kBProgress (2): 156 kB | 70/332 kBProgress (2): 156 kB | 74/332 kBProgress (2): 156 kB | 78/332 kBProgress (2): 156 kB | 82/332 kBProgress (2): 156 kB | 86/332 kBProgress (2): 156 kB | 90/332 kBProgress (2): 156 kB | 94/332 kBProgress (2): 156 kB | 98/332 kBProgress (2): 156 kB | 102/332 kBProgress (2): 156 kB | 106/332 kBProgress (2): 156 kB | 111/332 kBProgress (2): 156 kB | 115/332 kBProgress (2): 156 kB | 119/332 kBProgress (2): 156 kB | 123/332 kBProgress (2): 156 kB | 127/332 kBProgress (2): 156 kB | 131/332 kBProgress (2): 156 kB | 135/332 kBProgress (2): 156 kB | 139/332 kBProgress (2): 156 kB | 143/332 kBProgress (2): 156 kB | 147/332 kBProgress (2): 156 kB | 152/332 kBProgress (2): 156 kB | 156/332 kBProgress (2): 156 kB | 160/332 kBProgress (2): 156 kB | 164/332 kBProgress (2): 156 kB | 168/332 kBProgress (2): 156 kB | 172/332 kBProgress (2): 156 kB | 176/332 kBProgress (2): 156 kB | 180/332 kBProgress (2): 156 kB | 184/332 kBProgress (2): 156 kB | 188/332 kBProgress (2): 156 kB | 193/332 kBProgress (2): 156 kB | 197/332 kB                                 Downloaded from central: https://repo.maven.apache.org/maven2/org/apache/maven/maven-project/2.2.1/maven-project-2.2.1.jar (156 kB at 95 kB/s)
Downloading from central: https://repo.maven.apache.org/maven2/org/apache/maven/maven-core/2.2.1/maven-core-2.2.1.jar
Progress (2): 197/332 kB | 4.1/30 kBProgress (2): 197/332 kB | 8.2/30 kBProgress (2): 197/332 kB | 12/30 kB Progress (2): 197/332 kB | 16/30 kBProgress (3): 197/332 kB | 16/30 kB | 4.1/51 kBProgress (3): 197/332 kB | 16/30 kB | 8.2/51 kBProgress (3): 197/332 kB | 16/30 kB | 12/51 kB Progress (3): 197/332 kB | 16/30 kB | 16/51 kBProgress (3): 197/332 kB | 20/30 kB | 16/51 kBProgress (3): 197/332 kB | 25/30 kB | 16/51 kBProgress (3): 197/332 kB | 29/30 kB | 16/51 kBProgress (3): 197/332 kB | 30 kB | 16/51 kB   Progress (3): 197/332 kB | 30 kB | 20/51 kBProgress (3): 197/332 kB | 30 kB | 25/51 kBProgress (3): 197/332 kB | 30 kB | 29/51 kBProgress (3): 197/332 kB | 30 kB | 33/51 kBProgress (3): 197/332 kB | 30 kB | 37/51 kBProgress (3): 197/332 kB | 30 kB | 41/51 kBProgress (3): 197/332 kB | 30 kB | 45/51 kBProgress (3): 197/332 kB | 30 kB | 49/51 kBProgress (3): 197/332 kB | 30 kB | 51 kB   Progress (3): 201/332 kB | 30 kB | 51 kBProgress (3): 205/332 kB | 30 kB | 51 kBProgress (3): 209/332 kB | 30 kB | 51 kBProgress (3): 213/332 kB | 30 kB | 51 kBProgress (3): 217/332 kB | 30 kB | 51 kBProgress (3): 221/332 kB | 30 kB | 51 kBProgress (3): 225/332 kB | 30 kB | 51 kBProgress (3): 229/332 kB | 30 kB | 51 kBProgress (3): 233/332 kB | 30 kB | 51 kBProgress (4): 233/332 kB | 30 kB | 51 kB | 4.1/88 kBProgress (4): 233/332 kB | 30 kB | 51 kB | 8.2/88 kBProgress (4): 233/332 kB | 30 kB | 51 kB | 12/88 kB Progress (4): 233/332 kB | 30 kB | 51 kB | 16/88 kBProgress (4): 238/332 kB | 30 kB | 51 kB | 16/88 kBProgress (4): 242/332 kB | 30 kB | 51 kB | 16/88 kBProgress (4): 246/332 kB | 30 kB | 51 kB | 16/88 kBProgress (4): 250/332 kB | 30 kB | 51 kB | 16/88 kBProgress (4): 250/332 kB | 30 kB | 51 kB | 20/88 kBProgress (4): 250/332 kB | 30 kB | 51 kB | 25/88 kBProgress (4): 250/332 kB | 30 kB | 51 kB | 29/88 kBProgress (4): 250/332 kB | 30 kB | 51 kB | 33/88 kBProgress (4): 254/332 kB | 30 kB | 51 kB | 33/88 kBProgress (4): 258/332 kB | 30 kB | 51 kB | 33/88 kBProgress (4): 262/332 kB | 30 kB | 51 kB | 33/88 kBProgress (4): 266/332 kB | 30 kB | 51 kB | 33/88 kBProgress (4): 266/332 kB | 30 kB | 51 kB | 37/88 kBProgress (4): 266/332 kB | 30 kB | 51 kB | 41/88 kBProgress (4): 266/332 kB | 30 kB | 51 kB | 45/88 kBProgress (4): 266/332 kB | 30 kB | 51 kB | 49/88 kBProgress (4): 266/332 kB | 30 kB | 51 kB | 53/88 kBProgress (4): 266/332 kB | 30 kB | 51 kB | 57/88 kBProgress (4): 266/332 kB | 30 kB | 51 kB | 61/88 kBProgress (4): 266/332 kB | 30 kB | 51 kB | 66/88 kBProgress (4): 270/332 kB | 30 kB | 51 kB | 66/88 kBProgress (4): 274/332 kB | 30 kB | 51 kB | 66/88 kBProgress (4): 279/332 kB | 30 kB | 51 kB | 66/88 kBProgress (4): 283/332 kB | 30 kB | 51 kB | 66/88 kBProgress (4): 287/332 kB | 30 kB | 51 kB | 66/88 kBProgress (4): 291/332 kB | 30 kB | 51 kB | 66/88 kBProgress (4): 295/332 kB | 30 kB | 51 kB | 66/88 kBProgress (4): 299/332 kB | 30 kB | 51 kB | 66/88 kBProgress (4): 299/332 kB | 30 kB | 51 kB | 70/88 kBProgress (4): 299/332 kB | 30 kB | 51 kB | 74/88 kBProgress (4): 299/332 kB | 30 kB | 51 kB | 78/88 kBProgress (4): 299/332 kB | 30 kB | 51 kB | 82/88 kBProgress (4): 299/332 kB | 30 kB | 51 kB | 86/88 kBProgress (4): 299/332 kB | 30 kB | 51 kB | 88 kB   Progress (4): 303/332 kB | 30 kB | 51 kB | 88 kBProgress (4): 307/332 kB | 30 kB | 51 kB | 88 kBProgress (4): 311/332 kB | 30 kB | 51 kB | 88 kBProgress (4): 315/332 kB | 30 kB | 51 kB | 88 kBProgress (4): 319/332 kB | 30 kB | 51 kB | 88 kBProgress (4): 324/332 kB | 30 kB | 51 kB | 88 kBProgress (4): 328/332 kB | 30 kB | 51 kB | 88 kBProgress (4): 332 kB | 30 kB | 51 kB | 88 kB    Progress (5): 332 kB | 30 kB | 51 kB | 88 kB | 4.1/178 kBProgress (5): 332 kB | 30 kB | 51 kB | 88 kB | 8.2/178 kBProgress (5): 332 kB | 30 kB | 51 kB | 88 kB | 12/178 kB Progress (5): 332 kB | 30 kB | 51 kB | 88 kB | 16/178 kBProgress (5): 332 kB | 30 kB | 51 kB | 88 kB | 20/178 kBProgress (5): 332 kB | 30 kB | 51 kB | 88 kB | 25/178 kBProgress (5): 332 kB | 30 kB | 51 kB | 88 kB | 29/178 kBProgress (5): 332 kB | 30 kB | 51 kB | 88 kB | 33/178 kBProgress (5): 332 kB | 30 kB | 51 kB | 88 kB | 37/178 kBProgress (5): 332 kB | 30 kB | 51 kB | 88 kB | 41/178 kBProgress (5): 332 kB | 30 kB | 51 kB | 88 kB | 45/178 kBProgress (5): 332 kB | 30 kB | 51 kB | 88 kB | 49/178 kBProgress (5): 332 kB | 30 kB | 51 kB | 88 kB | 53/178 kBProgress (5): 332 kB | 30 kB | 51 kB | 88 kB | 57/178 kBProgress (5): 332 kB | 30 kB | 51 kB | 88 kB | 61/178 kBProgress (5): 332 kB | 30 kB | 51 kB | 88 kB | 66/178 kB                                                        Downloaded from central: https://repo.maven.apache.org/maven2/org/apache/maven/maven-plugin-registry/2.2.1/maven-plugin-registry-2.2.1.jar (30 kB at 17 kB/s)
Downloaded from central: https://repo.maven.apache.org/maven2/org/codehaus/plexus/plexus-interpolation/1.11/plexus-interpolation-1.11.jar (51 kB at 29 kB/s)
Downloading from central: https://repo.maven.apache.org/maven2/org/apache/maven/maven-plugin-parameter-documenter/2.2.1/maven-plugin-parameter-documenter-2.2.1.jar
Downloading from central: https://repo.maven.apache.org/maven2/org/slf4j/slf4j-jdk14/1.5.6/slf4j-jdk14-1.5.6.jar
Progress (3): 332 kB | 88 kB | 70/178 kBProgress (3): 332 kB | 88 kB | 74/178 kBProgress (3): 332 kB | 88 kB | 78/178 kBProgress (3): 332 kB | 88 kB | 82/178 kBProgress (3): 332 kB | 88 kB | 86/178 kBProgress (3): 332 kB | 88 kB | 90/178 kBProgress (3): 332 kB | 88 kB | 94/178 kBProgress (3): 332 kB | 88 kB | 98/178 kBProgress (3): 332 kB | 88 kB | 102/178 kBProgress (3): 332 kB | 88 kB | 106/178 kBProgress (3): 332 kB | 88 kB | 111/178 kBProgress (3): 332 kB | 88 kB | 115/178 kBProgress (3): 332 kB | 88 kB | 119/178 kBProgress (3): 332 kB | 88 kB | 123/178 kBProgress (3): 332 kB | 88 kB | 127/178 kBProgress (3): 332 kB | 88 kB | 131/178 kB                                         Downloaded from central: https://repo.maven.apache.org/maven2/backport-util-concurrent/backport-util-concurrent/3.1/backport-util-concurrent-3.1.jar (332 kB at 182 kB/s)
Downloaded from central: https://repo.maven.apache.org/maven2/org/apache/maven/maven-model/2.2.1/maven-model-2.2.1.jar (88 kB at 48 kB/s)
Downloading from central: https://repo.maven.apache.org/maven2/org/slf4j/slf4j-api/1.5.6/slf4j-api-1.5.6.jar
Downloading from central: https://repo.maven.apache.org/maven2/org/slf4j/jcl-over-slf4j/1.5.6/jcl-over-slf4j-1.5.6.jar
Progress (1): 135/178 kBProgress (1): 139/178 kBProgress (1): 143/178 kBProgress (1): 147/178 kBProgress (1): 152/178 kBProgress (1): 156/178 kBProgress (1): 160/178 kBProgress (1): 164/178 kBProgress (1): 168/178 kBProgress (1): 172/178 kBProgress (1): 176/178 kBProgress (1): 178 kB    Progress (2): 178 kB | 4.1/22 kBProgress (2): 178 kB | 8.2/22 kBProgress (2): 178 kB | 12/22 kB Progress (2): 178 kB | 16/22 kBProgress (2): 178 kB | 20/22 kBProgress (3): 178 kB | 20/22 kB | 4.1/8.8 kBProgress (3): 178 kB | 20/22 kB | 8.2/8.8 kBProgress (3): 178 kB | 20/22 kB | 8.8 kB    Progress (3): 178 kB | 22 kB | 8.8 kB   Progress (4): 178 kB | 22 kB | 8.8 kB | 4.1/17 kBProgress (4): 178 kB | 22 kB | 8.8 kB | 8.2/17 kBProgress (4): 178 kB | 22 kB | 8.8 kB | 12/17 kB Progress (4): 178 kB | 22 kB | 8.8 kB | 16/17 kBProgress (4): 178 kB | 22 kB | 8.8 kB | 17 kB   Progress (5): 178 kB | 22 kB | 8.8 kB | 17 kB | 4.1/22 kBProgress (5): 178 kB | 22 kB | 8.8 kB | 17 kB | 8.2/22 kBProgress (5): 178 kB | 22 kB | 8.8 kB | 17 kB | 12/22 kB Progress (5): 178 kB | 22 kB | 8.8 kB | 17 kB | 16/22 kBProgress (5): 178 kB | 22 kB | 8.8 kB | 17 kB | 20/22 kBProgress (5): 178 kB | 22 kB | 8.8 kB | 17 kB | 22 kB                                                        Downloaded from central: https://repo.maven.apache.org/maven2/org/apache/maven/maven-core/2.2.1/maven-core-2.2.1.jar (178 kB at 89 kB/s)
Downloading from central: https://repo.maven.apache.org/maven2/org/apache/maven/maven-repository-metadata/2.2.1/maven-repository-metadata-2.2.1.jar
Downloaded from central: https://repo.maven.apache.org/maven2/org/apache/maven/maven-plugin-parameter-documenter/2.2.1/maven-plugin-parameter-documenter-2.2.1.jar (22 kB at 11 kB/s)
Downloaded from central: https://repo.maven.apache.org/maven2/org/slf4j/slf4j-jdk14/1.5.6/slf4j-jdk14-1.5.6.jar (8.8 kB at 4.3 kB/s)
Downloading from central: https://repo.maven.apache.org/maven2/org/apache/maven/maven-error-diagnostics/2.2.1/maven-error-diagnostics-2.2.1.jar
Downloading from central: https://repo.maven.apache.org/maven2/org/apache/maven/maven-monitor/2.2.1/maven-monitor-2.2.1.jar
Downloaded from central: https://repo.maven.apache.org/maven2/org/slf4j/jcl-over-slf4j/1.5.6/jcl-over-slf4j-1.5.6.jar (17 kB at 8.1 kB/s)
Downloaded from central: https://repo.maven.apache.org/maven2/org/slf4j/slf4j-api/1.5.6/slf4j-api-1.5.6.jar (22 kB at 11 kB/s)
Downloading from central: https://repo.maven.apache.org/maven2/classworlds/classworlds/1.1/classworlds-1.1.jar
Downloading from central: https://repo.maven.apache.org/maven2/org/apache/maven/maven-toolchain/2.2.1/maven-toolchain-2.2.1.jar
Progress (1): 4.1/26 kBProgress (1): 8.2/26 kBProgress (1): 12/26 kB Progress (1): 16/26 kBProgress (1): 20/26 kBProgress (1): 25/26 kBProgress (1): 26 kB   Progress (2): 26 kB | 4.1/10 kBProgress (2): 26 kB | 8.2/10 kBProgress (2): 26 kB | 10 kB    Progress (3): 26 kB | 10 kB | 4.1/13 kBProgress (3): 26 kB | 10 kB | 8.2/13 kBProgress (3): 26 kB | 10 kB | 12/13 kB Progress (3): 26 kB | 10 kB | 13 kB   Progress (4): 26 kB | 10 kB | 13 kB | 4.1/38 kBProgress (4): 26 kB | 10 kB | 13 kB | 8.2/38 kBProgress (4): 26 kB | 10 kB | 13 kB | 12/38 kB Progress (4): 26 kB | 10 kB | 13 kB | 16/38 kBProgress (4): 26 kB | 10 kB | 13 kB | 20/38 kBProgress (4): 26 kB | 10 kB | 13 kB | 25/38 kBProgress (4): 26 kB | 10 kB | 13 kB | 29/38 kBProgress (4): 26 kB | 10 kB | 13 kB | 33/38 kBProgress (4): 26 kB | 10 kB | 13 kB | 37/38 kBProgress (4): 26 kB | 10 kB | 13 kB | 38 kB   Progress (5): 26 kB | 10 kB | 13 kB | 38 kB | 4.1/38 kBProgress (5): 26 kB | 10 kB | 13 kB | 38 kB | 8.2/38 kBProgress (5): 26 kB | 10 kB | 13 kB | 38 kB | 12/38 kB Progress (5): 26 kB | 10 kB | 13 kB | 38 kB | 16/38 kBProgress (5): 26 kB | 10 kB | 13 kB | 38 kB | 20/38 kBProgress (5): 26 kB | 10 kB | 13 kB | 38 kB | 25/38 kBProgress (5): 26 kB | 10 kB | 13 kB | 38 kB | 29/38 kBProgress (5): 26 kB | 10 kB | 13 kB | 38 kB | 33/38 kBProgress (5): 26 kB | 10 kB | 13 kB | 38 kB | 37/38 kBProgress (5): 26 kB | 10 kB | 13 kB | 38 kB | 38 kB                                                      Downloaded from central: https://repo.maven.apache.org/maven2/org/apache/maven/maven-repository-metadata/2.2.1/maven-repository-metadata-2.2.1.jar (26 kB at 12 kB/s)
Downloading from central: https://repo.maven.apache.org/maven2/com/thoughtworks/qdox/qdox/2.0-M8/qdox-2.0-M8.jar
Downloaded from central: https://repo.maven.apache.org/maven2/org/apache/maven/maven-monitor/2.2.1/maven-monitor-2.2.1.jar (10 kB at 4.6 kB/s)
Downloaded from central: https://repo.maven.apache.org/maven2/org/apache/maven/maven-error-diagnostics/2.2.1/maven-error-diagnostics-2.2.1.jar (13 kB at 5.7 kB/s)
Downloaded from central: https://repo.maven.apache.org/maven2/classworlds/classworlds/1.1/classworlds-1.1.jar (38 kB at 16 kB/s)
Downloaded from central: https://repo.maven.apache.org/maven2/org/apache/maven/maven-toolchain/2.2.1/maven-toolchain-2.2.1.jar (38 kB at 16 kB/s)
Progress (1): 4.1/316 kBProgress (1): 8.2/316 kBProgress (1): 12/316 kB Progress (1): 16/316 kBProgress (1): 20/316 kBProgress (1): 25/316 kBProgress (1): 29/316 kBProgress (1): 33/316 kBProgress (1): 37/316 kBProgress (1): 41/316 kBProgress (1): 45/316 kBProgress (1): 49/316 kBProgress (1): 53/316 kBProgress (1): 57/316 kBProgress (1): 61/316 kBProgress (1): 66/316 kBProgress (1): 70/316 kBProgress (1): 74/316 kBProgress (1): 78/316 kBProgress (1): 82/316 kBProgress (1): 86/316 kBProgress (1): 90/316 kBProgress (1): 94/316 kBProgress (1): 98/316 kBProgress (1): 102/316 kBProgress (1): 106/316 kBProgress (1): 111/316 kBProgress (1): 115/316 kBProgress (1): 119/316 kBProgress (1): 123/316 kBProgress (1): 127/316 kBProgress (1): 131/316 kBProgress (1): 135/316 kBProgress (1): 139/316 kBProgress (1): 143/316 kBProgress (1): 147/316 kBProgress (1): 152/316 kBProgress (1): 156/316 kBProgress (1): 160/316 kBProgress (1): 164/316 kBProgress (1): 168/316 kBProgress (1): 172/316 kBProgress (1): 176/316 kBProgress (1): 180/316 kBProgress (1): 184/316 kBProgress (1): 188/316 kBProgress (1): 193/316 kBProgress (1): 197/316 kBProgress (1): 201/316 kBProgress (1): 205/316 kBProgress (1): 209/316 kBProgress (1): 213/316 kBProgress (1): 217/316 kBProgress (1): 221/316 kBProgress (1): 225/316 kBProgress (1): 229/316 kBProgress (1): 233/316 kBProgress (1): 238/316 kBProgress (1): 242/316 kBProgress (1): 246/316 kBProgress (1): 250/316 kBProgress (1): 254/316 kBProgress (1): 258/316 kBProgress (1): 262/316 kBProgress (1): 266/316 kBProgress (1): 270/316 kBProgress (1): 274/316 kBProgress (1): 279/316 kBProgress (1): 283/316 kBProgress (1): 287/316 kBProgress (1): 291/316 kBProgress (1): 295/316 kBProgress (1): 299/316 kBProgress (1): 303/316 kBProgress (1): 307/316 kBProgress (1): 311/316 kBProgress (1): 315/316 kBProgress (1): 316 kB                        Downloaded from central: https://repo.maven.apache.org/maven2/com/thoughtworks/qdox/qdox/2.0-M8/qdox-2.0-M8.jar (316 kB at 123 kB/s)
Downloading from central: https://repo.maven.apache.org/maven2/org/apache/maven/surefire/surefire-junit-platform/2.22.2/surefire-junit-platform-2.22.2.pom
Progress (1): 4.1/7.0 kBProgress (1): 7.0 kB                        Downloaded from central: https://repo.maven.apache.org/maven2/org/apache/maven/surefire/surefire-junit-platform/2.22.2/surefire-junit-platform-2.22.2.pom (7.0 kB at 30 kB/s)
Downloading from central: https://repo.maven.apache.org/maven2/org/apache/maven/surefire/surefire-providers/2.22.2/surefire-providers-2.22.2.pom
Progress (1): 2.5 kB                    Downloaded from central: https://repo.maven.apache.org/maven2/org/apache/maven/surefire/surefire-providers/2.22.2/surefire-providers-2.22.2.pom (2.5 kB at 11 kB/s)
Downloading from central: https://repo.maven.apache.org/maven2/org/junit/platform/junit-platform-launcher/1.3.1/junit-platform-launcher-1.3.1.pom
Progress (1): 2.2 kB                    Downloaded from central: https://repo.maven.apache.org/maven2/org/junit/platform/junit-platform-launcher/1.3.1/junit-platform-launcher-1.3.1.pom (2.2 kB at 9.6 kB/s)
Downloading from central: https://repo.maven.apache.org/maven2/org/apiguardian/apiguardian-api/1.0.0/apiguardian-api-1.0.0.pom
Progress (1): 1.2 kB                    Downloaded from central: https://repo.maven.apache.org/maven2/org/apiguardian/apiguardian-api/1.0.0/apiguardian-api-1.0.0.pom (1.2 kB at 5.1 kB/s)
Downloading from central: https://repo.maven.apache.org/maven2/org/junit/platform/junit-platform-engine/1.3.1/junit-platform-engine-1.3.1.pom
Progress (1): 2.4 kB                    Downloaded from central: https://repo.maven.apache.org/maven2/org/junit/platform/junit-platform-engine/1.3.1/junit-platform-engine-1.3.1.pom (2.4 kB at 10 kB/s)
Downloading from central: https://repo.maven.apache.org/maven2/org/junit/platform/junit-platform-commons/1.3.1/junit-platform-commons-1.3.1.pom
Progress (1): 2.0 kB                    Downloaded from central: https://repo.maven.apache.org/maven2/org/junit/platform/junit-platform-commons/1.3.1/junit-platform-commons-1.3.1.pom (2.0 kB at 8.8 kB/s)
Downloading from central: https://repo.maven.apache.org/maven2/org/opentest4j/opentest4j/1.1.1/opentest4j-1.1.1.pom
Progress (1): 1.7 kB                    Downloaded from central: https://repo.maven.apache.org/maven2/org/opentest4j/opentest4j/1.1.1/opentest4j-1.1.1.pom (1.7 kB at 7.2 kB/s)
Downloading from central: https://repo.maven.apache.org/maven2/org/apache/maven/surefire/surefire-junit-platform/2.22.2/surefire-junit-platform-2.22.2.jar
Downloading from central: https://repo.maven.apache.org/maven2/org/apiguardian/apiguardian-api/1.0.0/apiguardian-api-1.0.0.jar
Downloading from central: https://repo.maven.apache.org/maven2/org/junit/platform/junit-platform-engine/1.3.1/junit-platform-engine-1.3.1.jar
Downloading from central: https://repo.maven.apache.org/maven2/org/junit/platform/junit-platform-commons/1.3.1/junit-platform-commons-1.3.1.jar
Downloading from central: https://repo.maven.apache.org/maven2/org/junit/platform/junit-platform-launcher/1.3.1/junit-platform-launcher-1.3.1.jar
Progress (1): 2.2 kBProgress (2): 2.2 kB | 4.1/78 kBProgress (2): 2.2 kB | 8.2/78 kBProgress (2): 2.2 kB | 12/78 kB Progress (2): 2.2 kB | 16/78 kBProgress (2): 2.2 kB | 20/78 kBProgress (2): 2.2 kB | 25/78 kBProgress (3): 2.2 kB | 25/78 kB | 4.1/135 kBProgress (3): 2.2 kB | 25/78 kB | 8.2/135 kBProgress (3): 2.2 kB | 25/78 kB | 12/135 kB Progress (3): 2.2 kB | 25/78 kB | 16/135 kBProgress (3): 2.2 kB | 29/78 kB | 16/135 kBProgress (3): 2.2 kB | 33/78 kB | 16/135 kBProgress (3): 2.2 kB | 37/78 kB | 16/135 kBProgress (3): 2.2 kB | 41/78 kB | 16/135 kBProgress (3): 2.2 kB | 41/78 kB | 20/135 kBProgress (3): 2.2 kB | 41/78 kB | 25/135 kBProgress (3): 2.2 kB | 41/78 kB | 29/135 kBProgress (3): 2.2 kB | 41/78 kB | 33/135 kBProgress (3): 2.2 kB | 45/78 kB | 33/135 kBProgress (3): 2.2 kB | 49/78 kB | 33/135 kBProgress (3): 2.2 kB | 53/78 kB | 33/135 kBProgress (3): 2.2 kB | 57/78 kB | 33/135 kBProgress (3): 2.2 kB | 61/78 kB | 33/135 kBProgress (3): 2.2 kB | 66/78 kB | 33/135 kBProgress (3): 2.2 kB | 66/78 kB | 37/135 kBProgress (4): 2.2 kB | 66/78 kB | 37/135 kB | 4.1/95 kBProgress (4): 2.2 kB | 66/78 kB | 37/135 kB | 8.2/95 kBProgress (4): 2.2 kB | 66/78 kB | 37/135 kB | 12/95 kB Progress (4): 2.2 kB | 66/78 kB | 37/135 kB | 16/95 kBProgress (5): 2.2 kB | 66/78 kB | 37/135 kB | 16/95 kB | 4.1/66 kBProgress (5): 2.2 kB | 66/78 kB | 37/135 kB | 16/95 kB | 8.2/66 kBProgress (5): 2.2 kB | 66/78 kB | 37/135 kB | 16/95 kB | 12/66 kB Progress (5): 2.2 kB | 66/78 kB | 37/135 kB | 16/95 kB | 16/66 kBProgress (5): 2.2 kB | 66/78 kB | 37/135 kB | 20/95 kB | 16/66 kBProgress (5): 2.2 kB | 66/78 kB | 37/135 kB | 25/95 kB | 16/66 kBProgress (5): 2.2 kB | 66/78 kB | 37/135 kB | 29/95 kB | 16/66 kBProgress (5): 2.2 kB | 66/78 kB | 37/135 kB | 33/95 kB | 16/66 kBProgress (5): 2.2 kB | 66/78 kB | 41/135 kB | 33/95 kB | 16/66 kBProgress (5): 2.2 kB | 66/78 kB | 45/135 kB | 33/95 kB | 16/66 kBProgress (5): 2.2 kB | 66/78 kB | 45/135 kB | 33/95 kB | 20/66 kBProgress (5): 2.2 kB | 66/78 kB | 45/135 kB | 33/95 kB | 25/66 kBProgress (5): 2.2 kB | 66/78 kB | 45/135 kB | 33/95 kB | 29/66 kBProgress (5): 2.2 kB | 66/78 kB | 45/135 kB | 33/95 kB | 33/66 kBProgress (5): 2.2 kB | 66/78 kB | 45/135 kB | 37/95 kB | 33/66 kBProgress (5): 2.2 kB | 66/78 kB | 45/135 kB | 41/95 kB | 33/66 kBProgress (5): 2.2 kB | 66/78 kB | 45/135 kB | 45/95 kB | 33/66 kBProgress (5): 2.2 kB | 66/78 kB | 45/135 kB | 49/95 kB | 33/66 kBProgress (5): 2.2 kB | 66/78 kB | 49/135 kB | 49/95 kB | 33/66 kBProgress (5): 2.2 kB | 66/78 kB | 53/135 kB | 49/95 kB | 33/66 kBProgress (5): 2.2 kB | 66/78 kB | 57/135 kB | 49/95 kB | 33/66 kBProgress (5): 2.2 kB | 66/78 kB | 61/135 kB | 49/95 kB | 33/66 kBProgress (5): 2.2 kB | 66/78 kB | 66/135 kB | 49/95 kB | 33/66 kBProgress (5): 2.2 kB | 66/78 kB | 70/135 kB | 49/95 kB | 33/66 kBProgress (5): 2.2 kB | 66/78 kB | 74/135 kB | 49/95 kB | 33/66 kBProgress (5): 2.2 kB | 66/78 kB | 78/135 kB | 49/95 kB | 33/66 kBProgress (5): 2.2 kB | 66/78 kB | 82/135 kB | 49/95 kB | 33/66 kBProgress (5): 2.2 kB | 66/78 kB | 86/135 kB | 49/95 kB | 33/66 kBProgress (5): 2.2 kB | 66/78 kB | 90/135 kB | 49/95 kB | 33/66 kBProgress (5): 2.2 kB | 66/78 kB | 94/135 kB | 49/95 kB | 33/66 kBProgress (5): 2.2 kB | 66/78 kB | 98/135 kB | 49/95 kB | 33/66 kBProgress (5): 2.2 kB | 66/78 kB | 102/135 kB | 49/95 kB | 33/66 kBProgress (5): 2.2 kB | 70/78 kB | 102/135 kB | 49/95 kB | 33/66 kBProgress (5): 2.2 kB | 74/78 kB | 102/135 kB | 49/95 kB | 33/66 kBProgress (5): 2.2 kB | 78/78 kB | 102/135 kB | 49/95 kB | 33/66 kBProgress (5): 2.2 kB | 78 kB | 102/135 kB | 49/95 kB | 33/66 kB   Progress (5): 2.2 kB | 78 kB | 102/135 kB | 53/95 kB | 33/66 kBProgress (5): 2.2 kB | 78 kB | 102/135 kB | 57/95 kB | 33/66 kBProgress (5): 2.2 kB | 78 kB | 102/135 kB | 61/95 kB | 33/66 kBProgress (5): 2.2 kB | 78 kB | 102/135 kB | 66/95 kB | 33/66 kBProgress (5): 2.2 kB | 78 kB | 102/135 kB | 70/95 kB | 33/66 kBProgress (5): 2.2 kB | 78 kB | 102/135 kB | 74/95 kB | 33/66 kBProgress (5): 2.2 kB | 78 kB | 102/135 kB | 78/95 kB | 33/66 kBProgress (5): 2.2 kB | 78 kB | 102/135 kB | 82/95 kB | 33/66 kBProgress (5): 2.2 kB | 78 kB | 102/135 kB | 86/95 kB | 33/66 kBProgress (5): 2.2 kB | 78 kB | 102/135 kB | 90/95 kB | 33/66 kBProgress (5): 2.2 kB | 78 kB | 102/135 kB | 94/95 kB | 33/66 kBProgress (5): 2.2 kB | 78 kB | 102/135 kB | 95 kB | 33/66 kB   Progress (5): 2.2 kB | 78 kB | 102/135 kB | 95 kB | 37/66 kBProgress (5): 2.2 kB | 78 kB | 102/135 kB | 95 kB | 41/66 kBProgress (5): 2.2 kB | 78 kB | 102/135 kB | 95 kB | 45/66 kBProgress (5): 2.2 kB | 78 kB | 102/135 kB | 95 kB | 49/66 kBProgress (5): 2.2 kB | 78 kB | 102/135 kB | 95 kB | 53/66 kBProgress (5): 2.2 kB | 78 kB | 102/135 kB | 95 kB | 57/66 kBProgress (5): 2.2 kB | 78 kB | 102/135 kB | 95 kB | 61/66 kBProgress (5): 2.2 kB | 78 kB | 102/135 kB | 95 kB | 66/66 kBProgress (5): 2.2 kB | 78 kB | 102/135 kB | 95 kB | 66 kB   Progress (5): 2.2 kB | 78 kB | 106/135 kB | 95 kB | 66 kBProgress (5): 2.2 kB | 78 kB | 111/135 kB | 95 kB | 66 kBProgress (5): 2.2 kB | 78 kB | 115/135 kB | 95 kB | 66 kBProgress (5): 2.2 kB | 78 kB | 119/135 kB | 95 kB | 66 kBProgress (5): 2.2 kB | 78 kB | 123/135 kB | 95 kB | 66 kBProgress (5): 2.2 kB | 78 kB | 127/135 kB | 95 kB | 66 kBProgress (5): 2.2 kB | 78 kB | 131/135 kB | 95 kB | 66 kBProgress (5): 2.2 kB | 78 kB | 135 kB | 95 kB | 66 kB                                                         Downloaded from central: https://repo.maven.apache.org/maven2/org/apiguardian/apiguardian-api/1.0.0/apiguardian-api-1.0.0.jar (2.2 kB at 9.3 kB/s)
Downloading from central: https://repo.maven.apache.org/maven2/org/opentest4j/opentest4j/1.1.1/opentest4j-1.1.1.jar
Downloaded from central: https://repo.maven.apache.org/maven2/org/junit/platform/junit-platform-commons/1.3.1/junit-platform-commons-1.3.1.jar (78 kB at 292 kB/s)
Downloaded from central: https://repo.maven.apache.org/maven2/org/junit/platform/junit-platform-launcher/1.3.1/junit-platform-launcher-1.3.1.jar (95 kB at 352 kB/s)
Downloaded from central: https://repo.maven.apache.org/maven2/org/apache/maven/surefire/surefire-junit-platform/2.22.2/surefire-junit-platform-2.22.2.jar (66 kB at 235 kB/s)
Downloaded from central: https://repo.maven.apache.org/maven2/org/junit/platform/junit-platform-engine/1.3.1/junit-platform-engine-1.3.1.jar (135 kB at 472 kB/s)
Progress (1): 4.1/7.1 kBProgress (1): 7.1 kB                        Downloaded from central: https://repo.maven.apache.org/maven2/org/opentest4j/opentest4j/1.1.1/opentest4j-1.1.1.jar (7.1 kB at 30 kB/s)
[INFO] 
[INFO] -------------------------------------------------------
[INFO]  T E S T S
[INFO] -------------------------------------------------------
[INFO] Running com.student.api.ApiApplicationTests
07:07:12.296 [main] DEBUG org.springframework.test.context.BootstrapUtils - Instantiating CacheAwareContextLoaderDelegate from class [org.springframework.test.context.cache.DefaultCacheAwareContextLoaderDelegate]
07:07:12.318 [main] DEBUG org.springframework.test.context.BootstrapUtils - Instantiating BootstrapContext using constructor [public org.springframework.test.context.support.DefaultBootstrapContext(java.lang.Class,org.springframework.test.context.CacheAwareContextLoaderDelegate)]
07:07:12.390 [main] DEBUG org.springframework.test.context.BootstrapUtils - Instantiating TestContextBootstrapper for test class [com.student.api.ApiApplicationTests] from class [org.springframework.boot.test.context.SpringBootTestContextBootstrapper]
07:07:12.415 [main] INFO org.springframework.boot.test.context.SpringBootTestContextBootstrapper - Neither @ContextConfiguration nor @ContextHierarchy found for test class [com.student.api.ApiApplicationTests], using SpringBootContextLoader
07:07:12.427 [main] DEBUG org.springframework.test.context.support.AbstractContextLoader - Did not detect default resource location for test class [com.student.api.ApiApplicationTests]: class path resource [com/student/api/ApiApplicationTests-context.xml] does not exist
07:07:12.430 [main] DEBUG org.springframework.test.context.support.AbstractContextLoader - Did not detect default resource location for test class [com.student.api.ApiApplicationTests]: class path resource [com/student/api/ApiApplicationTestsContext.groovy] does not exist
07:07:12.431 [main] INFO org.springframework.test.context.support.AbstractContextLoader - Could not detect default resource locations for test class [com.student.api.ApiApplicationTests]: no resource found for suffixes {-context.xml, Context.groovy}.
07:07:12.433 [main] INFO org.springframework.test.context.support.AnnotationConfigContextLoaderUtils - Could not detect default configuration classes for test class [com.student.api.ApiApplicationTests]: ApiApplicationTests does not declare any static, non-private, non-final, nested classes annotated with @Configuration.
07:07:12.575 [main] DEBUG org.springframework.test.context.support.ActiveProfilesUtils - Could not find an 'annotation declaring class' for annotation type [org.springframework.test.context.ActiveProfiles] and class [com.student.api.ApiApplicationTests]
07:07:12.691 [main] DEBUG org.springframework.context.annotation.ClassPathScanningCandidateComponentProvider - Identified candidate component class: file [/home/ubuntu/root/target/classes/com/student/api/ApiApplication.class]
07:07:12.692 [main] INFO org.springframework.boot.test.context.SpringBootTestContextBootstrapper - Found @SpringBootConfiguration com.student.api.ApiApplication for test class com.student.api.ApiApplicationTests
07:07:12.876 [main] DEBUG org.springframework.boot.test.context.SpringBootTestContextBootstrapper - @TestExecutionListeners is not present for class [com.student.api.ApiApplicationTests]: using defaults.
07:07:12.877 [main] INFO org.springframework.boot.test.context.SpringBootTestContextBootstrapper - Loaded default TestExecutionListener class names from location [META-INF/spring.factories]: [org.springframework.boot.test.autoconfigure.restdocs.RestDocsTestExecutionListener, org.springframework.boot.test.autoconfigure.web.client.MockRestServiceServerResetTestExecutionListener, org.springframework.boot.test.autoconfigure.web.servlet.MockMvcPrintOnlyOnFailureTestExecutionListener, org.springframework.boot.test.autoconfigure.web.servlet.WebDriverTestExecutionListener, org.springframework.boot.test.autoconfigure.webservices.client.MockWebServiceServerTestExecutionListener, org.springframework.test.context.web.ServletTestExecutionListener, org.springframework.test.context.support.DirtiesContextBeforeModesTestExecutionListener, org.springframework.test.context.event.ApplicationEventsTestExecutionListener, org.springframework.test.context.support.DependencyInjectionTestExecutionListener, org.springframework.test.context.support.DirtiesContextTestExecutionListener, org.springframework.test.context.transaction.TransactionalTestExecutionListener, org.springframework.test.context.jdbc.SqlScriptsTestExecutionListener, org.springframework.test.context.event.EventPublishingTestExecutionListener, org.springframework.boot.test.mock.mockito.MockitoTestExecutionListener, org.springframework.boot.test.mock.mockito.ResetMocksTestExecutionListener]
07:07:12.922 [main] INFO org.springframework.boot.test.context.SpringBootTestContextBootstrapper - Using TestExecutionListeners: [org.springframework.test.context.web.ServletTestExecutionListener@5ba88be8, org.springframework.test.context.support.DirtiesContextBeforeModesTestExecutionListener@56928307, org.springframework.test.context.event.ApplicationEventsTestExecutionListener@3899782c, org.springframework.boot.test.mock.mockito.MockitoTestExecutionListener@1603cd68, org.springframework.boot.test.autoconfigure.SpringBootDependencyInjectionTestExecutionListener@9ebe38b, org.springframework.test.context.support.DirtiesContextTestExecutionListener@4b23c30a, org.springframework.test.context.transaction.TransactionalTestExecutionListener@38089a5a, org.springframework.test.context.jdbc.SqlScriptsTestExecutionListener@30e868be, org.springframework.test.context.event.EventPublishingTestExecutionListener@66c92293, org.springframework.boot.test.autoconfigure.restdocs.RestDocsTestExecutionListener@332796d3, org.springframework.boot.test.autoconfigure.web.client.MockRestServiceServerResetTestExecutionListener@4f0100a7, org.springframework.boot.test.autoconfigure.web.servlet.MockMvcPrintOnlyOnFailureTestExecutionListener@3cdf2c61, org.springframework.boot.test.autoconfigure.web.servlet.WebDriverTestExecutionListener@13ad5cd3, org.springframework.boot.test.autoconfigure.webservices.client.MockWebServiceServerTestExecutionListener@1c33c17b, org.springframework.boot.test.mock.mockito.ResetMocksTestExecutionListener@5bf0fe62]
07:07:12.943 [main] DEBUG org.springframework.test.context.support.AbstractDirtiesContextTestExecutionListener - Before test class: context [DefaultTestContext@32c726ee testClass = ApiApplicationTests, testInstance = [null], testMethod = [null], testException = [null], mergedContextConfiguration = [WebMergedContextConfiguration@22f31dec testClass = ApiApplicationTests, locations = '{}', classes = '{class com.student.api.ApiApplication}', contextInitializerClasses = '[]', activeProfiles = '{}', propertySourceLocations = '{}', propertySourceProperties = '{org.springframework.boot.test.context.SpringBootTestContextBootstrapper=true}', contextCustomizers = set[org.springframework.boot.test.autoconfigure.actuate.metrics.MetricsExportContextCustomizerFactory$DisableMetricExportContextCustomizer@bae7dc0, org.springframework.boot.test.autoconfigure.properties.PropertyMappingContextCustomizer@4b3fa0b3, org.springframework.boot.test.autoconfigure.web.servlet.WebDriverContextCustomizerFactory$Customizer@53ce1329, [ImportsContextCustomizer@34c01041 key = [org.springframework.boot.test.autoconfigure.web.servlet.MockMvcAutoConfiguration, org.springframework.boot.test.autoconfigure.web.servlet.MockMvcWebClientAutoConfiguration, org.springframework.boot.test.autoconfigure.web.servlet.MockMvcWebDriverAutoConfiguration, org.springframework.boot.autoconfigure.security.oauth2.client.servlet.OAuth2ClientAutoConfiguration, org.springframework.boot.autoconfigure.security.oauth2.resource.servlet.OAuth2ResourceServerAutoConfiguration, org.springframework.boot.autoconfigure.security.servlet.SecurityAutoConfiguration, org.springframework.boot.autoconfigure.security.servlet.SecurityFilterAutoConfiguration, org.springframework.boot.autoconfigure.security.servlet.UserDetailsServiceAutoConfiguration, org.springframework.boot.test.autoconfigure.web.servlet.MockMvcSecurityConfiguration]], org.springframework.boot.test.context.filter.ExcludeFilterContextCustomizer@5677323c, org.springframework.boot.test.json.DuplicateJsonObjectContextCustomizerFactory$DuplicateJsonObjectContextCustomizer@4d154ccd, org.springframework.boot.test.mock.mockito.MockitoContextCustomizer@0, org.springframework.boot.test.web.client.TestRestTemplateContextCustomizer@4145bad8, org.springframework.boot.test.context.SpringBootTestArgs@1, org.springframework.boot.test.context.SpringBootTestWebEnvironment@64485a47], resourceBasePath = 'src/main/webapp', contextLoader = 'org.springframework.boot.test.context.SpringBootContextLoader', parent = [null]], attributes = map['org.springframework.test.context.web.ServletTestExecutionListener.activateListener' -> true]], class annotated with @DirtiesContext [false] with mode [null].
07:07:13.075 [main] DEBUG org.springframework.test.context.support.TestPropertySourceUtils - Adding inlined properties to environment: {spring.jmx.enabled=false, org.springframework.boot.test.context.SpringBootTestContextBootstrapper=true}

  .   ____          _            __ _ _
 /\\ / ___'_ __ _ _(_)_ __  __ _ \ \ \ \
( ( )\___ | '_ | '_| | '_ \/ _` | \ \ \ \
 \\/  ___)| |_)| | | | | || (_| |  ) ) ) )
  '  |____| .__|_| |_|_| |_\__, | / / / /
 =========|_|==============|___/=/_/_/_/
 :: Spring Boot ::                (v2.4.2)

2021-02-28 07:07:13.781  INFO 24027 --- [           main] com.student.api.ApiApplicationTests      : Starting ApiApplicationTests using Java 11.0.10 on ip-172-31-6-87 with PID 24027 (started by ubuntu in /home/ubuntu/root)
2021-02-28 07:07:13.788  INFO 24027 --- [           main] com.student.api.ApiApplicationTests      : No active profile set, falling back to default profiles: default
2021-02-28 07:07:15.435  INFO 24027 --- [           main] .s.d.r.c.RepositoryConfigurationDelegate : Multiple Spring Data modules found, entering strict repository configuration mode!
2021-02-28 07:07:15.443  INFO 24027 --- [           main] .s.d.r.c.RepositoryConfigurationDelegate : Bootstrapping Spring Data JDBC repositories in DEFAULT mode.
2021-02-28 07:07:15.470  INFO 24027 --- [           main] .s.d.r.c.RepositoryConfigurationDelegate : Finished Spring Data repository scanning in 18 ms. Found 0 JDBC repository interfaces.
2021-02-28 07:07:15.497  INFO 24027 --- [           main] .s.d.r.c.RepositoryConfigurationDelegate : Multiple Spring Data modules found, entering strict repository configuration mode!
2021-02-28 07:07:15.500  INFO 24027 --- [           main] .s.d.r.c.RepositoryConfigurationDelegate : Bootstrapping Spring Data JPA repositories in DEFAULT mode.
2021-02-28 07:07:15.515  INFO 24027 --- [           main] .s.d.r.c.RepositoryConfigurationDelegate : Finished Spring Data repository scanning in 8 ms. Found 0 JPA repository interfaces.
2021-02-28 07:07:16.896  INFO 24027 --- [           main] o.hibernate.jpa.internal.util.LogHelper  : HHH000204: Processing PersistenceUnitInfo [name: default]
2021-02-28 07:07:17.029  INFO 24027 --- [           main] org.hibernate.Version                    : HHH000412: Hibernate ORM core version 5.4.27.Final
2021-02-28 07:07:17.306  INFO 24027 --- [           main] o.hibernate.annotations.common.Version   : HCANN000001: Hibernate Commons Annotations {5.1.2.Final}
2021-02-28 07:07:17.519  INFO 24027 --- [           main] com.zaxxer.hikari.HikariDataSource       : HikariPool-1 - Starting...
2021-02-28 07:07:17.875  INFO 24027 --- [           main] com.zaxxer.hikari.HikariDataSource       : HikariPool-1 - Start completed.
2021-02-28 07:07:17.949  INFO 24027 --- [           main] org.hibernate.dialect.Dialect            : HHH000400: Using dialect: org.hibernate.dialect.H2Dialect
2021-02-28 07:07:19.487  INFO 24027 --- [           main] o.h.e.t.j.p.i.JtaPlatformInitiator       : HHH000490: Using JtaPlatform implementation: [org.hibernate.engine.transaction.jta.platform.internal.NoJtaPlatform]
2021-02-28 07:07:19.504  INFO 24027 --- [           main] j.LocalContainerEntityManagerFactoryBean : Initialized JPA EntityManagerFactory for persistence unit 'default'
2021-02-28 07:07:20.296  WARN 24027 --- [           main] JpaBaseConfiguration$JpaWebConfiguration : spring.jpa.open-in-view is enabled by default. Therefore, database queries may be performed during view rendering. Explicitly configure spring.jpa.open-in-view to disable this warning
2021-02-28 07:07:21.224  INFO 24027 --- [           main] o.s.s.concurrent.ThreadPoolTaskExecutor  : Initializing ExecutorService 'applicationTaskExecutor'
2021-02-28 07:07:22.142  INFO 24027 --- [           main] o.s.b.t.m.w.SpringBootMockServletContext : Initializing Spring TestDispatcherServlet ''
2021-02-28 07:07:22.144  INFO 24027 --- [           main] o.s.t.web.servlet.TestDispatcherServlet  : Initializing Servlet ''
2021-02-28 07:07:22.145  INFO 24027 --- [           main] o.s.t.web.servlet.TestDispatcherServlet  : Completed initialization in 1 ms
2021-02-28 07:07:22.187  INFO 24027 --- [           main] com.student.api.ApiApplicationTests      : Started ApiApplicationTests in 9.091 seconds (JVM running for 11.708)
[ERROR] Tests run: 4, Failures: 0, Errors: 4, Skipped: 0, Time elapsed: 10.841 s <<< FAILURE! - in com.student.api.ApiApplicationTests
[ERROR] deleteStudentTest  Time elapsed: 0.636 s  <<< ERROR!
org.springframework.web.util.NestedServletException: Request processing failed; nested exception is org.springframework.dao.InvalidDataAccessApiUsageException: SQL [delete from student where id=?]: given 1 parameters but expected 0
	at com.student.api.ApiApplicationTests.deleteStudentTest(ApiApplicationTests.java:79)
Caused by: org.springframework.dao.InvalidDataAccessApiUsageException: SQL [delete from student where id=?]: given 1 parameters but expected 0
	at com.student.api.ApiApplicationTests.deleteStudentTest(ApiApplicationTests.java:79)

[ERROR] createStudentTest  Time elapsed: 0.012 s  <<< ERROR!
org.springframework.web.util.NestedServletException: Request processing failed; nested exception is org.springframework.dao.InvalidDataAccessApiUsageException: SQL [delete from student where id=?]: given 1 parameters but expected 0
	at com.student.api.ApiApplicationTests.createStudentTest(ApiApplicationTests.java:46)
Caused by: org.springframework.dao.InvalidDataAccessApiUsageException: SQL [delete from student where id=?]: given 1 parameters but expected 0
	at com.student.api.ApiApplicationTests.createStudentTest(ApiApplicationTests.java:46)

[ERROR] updateStudentTest  Time elapsed: 0.019 s  <<< ERROR!
org.springframework.web.util.NestedServletException: Request processing failed; nested exception is org.springframework.dao.InvalidDataAccessApiUsageException: SQL [delete from student where id=?]: given 1 parameters but expected 0
	at com.student.api.ApiApplicationTests.updateStudentTest(ApiApplicationTests.java:58)
Caused by: org.springframework.dao.InvalidDataAccessApiUsageException: SQL [delete from student where id=?]: given 1 parameters but expected 0
	at com.student.api.ApiApplicationTests.updateStudentTest(ApiApplicationTests.java:58)

[ERROR] getAllStudentTest  Time elapsed: 0.01 s  <<< ERROR!
org.springframework.web.util.NestedServletException: Request processing failed; nested exception is org.springframework.dao.InvalidDataAccessApiUsageException: SQL [delete from student where id=?]: given 1 parameters but expected 0
	at com.student.api.ApiApplicationTests.getAllStudentTest(ApiApplicationTests.java:94)
Caused by: org.springframework.dao.InvalidDataAccessApiUsageException: SQL [delete from student where id=?]: given 1 parameters but expected 0
	at com.student.api.ApiApplicationTests.getAllStudentTest(ApiApplicationTests.java:94)

2021-02-28 07:07:23.043  INFO 24027 --- [extShutdownHook] o.s.s.concurrent.ThreadPoolTaskExecutor  : Shutting down ExecutorService 'applicationTaskExecutor'
2021-02-28 07:07:23.044  INFO 24027 --- [extShutdownHook] j.LocalContainerEntityManagerFactoryBean : Closing JPA EntityManagerFactory for persistence unit 'default'
2021-02-28 07:07:23.051  INFO 24027 --- [extShutdownHook] com.zaxxer.hikari.HikariDataSource       : HikariPool-1 - Shutdown initiated...
2021-02-28 07:07:23.067  INFO 24027 --- [extShutdownHook] com.zaxxer.hikari.HikariDataSource       : HikariPool-1 - Shutdown completed.
[INFO] 
[INFO] Results:
[INFO] 
[ERROR] Errors: 
[ERROR]   ApiApplicationTests.createStudentTest:46  NestedServlet Request processing fa...
[ERROR]   ApiApplicationTests.deleteStudentTest:79  NestedServlet Request processing fa...
[ERROR]   ApiApplicationTests.getAllStudentTest:94  NestedServlet Request processing fa...
[ERROR]   ApiApplicationTests.updateStudentTest:58  NestedServlet Request processing fa...
[INFO] 
[ERROR] Tests run: 4, Failures: 0, Errors: 4, Skipped: 0
[INFO] 
[INFO] ------------------------------------------------------------------------
[INFO] BUILD FAILURE
[INFO] ------------------------------------------------------------------------
[INFO] Total time:  28.593 s
[INFO] Finished at: 2021-02-28T07:07:23Z
[INFO] ------------------------------------------------------------------------
[ERROR] Failed to execute goal org.apache.maven.plugins:maven-surefire-plugin:2.22.2:test (default-test) on project api: There are test failures.
[ERROR] 
[ERROR] Please refer to /home/ubuntu/root/target/surefire-reports for the individual test results.
[ERROR] Please refer to dump files (if any exist) [date].dump, [date]-jvmRun[N].dump and [date].dumpstream.
[ERROR] -> [Help 1]
[ERROR] 
[ERROR] To see the full stack trace of the errors, re-run Maven with the -e switch.
[ERROR] Re-run Maven using the -X switch to enable full debug logging.
[ERROR] 
[ERROR] For more information about the errors and possible solutions, please read the following articles:
[ERROR] [Help 1] http://cwiki.apache.org/confluence/display/MAVEN/MojoFailureException
